<?xml version="1.0" encoding="UTF-8"?>
<testsuite xmlns:xsi="http://www.w3.org/2001/XMLSchema-instance" xsi:noNamespaceSchemaLocation="https://maven.apache.org/surefire/maven-surefire-plugin/xsd/surefire-test-report-3.0.xsd" version="3.0" name="Runner.TestRunner" time="87.933" tests="6" errors="5" skipped="0" failures="0">
  <properties>
[...]
</properties>
  <testcase name="validate google search is working" classname="feature to test google search functionality" time="27.911">
    <error message="disconnected: Unable to receive message from renderer&#10;  (failed to check if window was closed: disconnected: not connected to DevTools)&#10;  (Session info: chrome=120.0.6099.130)&#10;Build info: version: &apos;4.16.1&apos;, revision: &apos;9b4c83354e&apos;&#10;System info: os.name: &apos;Windows 10&apos;, os.arch: &apos;amd64&apos;, os.version: &apos;10.0&apos;, java.version: &apos;21.0.1&apos;&#10;Driver info: org.openqa.selenium.chrome.ChromeDriver&#10;Command: [da02aec56acf8ee95df6f22e2e9d6ed3, close {}]&#10;Capabilities {acceptInsecureCerts: false, browserName: chrome, browserVersion: 120.0.6099.130, chrome: {chromedriverVersion: 120.0.6099.109 (3419140ab66..., userDataDir: C:\Users\info\AppData\Local...}, fedcm:accounts: true, goog:chromeOptions: {debuggerAddress: localhost:51956}, networkConnectionEnabled: false, pageLoadStrategy: normal, platformName: windows, proxy: Proxy(), se:cdp: ws://localhost:51956/devtoo..., se:cdpVersion: 120.0.6099.130, setWindowRect: true, strictFileInteractability: false, timeouts: {implicit: 0, pageLoad: 300000, script: 30000}, unhandledPromptBehavior: dismiss and notify, webauthn:extension:credBlob: true, webauthn:extension:largeBlob: true, webauthn:extension:minPinLength: true, webauthn:extension:prf: true, webauthn:virtualAuthenticators: true}&#10;Session ID: da02aec56acf8ee95df6f22e2e9d6ed3" type="org.openqa.selenium.WebDriverException"><![CDATA[org.openqa.selenium.WebDriverException: 
disconnected: Unable to receive message from renderer
  (failed to check if window was closed: disconnected: not connected to DevTools)
  (Session info: chrome=120.0.6099.130)
Build info: version: '4.16.1', revision: '9b4c83354e'
System info: os.name: 'Windows 10', os.arch: 'amd64', os.version: '10.0', java.version: '21.0.1'
Driver info: org.openqa.selenium.chrome.ChromeDriver
Command: [da02aec56acf8ee95df6f22e2e9d6ed3, close {}]
Capabilities {acceptInsecureCerts: false, browserName: chrome, browserVersion: 120.0.6099.130, chrome: {chromedriverVersion: 120.0.6099.109 (3419140ab66..., userDataDir: C:\Users\info\AppData\Local...}, fedcm:accounts: true, goog:chromeOptions: {debuggerAddress: localhost:51956}, networkConnectionEnabled: false, pageLoadStrategy: normal, platformName: windows, proxy: Proxy(), se:cdp: ws://localhost:51956/devtoo..., se:cdpVersion: 120.0.6099.130, setWindowRect: true, strictFileInteractability: false, timeouts: {implicit: 0, pageLoad: 300000, script: 30000}, unhandledPromptBehavior: dismiss and notify, webauthn:extension:credBlob: true, webauthn:extension:largeBlob: true, webauthn:extension:minPinLength: true, webauthn:extension:prf: true, webauthn:virtualAuthenticators: true}
Session ID: da02aec56acf8ee95df6f22e2e9d6ed3
	at java.base/jdk.internal.reflect.DirectConstructorHandleAccessor.newInstance(DirectConstructorHandleAccessor.java:62)
	at java.base/java.lang.reflect.Constructor.newInstanceWithCaller(Constructor.java:502)
	at java.base/java.lang.reflect.Constructor.newInstance(Constructor.java:486)
	at org.openqa.selenium.remote.codec.w3c.W3CHttpResponseCodec.createException(W3CHttpResponseCodec.java:200)
	at org.openqa.selenium.remote.codec.w3c.W3CHttpResponseCodec.decode(W3CHttpResponseCodec.java:133)
	at org.openqa.selenium.remote.codec.w3c.W3CHttpResponseCodec.decode(W3CHttpResponseCodec.java:52)
	at org.openqa.selenium.remote.HttpCommandExecutor.execute(HttpCommandExecutor.java:191)
	at org.openqa.selenium.remote.service.DriverCommandExecutor.invokeExecute(DriverCommandExecutor.java:200)
	at org.openqa.selenium.remote.service.DriverCommandExecutor.execute(DriverCommandExecutor.java:175)
	at org.openqa.selenium.remote.RemoteWebDriver.execute(RemoteWebDriver.java:523)
	at org.openqa.selenium.remote.RemoteWebDriver.execute(RemoteWebDriver.java:596)
	at org.openqa.selenium.remote.RemoteWebDriver.execute(RemoteWebDriver.java:600)
	at org.openqa.selenium.remote.RemoteWebDriver.close(RemoteWebDriver.java:410)
	at com.sdetadda.allure.GoogleSearch.user_is_navigated_to_search_results(GoogleSearch.java:55)
	at ✽.user is navigated to search results(file:///C:/Users/info/eclipse-workspace/AllureReportDemo/src/test/resources/Features/GoogleSearch.feature:15)
]]></error>
    <system-out><![CDATA[
@google @search @severity=blocker @issue=6 @tmsLink=45678
Scenario: validate google search is working # src/test/resources/Features/GoogleSearch.feature:10
10:31:13.045 [main] DEBUG io.github.bonigarcia.wdm.WebDriverManager -- Using WebDriverManager 5.6.2
10:31:13.583 [main] WARN io.github.bonigarcia.wdm.versions.VersionDetector -- Exception reading CfT URL ('null') to get version of chromedriver (For input string: "120.0.6099.63")
10:31:13.605 [main] DEBUG org.apache.hc.client5.http.impl.classic.InternalHttpClient -- ex-0000000001 preparing request execution
10:31:13.624 [main] DEBUG org.apache.hc.client5.http.impl.classic.ProtocolExec -- ex-0000000001 target auth state: UNCHALLENGED
10:31:13.625 [main] DEBUG org.apache.hc.client5.http.impl.classic.ProtocolExec -- ex-0000000001 proxy auth state: UNCHALLENGED
10:31:13.625 [main] DEBUG org.apache.hc.client5.http.impl.classic.ConnectExec -- ex-0000000001 acquiring connection with route {s}->https://googlechromelabs.github.io:443
10:31:13.625 [main] DEBUG org.apache.hc.client5.http.impl.classic.InternalHttpClient -- ex-0000000001 acquiring endpoint (3 MINUTES)
10:31:13.627 [main] DEBUG org.apache.hc.client5.http.impl.io.PoolingHttpClientConnectionManager -- ex-0000000001 endpoint lease request (3 MINUTES) [route: {s}->https://googlechromelabs.github.io:443][total available: 0; route allocated: 0 of 5; total allocated: 0 of 25]
10:31:13.633 [main] DEBUG org.apache.hc.client5.http.impl.io.PoolingHttpClientConnectionManager -- ex-0000000001 endpoint leased [route: {s}->https://googlechromelabs.github.io:443][total available: 0; route allocated: 1 of 5; total allocated: 1 of 25]
10:31:13.652 [main] DEBUG org.apache.hc.client5.http.impl.io.PoolingHttpClientConnectionManager -- ex-0000000001 acquired ep-0000000001
10:31:13.653 [main] DEBUG org.apache.hc.client5.http.impl.classic.InternalHttpClient -- ex-0000000001 acquired endpoint ep-0000000001
10:31:13.653 [main] DEBUG org.apache.hc.client5.http.impl.classic.ConnectExec -- ex-0000000001 opening connection {s}->https://googlechromelabs.github.io:443
10:31:13.654 [main] DEBUG org.apache.hc.client5.http.impl.classic.InternalHttpClient -- ep-0000000001 connecting endpoint (null)
10:31:13.658 [main] DEBUG org.apache.hc.client5.http.impl.io.PoolingHttpClientConnectionManager -- ep-0000000001 connecting endpoint to https://googlechromelabs.github.io:443 (30 SECONDS)
10:31:13.659 [main] DEBUG org.apache.hc.client5.http.impl.io.DefaultHttpClientConnectionOperator -- googlechromelabs.github.io resolving remote address
10:31:13.738 [main] DEBUG org.apache.hc.client5.http.impl.io.DefaultHttpClientConnectionOperator -- googlechromelabs.github.io resolved to [googlechromelabs.github.io/185.199.110.153, googlechromelabs.github.io/185.199.111.153, googlechromelabs.github.io/185.199.108.153, googlechromelabs.github.io/185.199.109.153]
10:31:13.752 [main] DEBUG org.apache.hc.client5.http.impl.io.DefaultHttpClientConnectionOperator -- googlechromelabs.github.io:443 connecting null->googlechromelabs.github.io/185.199.110.153:443 (30 SECONDS)
10:31:13.752 [main] DEBUG org.apache.hc.client5.http.ssl.SSLConnectionSocketFactory -- Connecting socket to googlechromelabs.github.io/185.199.110.153:443 with timeout 30 SECONDS
10:31:13.899 [main] DEBUG org.apache.hc.client5.http.ssl.SSLConnectionSocketFactory -- Enabled protocols: [TLSv1.3, TLSv1.2]
10:31:13.899 [main] DEBUG org.apache.hc.client5.http.ssl.SSLConnectionSocketFactory -- Enabled cipher suites: [TLS_AES_256_GCM_SHA384, TLS_AES_128_GCM_SHA256, TLS_CHACHA20_POLY1305_SHA256, TLS_ECDHE_ECDSA_WITH_AES_256_GCM_SHA384, TLS_ECDHE_ECDSA_WITH_AES_128_GCM_SHA256, TLS_ECDHE_ECDSA_WITH_CHACHA20_POLY1305_SHA256, TLS_ECDHE_RSA_WITH_AES_256_GCM_SHA384, TLS_ECDHE_RSA_WITH_CHACHA20_POLY1305_SHA256, TLS_ECDHE_RSA_WITH_AES_128_GCM_SHA256, TLS_DHE_RSA_WITH_AES_256_GCM_SHA384, TLS_DHE_RSA_WITH_CHACHA20_POLY1305_SHA256, TLS_DHE_DSS_WITH_AES_256_GCM_SHA384, TLS_DHE_RSA_WITH_AES_128_GCM_SHA256, TLS_DHE_DSS_WITH_AES_128_GCM_SHA256, TLS_ECDHE_ECDSA_WITH_AES_256_CBC_SHA384, TLS_ECDHE_RSA_WITH_AES_256_CBC_SHA384, TLS_ECDHE_ECDSA_WITH_AES_128_CBC_SHA256, TLS_ECDHE_RSA_WITH_AES_128_CBC_SHA256, TLS_DHE_RSA_WITH_AES_256_CBC_SHA256, TLS_DHE_DSS_WITH_AES_256_CBC_SHA256, TLS_DHE_RSA_WITH_AES_128_CBC_SHA256, TLS_DHE_DSS_WITH_AES_128_CBC_SHA256, TLS_ECDHE_ECDSA_WITH_AES_256_CBC_SHA, TLS_ECDHE_RSA_WITH_AES_256_CBC_SHA, TLS_ECDHE_ECDSA_WITH_AES_128_CBC_SHA, TLS_ECDHE_RSA_WITH_AES_128_CBC_SHA, TLS_DHE_RSA_WITH_AES_256_CBC_SHA, TLS_DHE_DSS_WITH_AES_256_CBC_SHA, TLS_DHE_RSA_WITH_AES_128_CBC_SHA, TLS_DHE_DSS_WITH_AES_128_CBC_SHA, TLS_RSA_WITH_AES_256_GCM_SHA384, TLS_RSA_WITH_AES_128_GCM_SHA256, TLS_RSA_WITH_AES_256_CBC_SHA256, TLS_RSA_WITH_AES_128_CBC_SHA256, TLS_RSA_WITH_AES_256_CBC_SHA, TLS_RSA_WITH_AES_128_CBC_SHA, TLS_EMPTY_RENEGOTIATION_INFO_SCSV]
10:31:13.899 [main] DEBUG org.apache.hc.client5.http.ssl.SSLConnectionSocketFactory -- Starting handshake (null)
10:31:14.277 [main] DEBUG org.apache.hc.client5.http.ssl.SSLConnectionSocketFactory -- Secure session established
10:31:14.278 [main] DEBUG org.apache.hc.client5.http.ssl.SSLConnectionSocketFactory --  negotiated protocol: TLSv1.3
10:31:14.278 [main] DEBUG org.apache.hc.client5.http.ssl.SSLConnectionSocketFactory --  negotiated cipher suite: TLS_AES_128_GCM_SHA256
10:31:14.278 [main] DEBUG org.apache.hc.client5.http.ssl.SSLConnectionSocketFactory --  peer principal: CN=*.github.io, O="GitHub, Inc.", L=San Francisco, ST=California, C=US
10:31:14.280 [main] DEBUG org.apache.hc.client5.http.ssl.SSLConnectionSocketFactory --  peer alternative names: [*.github.io, github.io, *.github.com, github.com, www.github.com, *.githubusercontent.com, githubusercontent.com]
10:31:14.280 [main] DEBUG org.apache.hc.client5.http.ssl.SSLConnectionSocketFactory --  issuer principal: CN=DigiCert TLS RSA SHA256 2020 CA1, O=DigiCert Inc, C=US
10:31:14.281 [main] DEBUG org.apache.hc.client5.http.impl.io.DefaultManagedHttpClientConnection -- http-outgoing-0 set socket timeout to 3 MINUTES
10:31:14.281 [main] DEBUG org.apache.hc.client5.http.impl.io.DefaultHttpClientConnectionOperator -- googlechromelabs.github.io:443 connected null->googlechromelabs.github.io/185.199.110.153:443 as http-outgoing-0
10:31:14.282 [main] DEBUG org.apache.hc.client5.http.impl.io.PoolingHttpClientConnectionManager -- ep-0000000001 connected http-outgoing-0
10:31:14.282 [main] DEBUG org.apache.hc.client5.http.impl.classic.InternalHttpClient -- ep-0000000001 endpoint connected
10:31:14.283 [main] DEBUG org.apache.hc.client5.http.impl.classic.MainClientExec -- ex-0000000001 executing GET /chrome-for-testing/LATEST_RELEASE_120.0.6099.63 HTTP/1.1
10:31:14.283 [main] DEBUG org.apache.hc.client5.http.protocol.RequestAddCookies -- ex-0000000001 Cookie spec selected: strict
10:31:14.295 [main] DEBUG org.apache.hc.client5.http.impl.classic.InternalHttpClient -- ep-0000000001 start execution ex-0000000001
10:31:14.295 [main] DEBUG org.apache.hc.client5.http.impl.io.PoolingHttpClientConnectionManager -- ep-0000000001 executing exchange ex-0000000001 over http-outgoing-0
10:31:14.296 [main] DEBUG org.apache.hc.client5.http.headers -- http-outgoing-0 >> GET /chrome-for-testing/LATEST_RELEASE_120.0.6099.63 HTTP/1.1
10:31:14.296 [main] DEBUG org.apache.hc.client5.http.headers -- http-outgoing-0 >> user-agent: Apache-HttpClient/5.0
10:31:14.296 [main] DEBUG org.apache.hc.client5.http.headers -- http-outgoing-0 >> accept-encoding: gzip, deflate, br
10:31:14.296 [main] DEBUG org.apache.hc.client5.http.headers -- http-outgoing-0 >> cache-control: max-age=0
10:31:14.296 [main] DEBUG org.apache.hc.client5.http.headers -- http-outgoing-0 >> connection: keep-alive
10:31:14.296 [main] DEBUG org.apache.hc.client5.http.headers -- http-outgoing-0 >> Host: googlechromelabs.github.io
10:31:14.296 [main] DEBUG org.apache.hc.client5.http.wire -- http-outgoing-0 >> "GET /chrome-for-testing/LATEST_RELEASE_120.0.6099.63 HTTP/1.1[\r][\n]"
10:31:14.296 [main] DEBUG org.apache.hc.client5.http.wire -- http-outgoing-0 >> "user-agent: Apache-HttpClient/5.0[\r][\n]"
10:31:14.296 [main] DEBUG org.apache.hc.client5.http.wire -- http-outgoing-0 >> "accept-encoding: gzip, deflate, br[\r][\n]"
10:31:14.296 [main] DEBUG org.apache.hc.client5.http.wire -- http-outgoing-0 >> "cache-control: max-age=0[\r][\n]"
10:31:14.297 [main] DEBUG org.apache.hc.client5.http.wire -- http-outgoing-0 >> "connection: keep-alive[\r][\n]"
10:31:14.297 [main] DEBUG org.apache.hc.client5.http.wire -- http-outgoing-0 >> "Host: googlechromelabs.github.io[\r][\n]"
10:31:14.297 [main] DEBUG org.apache.hc.client5.http.wire -- http-outgoing-0 >> "[\r][\n]"
10:31:14.478 [main] DEBUG org.apache.hc.client5.http.wire -- http-outgoing-0 << "HTTP/1.1 404 Not Found[\r][\n]"
10:31:14.478 [main] DEBUG org.apache.hc.client5.http.wire -- http-outgoing-0 << "Connection: keep-alive[\r][\n]"
10:31:14.479 [main] DEBUG org.apache.hc.client5.http.wire -- http-outgoing-0 << "Content-Length: 5254[\r][\n]"
10:31:14.480 [main] DEBUG org.apache.hc.client5.http.wire -- http-outgoing-0 << "Server: GitHub.com[\r][\n]"
10:31:14.480 [main] DEBUG org.apache.hc.client5.http.wire -- http-outgoing-0 << "Content-Type: text/html; charset=utf-8[\r][\n]"
10:31:14.480 [main] DEBUG org.apache.hc.client5.http.wire -- http-outgoing-0 << "permissions-policy: interest-cohort=()[\r][\n]"
10:31:14.481 [main] DEBUG org.apache.hc.client5.http.wire -- http-outgoing-0 << "x-origin-cache: HIT[\r][\n]"
10:31:14.481 [main] DEBUG org.apache.hc.client5.http.wire -- http-outgoing-0 << "Access-Control-Allow-Origin: *[\r][\n]"
10:31:14.482 [main] DEBUG org.apache.hc.client5.http.wire -- http-outgoing-0 << "Strict-Transport-Security: max-age=31556952[\r][\n]"
10:31:14.482 [main] DEBUG org.apache.hc.client5.http.wire -- http-outgoing-0 << "ETag: W/"64d39a40-24a3"[\r][\n]"
10:31:14.482 [main] DEBUG org.apache.hc.client5.http.wire -- http-outgoing-0 << "Content-Security-Policy: default-src 'none'; style-src 'unsafe-inline'; img-src data:; connect-src 'self'[\r][\n]"
10:31:14.482 [main] DEBUG org.apache.hc.client5.http.wire -- http-outgoing-0 << "Content-Encoding: gzip[\r][\n]"
10:31:14.482 [main] DEBUG org.apache.hc.client5.http.wire -- http-outgoing-0 << "x-proxy-cache: MISS[\r][\n]"
10:31:14.483 [main] DEBUG org.apache.hc.client5.http.wire -- http-outgoing-0 << "X-GitHub-Request-Id: D770:36888F:8DAD80:90719A:658D4063[\r][\n]"
10:31:14.483 [main] DEBUG org.apache.hc.client5.http.wire -- http-outgoing-0 << "Accept-Ranges: bytes[\r][\n]"
10:31:14.484 [main] DEBUG org.apache.hc.client5.http.wire -- http-outgoing-0 << "Date: Thu, 28 Dec 2023 09:31:15 GMT[\r][\n]"
10:31:14.484 [main] DEBUG org.apache.hc.client5.http.wire -- http-outgoing-0 << "Via: 1.1 varnish[\r][\n]"
10:31:14.484 [main] DEBUG org.apache.hc.client5.http.wire -- http-outgoing-0 << "Age: 0[\r][\n]"
10:31:14.484 [main] DEBUG org.apache.hc.client5.http.wire -- http-outgoing-0 << "X-Served-By: cache-mad22021-MAD[\r][\n]"
10:31:14.484 [main] DEBUG org.apache.hc.client5.http.wire -- http-outgoing-0 << "X-Cache: MISS[\r][\n]"
10:31:14.484 [main] DEBUG org.apache.hc.client5.http.wire -- http-outgoing-0 << "X-Cache-Hits: 0[\r][\n]"
10:31:14.484 [main] DEBUG org.apache.hc.client5.http.wire -- http-outgoing-0 << "X-Timer: S1703755876.825730,VS0,VE139[\r][\n]"
10:31:14.485 [main] DEBUG org.apache.hc.client5.http.wire -- http-outgoing-0 << "Vary: Accept-Encoding[\r][\n]"
10:31:14.485 [main] DEBUG org.apache.hc.client5.http.wire -- http-outgoing-0 << "X-Fastly-Request-ID: 3442bf6d82bbaf092519527c50dd3d4acf7a5691[\r][\n]"
10:31:14.485 [main] DEBUG org.apache.hc.client5.http.wire -- http-outgoing-0 << "[\r][\n]"
10:31:14.495 [main] DEBUG org.apache.hc.client5.http.headers -- http-outgoing-0 << HTTP/1.1 404 Not Found
10:31:14.495 [main] DEBUG org.apache.hc.client5.http.headers -- http-outgoing-0 << Connection: keep-alive
10:31:14.495 [main] DEBUG org.apache.hc.client5.http.headers -- http-outgoing-0 << Content-Length: 5254
10:31:14.496 [main] DEBUG org.apache.hc.client5.http.headers -- http-outgoing-0 << Server: GitHub.com
10:31:14.496 [main] DEBUG org.apache.hc.client5.http.headers -- http-outgoing-0 << Content-Type: text/html; charset=utf-8
10:31:14.496 [main] DEBUG org.apache.hc.client5.http.headers -- http-outgoing-0 << permissions-policy: interest-cohort=()
10:31:14.497 [main] DEBUG org.apache.hc.client5.http.headers -- http-outgoing-0 << x-origin-cache: HIT
10:31:14.497 [main] DEBUG org.apache.hc.client5.http.headers -- http-outgoing-0 << Access-Control-Allow-Origin: *
10:31:14.497 [main] DEBUG org.apache.hc.client5.http.headers -- http-outgoing-0 << Strict-Transport-Security: max-age=31556952
10:31:14.497 [main] DEBUG org.apache.hc.client5.http.headers -- http-outgoing-0 << ETag: W/"64d39a40-24a3"
10:31:14.498 [main] DEBUG org.apache.hc.client5.http.headers -- http-outgoing-0 << Content-Security-Policy: default-src 'none'; style-src 'unsafe-inline'; img-src data:; connect-src 'self'
10:31:14.498 [main] DEBUG org.apache.hc.client5.http.headers -- http-outgoing-0 << Content-Encoding: gzip
10:31:14.498 [main] DEBUG org.apache.hc.client5.http.headers -- http-outgoing-0 << x-proxy-cache: MISS
10:31:14.498 [main] DEBUG org.apache.hc.client5.http.headers -- http-outgoing-0 << X-GitHub-Request-Id: D770:36888F:8DAD80:90719A:658D4063
10:31:14.498 [main] DEBUG org.apache.hc.client5.http.headers -- http-outgoing-0 << Accept-Ranges: bytes
10:31:14.499 [main] DEBUG org.apache.hc.client5.http.headers -- http-outgoing-0 << Date: Thu, 28 Dec 2023 09:31:15 GMT
10:31:14.499 [main] DEBUG org.apache.hc.client5.http.headers -- http-outgoing-0 << Via: 1.1 varnish
10:31:14.499 [main] DEBUG org.apache.hc.client5.http.headers -- http-outgoing-0 << Age: 0
10:31:14.499 [main] DEBUG org.apache.hc.client5.http.headers -- http-outgoing-0 << X-Served-By: cache-mad22021-MAD
10:31:14.499 [main] DEBUG org.apache.hc.client5.http.headers -- http-outgoing-0 << X-Cache: MISS
10:31:14.500 [main] DEBUG org.apache.hc.client5.http.headers -- http-outgoing-0 << X-Cache-Hits: 0
10:31:14.500 [main] DEBUG org.apache.hc.client5.http.headers -- http-outgoing-0 << X-Timer: S1703755876.825730,VS0,VE139
10:31:14.500 [main] DEBUG org.apache.hc.client5.http.headers -- http-outgoing-0 << Vary: Accept-Encoding
10:31:14.500 [main] DEBUG org.apache.hc.client5.http.headers -- http-outgoing-0 << X-Fastly-Request-ID: 3442bf6d82bbaf092519527c50dd3d4acf7a5691
10:31:14.512 [main] DEBUG org.apache.hc.client5.http.impl.classic.MainClientExec -- ex-0000000001 connection can be kept alive for 3 MINUTES
10:31:14.522 [main] ERROR io.github.bonigarcia.wdm.online.HttpClient -- Error HTTP 404 executing https://googlechromelabs.github.io/chrome-for-testing/LATEST_RELEASE_120.0.6099.63
10:31:14.523 [main] WARN io.github.bonigarcia.wdm.versions.VersionDetector -- Exception reading https://googlechromelabs.github.io/chrome-for-testing/LATEST_RELEASE_120.0.6099.63 to get latest version of chromedriver (Error HTTP 404 executing https://googlechromelabs.github.io/chrome-for-testing/LATEST_RELEASE_120.0.6099.63)
10:31:14.524 [main] DEBUG io.github.bonigarcia.wdm.versions.VersionDetector -- Getting driver version for chrome120.0.6099.63 from online versions.properties
10:31:14.526 [main] DEBUG org.apache.hc.client5.http.impl.classic.InternalHttpClient -- ex-0000000002 preparing request execution
10:31:14.528 [main] DEBUG org.apache.hc.client5.http.impl.classic.ProtocolExec -- ex-0000000002 target auth state: UNCHALLENGED
10:31:14.528 [main] DEBUG org.apache.hc.client5.http.impl.classic.ProtocolExec -- ex-0000000002 proxy auth state: UNCHALLENGED
10:31:14.529 [main] DEBUG org.apache.hc.client5.http.impl.classic.ConnectExec -- ex-0000000002 acquiring connection with route {s}->https://raw.githubusercontent.com:443
10:31:14.529 [main] DEBUG org.apache.hc.client5.http.impl.classic.InternalHttpClient -- ex-0000000002 acquiring endpoint (3 MINUTES)
10:31:14.529 [main] DEBUG org.apache.hc.client5.http.impl.io.PoolingHttpClientConnectionManager -- ex-0000000002 endpoint lease request (3 MINUTES) [route: {s}->https://raw.githubusercontent.com:443][total available: 0; route allocated: 0 of 5; total allocated: 1 of 25]
10:31:14.530 [main] DEBUG org.apache.hc.client5.http.impl.io.PoolingHttpClientConnectionManager -- ex-0000000002 endpoint leased [route: {s}->https://raw.githubusercontent.com:443][total available: 0; route allocated: 1 of 5; total allocated: 2 of 25]
10:31:14.530 [main] DEBUG org.apache.hc.client5.http.impl.io.PoolingHttpClientConnectionManager -- ex-0000000002 acquired ep-0000000002
10:31:14.530 [main] DEBUG org.apache.hc.client5.http.impl.classic.InternalHttpClient -- ex-0000000002 acquired endpoint ep-0000000002
10:31:14.531 [main] DEBUG org.apache.hc.client5.http.impl.classic.ConnectExec -- ex-0000000002 opening connection {s}->https://raw.githubusercontent.com:443
10:31:14.531 [main] DEBUG org.apache.hc.client5.http.impl.classic.InternalHttpClient -- ep-0000000002 connecting endpoint (null)
10:31:14.532 [main] DEBUG org.apache.hc.client5.http.impl.io.PoolingHttpClientConnectionManager -- ep-0000000002 connecting endpoint to https://raw.githubusercontent.com:443 (30 SECONDS)
10:31:14.532 [main] DEBUG org.apache.hc.client5.http.impl.io.DefaultHttpClientConnectionOperator -- raw.githubusercontent.com resolving remote address
10:31:14.572 [main] DEBUG org.apache.hc.client5.http.impl.io.DefaultHttpClientConnectionOperator -- raw.githubusercontent.com resolved to [raw.githubusercontent.com/185.199.109.133, raw.githubusercontent.com/185.199.110.133, raw.githubusercontent.com/185.199.108.133, raw.githubusercontent.com/185.199.111.133]
10:31:14.573 [main] DEBUG org.apache.hc.client5.http.impl.io.DefaultHttpClientConnectionOperator -- raw.githubusercontent.com:443 connecting null->raw.githubusercontent.com/185.199.109.133:443 (30 SECONDS)
10:31:14.573 [main] DEBUG org.apache.hc.client5.http.ssl.SSLConnectionSocketFactory -- Connecting socket to raw.githubusercontent.com/185.199.109.133:443 with timeout 30 SECONDS
10:31:14.612 [main] DEBUG org.apache.hc.client5.http.ssl.SSLConnectionSocketFactory -- Enabled protocols: [TLSv1.3, TLSv1.2]
10:31:14.613 [main] DEBUG org.apache.hc.client5.http.ssl.SSLConnectionSocketFactory -- Enabled cipher suites: [TLS_AES_256_GCM_SHA384, TLS_AES_128_GCM_SHA256, TLS_CHACHA20_POLY1305_SHA256, TLS_ECDHE_ECDSA_WITH_AES_256_GCM_SHA384, TLS_ECDHE_ECDSA_WITH_AES_128_GCM_SHA256, TLS_ECDHE_ECDSA_WITH_CHACHA20_POLY1305_SHA256, TLS_ECDHE_RSA_WITH_AES_256_GCM_SHA384, TLS_ECDHE_RSA_WITH_CHACHA20_POLY1305_SHA256, TLS_ECDHE_RSA_WITH_AES_128_GCM_SHA256, TLS_DHE_RSA_WITH_AES_256_GCM_SHA384, TLS_DHE_RSA_WITH_CHACHA20_POLY1305_SHA256, TLS_DHE_DSS_WITH_AES_256_GCM_SHA384, TLS_DHE_RSA_WITH_AES_128_GCM_SHA256, TLS_DHE_DSS_WITH_AES_128_GCM_SHA256, TLS_ECDHE_ECDSA_WITH_AES_256_CBC_SHA384, TLS_ECDHE_RSA_WITH_AES_256_CBC_SHA384, TLS_ECDHE_ECDSA_WITH_AES_128_CBC_SHA256, TLS_ECDHE_RSA_WITH_AES_128_CBC_SHA256, TLS_DHE_RSA_WITH_AES_256_CBC_SHA256, TLS_DHE_DSS_WITH_AES_256_CBC_SHA256, TLS_DHE_RSA_WITH_AES_128_CBC_SHA256, TLS_DHE_DSS_WITH_AES_128_CBC_SHA256, TLS_ECDHE_ECDSA_WITH_AES_256_CBC_SHA, TLS_ECDHE_RSA_WITH_AES_256_CBC_SHA, TLS_ECDHE_ECDSA_WITH_AES_128_CBC_SHA, TLS_ECDHE_RSA_WITH_AES_128_CBC_SHA, TLS_DHE_RSA_WITH_AES_256_CBC_SHA, TLS_DHE_DSS_WITH_AES_256_CBC_SHA, TLS_DHE_RSA_WITH_AES_128_CBC_SHA, TLS_DHE_DSS_WITH_AES_128_CBC_SHA, TLS_RSA_WITH_AES_256_GCM_SHA384, TLS_RSA_WITH_AES_128_GCM_SHA256, TLS_RSA_WITH_AES_256_CBC_SHA256, TLS_RSA_WITH_AES_128_CBC_SHA256, TLS_RSA_WITH_AES_256_CBC_SHA, TLS_RSA_WITH_AES_128_CBC_SHA, TLS_EMPTY_RENEGOTIATION_INFO_SCSV]
10:31:14.613 [main] DEBUG org.apache.hc.client5.http.ssl.SSLConnectionSocketFactory -- Starting handshake (null)
10:31:14.706 [main] DEBUG org.apache.hc.client5.http.ssl.SSLConnectionSocketFactory -- Secure session established
10:31:14.706 [main] DEBUG org.apache.hc.client5.http.ssl.SSLConnectionSocketFactory --  negotiated protocol: TLSv1.3
10:31:14.707 [main] DEBUG org.apache.hc.client5.http.ssl.SSLConnectionSocketFactory --  negotiated cipher suite: TLS_AES_128_GCM_SHA256
10:31:14.707 [main] DEBUG org.apache.hc.client5.http.ssl.SSLConnectionSocketFactory --  peer principal: CN=*.github.io, O="GitHub, Inc.", L=San Francisco, ST=California, C=US
10:31:14.707 [main] DEBUG org.apache.hc.client5.http.ssl.SSLConnectionSocketFactory --  peer alternative names: [*.github.io, github.io, *.github.com, github.com, www.github.com, *.githubusercontent.com, githubusercontent.com]
10:31:14.707 [main] DEBUG org.apache.hc.client5.http.ssl.SSLConnectionSocketFactory --  issuer principal: CN=DigiCert TLS RSA SHA256 2020 CA1, O=DigiCert Inc, C=US
10:31:14.708 [main] DEBUG org.apache.hc.client5.http.impl.io.DefaultManagedHttpClientConnection -- http-outgoing-1 set socket timeout to 3 MINUTES
10:31:14.708 [main] DEBUG org.apache.hc.client5.http.impl.io.DefaultHttpClientConnectionOperator -- raw.githubusercontent.com:443 connected null->raw.githubusercontent.com/185.199.109.133:443 as http-outgoing-1
10:31:14.710 [main] DEBUG org.apache.hc.client5.http.impl.io.PoolingHttpClientConnectionManager -- ep-0000000002 connected http-outgoing-1
10:31:14.710 [main] DEBUG org.apache.hc.client5.http.impl.classic.InternalHttpClient -- ep-0000000002 endpoint connected
10:31:14.710 [main] DEBUG org.apache.hc.client5.http.impl.classic.MainClientExec -- ex-0000000002 executing GET /bonigarcia/webdrivermanager/master/src/main/resources/versions.properties HTTP/1.1
10:31:14.711 [main] DEBUG org.apache.hc.client5.http.protocol.RequestAddCookies -- ex-0000000002 Cookie spec selected: strict
10:31:14.711 [main] DEBUG org.apache.hc.client5.http.impl.classic.InternalHttpClient -- ep-0000000002 start execution ex-0000000002
10:31:14.711 [main] DEBUG org.apache.hc.client5.http.impl.io.PoolingHttpClientConnectionManager -- ep-0000000002 executing exchange ex-0000000002 over http-outgoing-1
10:31:14.713 [main] DEBUG org.apache.hc.client5.http.headers -- http-outgoing-1 >> GET /bonigarcia/webdrivermanager/master/src/main/resources/versions.properties HTTP/1.1
10:31:14.714 [main] DEBUG org.apache.hc.client5.http.headers -- http-outgoing-1 >> user-agent: Apache-HttpClient/5.0
10:31:14.714 [main] DEBUG org.apache.hc.client5.http.headers -- http-outgoing-1 >> accept-encoding: gzip, deflate, br
10:31:14.715 [main] DEBUG org.apache.hc.client5.http.headers -- http-outgoing-1 >> cache-control: max-age=0
10:31:14.715 [main] DEBUG org.apache.hc.client5.http.headers -- http-outgoing-1 >> connection: keep-alive
10:31:14.715 [main] DEBUG org.apache.hc.client5.http.headers -- http-outgoing-1 >> Host: raw.githubusercontent.com
10:31:14.715 [main] DEBUG org.apache.hc.client5.http.wire -- http-outgoing-1 >> "GET /bonigarcia/webdrivermanager/master/src/main/resources/versions.properties HTTP/1.1[\r][\n]"
10:31:14.716 [main] DEBUG org.apache.hc.client5.http.wire -- http-outgoing-1 >> "user-agent: Apache-HttpClient/5.0[\r][\n]"
10:31:14.716 [main] DEBUG org.apache.hc.client5.http.wire -- http-outgoing-1 >> "accept-encoding: gzip, deflate, br[\r][\n]"
10:31:14.716 [main] DEBUG org.apache.hc.client5.http.wire -- http-outgoing-1 >> "cache-control: max-age=0[\r][\n]"
10:31:14.717 [main] DEBUG org.apache.hc.client5.http.wire -- http-outgoing-1 >> "connection: keep-alive[\r][\n]"
10:31:14.717 [main] DEBUG org.apache.hc.client5.http.wire -- http-outgoing-1 >> "Host: raw.githubusercontent.com[\r][\n]"
10:31:14.717 [main] DEBUG org.apache.hc.client5.http.wire -- http-outgoing-1 >> "[\r][\n]"
10:31:14.901 [main] DEBUG org.apache.hc.client5.http.wire -- http-outgoing-1 << "HTTP/1.1 200 OK[\r][\n]"
10:31:14.902 [main] DEBUG org.apache.hc.client5.http.wire -- http-outgoing-1 << "Connection: keep-alive[\r][\n]"
10:31:14.902 [main] DEBUG org.apache.hc.client5.http.wire -- http-outgoing-1 << "Content-Length: 1653[\r][\n]"
10:31:14.902 [main] DEBUG org.apache.hc.client5.http.wire -- http-outgoing-1 << "Cache-Control: max-age=300[\r][\n]"
10:31:14.903 [main] DEBUG org.apache.hc.client5.http.wire -- http-outgoing-1 << "Content-Security-Policy: default-src 'none'; style-src 'unsafe-inline'; sandbox[\r][\n]"
10:31:14.903 [main] DEBUG org.apache.hc.client5.http.wire -- http-outgoing-1 << "Content-Type: text/plain; charset=utf-8[\r][\n]"
10:31:14.904 [main] DEBUG org.apache.hc.client5.http.wire -- http-outgoing-1 << "ETag: W/"de56f96e4580ae55450ed6a794662cbdb2b39827f9709095aa3e1e7f6914629d"[\r][\n]"
10:31:14.904 [main] DEBUG org.apache.hc.client5.http.wire -- http-outgoing-1 << "Strict-Transport-Security: max-age=31536000[\r][\n]"
10:31:14.904 [main] DEBUG org.apache.hc.client5.http.wire -- http-outgoing-1 << "X-Content-Type-Options: nosniff[\r][\n]"
10:31:14.905 [main] DEBUG org.apache.hc.client5.http.wire -- http-outgoing-1 << "X-Frame-Options: deny[\r][\n]"
10:31:14.905 [main] DEBUG org.apache.hc.client5.http.wire -- http-outgoing-1 << "X-XSS-Protection: 1; mode=block[\r][\n]"
10:31:14.905 [main] DEBUG org.apache.hc.client5.http.wire -- http-outgoing-1 << "X-GitHub-Request-Id: D5BE:3DFCCC:2516CE:27975C:658D16A0[\r][\n]"
10:31:14.905 [main] DEBUG org.apache.hc.client5.http.wire -- http-outgoing-1 << "Content-Encoding: gzip[\r][\n]"
10:31:14.905 [main] DEBUG org.apache.hc.client5.http.wire -- http-outgoing-1 << "Accept-Ranges: bytes[\r][\n]"
10:31:14.906 [main] DEBUG org.apache.hc.client5.http.wire -- http-outgoing-1 << "Date: Thu, 28 Dec 2023 09:31:16 GMT[\r][\n]"
10:31:14.907 [main] DEBUG org.apache.hc.client5.http.wire -- http-outgoing-1 << "Via: 1.1 varnish[\r][\n]"
10:31:14.907 [main] DEBUG org.apache.hc.client5.http.wire -- http-outgoing-1 << "X-Served-By: cache-mad22080-MAD[\r][\n]"
10:31:14.907 [main] DEBUG org.apache.hc.client5.http.wire -- http-outgoing-1 << "X-Cache: HIT[\r][\n]"
10:31:14.908 [main] DEBUG org.apache.hc.client5.http.wire -- http-outgoing-1 << "X-Cache-Hits: 1[\r][\n]"
10:31:14.908 [main] DEBUG org.apache.hc.client5.http.wire -- http-outgoing-1 << "X-Timer: S1703755876.245159,VS0,VE127[\r][\n]"
10:31:14.908 [main] DEBUG org.apache.hc.client5.http.wire -- http-outgoing-1 << "Vary: Authorization,Accept-Encoding,Origin[\r][\n]"
10:31:14.908 [main] DEBUG org.apache.hc.client5.http.wire -- http-outgoing-1 << "Access-Control-Allow-Origin: *[\r][\n]"
10:31:14.909 [main] DEBUG org.apache.hc.client5.http.wire -- http-outgoing-1 << "Cross-Origin-Resource-Policy: cross-origin[\r][\n]"
10:31:14.909 [main] DEBUG org.apache.hc.client5.http.wire -- http-outgoing-1 << "X-Fastly-Request-ID: 19ba7b3d9fb48c74e6389c5f5c39c07925f57b85[\r][\n]"
10:31:14.909 [main] DEBUG org.apache.hc.client5.http.wire -- http-outgoing-1 << "Expires: Thu, 28 Dec 2023 09:36:16 GMT[\r][\n]"
10:31:14.910 [main] DEBUG org.apache.hc.client5.http.wire -- http-outgoing-1 << "Source-Age: 0[\r][\n]"
10:31:14.910 [main] DEBUG org.apache.hc.client5.http.wire -- http-outgoing-1 << "[\r][\n]"
10:31:14.911 [main] DEBUG org.apache.hc.client5.http.headers -- http-outgoing-1 << HTTP/1.1 200 OK
10:31:14.912 [main] DEBUG org.apache.hc.client5.http.headers -- http-outgoing-1 << Connection: keep-alive
10:31:14.912 [main] DEBUG org.apache.hc.client5.http.headers -- http-outgoing-1 << Content-Length: 1653
10:31:14.912 [main] DEBUG org.apache.hc.client5.http.headers -- http-outgoing-1 << Cache-Control: max-age=300
10:31:14.912 [main] DEBUG org.apache.hc.client5.http.headers -- http-outgoing-1 << Content-Security-Policy: default-src 'none'; style-src 'unsafe-inline'; sandbox
10:31:14.913 [main] DEBUG org.apache.hc.client5.http.headers -- http-outgoing-1 << Content-Type: text/plain; charset=utf-8
10:31:14.913 [main] DEBUG org.apache.hc.client5.http.headers -- http-outgoing-1 << ETag: W/"de56f96e4580ae55450ed6a794662cbdb2b39827f9709095aa3e1e7f6914629d"
10:31:14.913 [main] DEBUG org.apache.hc.client5.http.headers -- http-outgoing-1 << Strict-Transport-Security: max-age=31536000
10:31:14.913 [main] DEBUG org.apache.hc.client5.http.headers -- http-outgoing-1 << X-Content-Type-Options: nosniff
10:31:14.913 [main] DEBUG org.apache.hc.client5.http.headers -- http-outgoing-1 << X-Frame-Options: deny
10:31:14.913 [main] DEBUG org.apache.hc.client5.http.headers -- http-outgoing-1 << X-XSS-Protection: 1; mode=block
10:31:14.914 [main] DEBUG org.apache.hc.client5.http.headers -- http-outgoing-1 << X-GitHub-Request-Id: D5BE:3DFCCC:2516CE:27975C:658D16A0
10:31:14.914 [main] DEBUG org.apache.hc.client5.http.headers -- http-outgoing-1 << Content-Encoding: gzip
10:31:14.914 [main] DEBUG org.apache.hc.client5.http.headers -- http-outgoing-1 << Accept-Ranges: bytes
10:31:14.914 [main] DEBUG org.apache.hc.client5.http.headers -- http-outgoing-1 << Date: Thu, 28 Dec 2023 09:31:16 GMT
10:31:14.914 [main] DEBUG org.apache.hc.client5.http.headers -- http-outgoing-1 << Via: 1.1 varnish
10:31:14.915 [main] DEBUG org.apache.hc.client5.http.headers -- http-outgoing-1 << X-Served-By: cache-mad22080-MAD
10:31:14.915 [main] DEBUG org.apache.hc.client5.http.headers -- http-outgoing-1 << X-Cache: HIT
10:31:14.915 [main] DEBUG org.apache.hc.client5.http.headers -- http-outgoing-1 << X-Cache-Hits: 1
10:31:14.915 [main] DEBUG org.apache.hc.client5.http.headers -- http-outgoing-1 << X-Timer: S1703755876.245159,VS0,VE127
10:31:14.915 [main] DEBUG org.apache.hc.client5.http.headers -- http-outgoing-1 << Vary: Authorization,Accept-Encoding,Origin
10:31:14.915 [main] DEBUG org.apache.hc.client5.http.headers -- http-outgoing-1 << Access-Control-Allow-Origin: *
10:31:14.916 [main] DEBUG org.apache.hc.client5.http.headers -- http-outgoing-1 << Cross-Origin-Resource-Policy: cross-origin
10:31:14.916 [main] DEBUG org.apache.hc.client5.http.headers -- http-outgoing-1 << X-Fastly-Request-ID: 19ba7b3d9fb48c74e6389c5f5c39c07925f57b85
10:31:14.916 [main] DEBUG org.apache.hc.client5.http.headers -- http-outgoing-1 << Expires: Thu, 28 Dec 2023 09:36:16 GMT
10:31:14.916 [main] DEBUG org.apache.hc.client5.http.headers -- http-outgoing-1 << Source-Age: 0
10:31:14.916 [main] DEBUG org.apache.hc.client5.http.impl.classic.MainClientExec -- ex-0000000002 connection can be kept alive for 3 MINUTES
10:31:14.947 [main] DEBUG org.apache.hc.client5.http.wire -- http-outgoing-1 << "[0x1f][0xffffff8b][0x8][0x0][0x0][0x0][0x0][0x0][0x0][0x3][0xffffff8d][0xffffff97]Mo[0xffffffe3]6[0x10][0xffffff86][0xffffffef][0xfffffff9][0x15][0x2]z[0xffffff8e][0xffffffcc][0xffffffcf]![0x19][0xffffff80][0xffffff97]~[0xffffff9e][0xffffff8a][0x1e][0xffffffda]?[0xffffffe0][0xffffffb5][0xffffff95]DX[0xffffffc7][\n]"
10:31:14.950 [main] DEBUG org.apache.hc.client5.http.wire -- http-outgoing-1 << "lg[0xffffffb3][0xffffffe8][0xffffffaf][0xffffffef][0xc][0xffffffc9][0xffffffa1]h[0xffffffaa][0x5]z[0x8]v[0xffffffe7][0xffffffb1]D[0xffffffce][0xffffff90][0xffffffd4][0xffffffcb]w~[0x18][0xfffffffe]z[0xffffff9d][0xffffffaf][0xffffffc3][0xfffffff3]|[0xffffff9a][0xffffff86][0xffffffc3]r[0xffffffbe][0xffffffed][0xffffffe7][0xfffffff3]u[0xffffffb8][0xffffffbd]N[0xffffffc3][0xffffffd7][0xfffffff3][0xfffffff2]y[0x1e][0xffffff8e][0xffffff97][0xfffffff9][0xffffffdb]t[0x19][0xfffffff0][0xffffffef]:/[0xfffffff8][0xffffffcb]ay{[0xffffffdf][0xffffffdf][0xffffffe6]/[0xfffffff8][0xfffffff4][0xffffffe7]|{MO[0x1e][0xffffff96][0xffffffcb]e[0xffffffba][0xffffffbe]/[0xffffffe7][0xffffffe3]|~[0x19][0xffffffbe]\[0xffffff96][0xffffffcf][0xffffffeb][0xfffffffa][0xffffffca][0xffffffc3][0xffffffc3][0xf][0xffffffc3][0xffffff8f][0x19]=[\r][0xffffffbf]-[0xffffffcb][0xb][0xffffffbe][0xfffffff9][0xffffffd3][0xffffffeb]ey[0xffffff9b][0xffffff86][0xfffffffd][0xfffffff9][0xffffff98][0xffffffff];[0x7f][0xffffffbc][\r][0xffffff8f][0xffffffc3][0xffffffcf]i[0xffffffaa][0xffffffa7][0xffffffe1][0xffffff90]~[0xffffffcd][0x13][0xffffffe3][0xffffffcb][0x7f].[0x1f][0xffffff97][0xffffffc3][0xfffffff4]4[0xffffffbc][0xffffffde]n[0xffffffef]O[0xffffffbb]][0xfffffffb][0xffffffeb]x(o[0xffffff8f][0xffffffcb][0xffffffe5]ew[0xffffffc4]|O[0xffffffcb][0xfffffffe]x}[0xffffffc8][0xffffffcf]Hi"[0xfffffffe][0xffffff8d]b[0xffffffb4]N[0xffffffdb]1[0xffffff88][0xffffffca]5rM[0x1c][0xffffff9c][0x1a]AW[0xffffffae][0xffffff90][0xffffffab][0xffffffc4][0xffffffa5][0x1d]M[0xffffffa8]\"[0xffffff97][0xffffffc4]-[0xffffffe8][0x11]L[0xffffffe5][0x2][0xffffffb9] n[0xffffffbc][0x1c][0xffffff9d]c.B[0xffffffc4][0xffffffbf][0xffffffc4]qzW[0xffffff9f][0x17][0x1e][0xffffffb9]'[0xffffffae]m[0x18][0xffffff9d][0xffffffac][0xffffffdc]!w[0xffffff89][0xb]3[0xffffff82][0xffffffaa][0x1c][0xffffff90][0x3]qe[0xffffffc2][0x8][0xffffffeb][0xfffffff3][0x16][0xffffffb9]%.[0xffffff83][0xffffffc5][0x1f]+[0xffffffc7]zE[0xffffffaa][0xffffff97][0xffffffca]p5[0x7f][0xffffff81][0xfffffff5][0xffffff8a]T[0xffffffaf][0x0]1J[0xffffffbd]&[0xffffff84][0x5][0xffffff8b]T[0xffffffb0][0xffffffc0][0xfffffff1][0xffffff9a][0x9][0xffffffb0]`A[0x5][0xffffff9b]`[0xffffffe5]hV[0xffffff8e][0x5][0xb]*[0xffffffd8][0xfffffff8][0x0]#[0xfffffff0][0xffffff82][0xffffff86][0x10]CH[0xffffffd4][0x18][0xffffff9c][0xffffff9b][0xffffffa9][0xffffff8f][0xffffff81][0xffffff8a]5[0xffffffce][0xfffffffa][0x11][0xffffffa7]a[0xffffffec]b[0xffffffa0]Z[\r][0x4][0xffffffb5][0xffffffae]A[0xffffff80][0x18] Q0[0xffffffa3][0xffffffb1]Lm[0xc]6Q[0xffffffed]G[0xffffffe0]z[0xffffff82][0xffffff89][0xffffffc1]$[0xffffff8a][0xffffff8b][0xffffff83][0x1b][0xffffffc9]X[0xffffffc7]@E[0x1a][0xffffffeb][0xffffffdc][0xffffffba][0xffffffa9]A[0xffffffc5][0xffffffa0][0x12][0xffffffc5]-[0xffffffc5]Uf,cH[0x5][0x1a]<[0x1]X+c[0x11]C[0xffffffaa][0xffffffcf]h1*^'[0x1f][0xffffffa2]O[0xfffffff5]i[0xfffffffc]G[0xfffffff1][0xffffffc8][0xffffffde]G[0xffffff9f][0xffffffea][0xffffffd3][0xffffffca][0xffffff8c][0x1][0xffffff98][0xffffffba][0xffffffe8]Sy[0xffffffca][0xffffff8b][0xffffffd1]{[0xffffffa6][0x10]}*O[0x19][0x1c][0xffffff97][0xffffff97][0xffffffc2][0xffffffdb][0xffffffe8]Sy[0xffffffd2][0xffffffeb][0xffffffd1]sj[0xffffffde]D[0xffffff9f][0xffffffca][0xffffff93][0xffffffc6][0xffffff8d][0xffffff9a][0xffffffd7][0xffffffd8][0xffffffeb][0xffffffe8]Su[0xffffffb4][0xffffff93][0xffffff9a][0xffffff97][0xffffffc2][0xffffffcb][0xffffffe8]S[0x19][0x2]W^[0xffffffea]:[0xffffff9d][0xffffff88][0xffffff9e][0xffffffca][0xffffffd0][0x1]s[0xffffffc1]#T[0xffffffb0][0xb][0xffffffd1][0xffffff85][0xffffff84][0xffffff8d][0x1d]u[0xffffffa5]>:[0xffffff9f]([0xffffff9e][0x1d]<W[0xffffff8c]]tT[0xffffff88][0xfffffff6][0xffffff80][0xffffffdf][0x2][0xffffffa7][0xffffffe1] :H[0x14][0xf][0xffffffb8]Tu[0xc][0x1b][0x1d]U[0xffffffa2][0xffffff9d][0xffffffc3][0x3][0xffffffb6]>m[0xffffffa2]3[0x9]+<[0xffffffbf][0xc]utT[0xffffff89][0x6],[0x8]8e[0xffffffa7][0xffffffa2][0xffffffc2][0x1d][0xffffffe5]H[0xffffffde]E[0xffffff82]"N[0xc][0x2]E[0xffffffbc]7[0xffffffe0])[0xffffffe2][0x15][0x5]G[0x11][0xffffffef]&[0x0]E[0xffffff9c][0xc]X[0xffffff8c][0xffffffea][0x12][0xffffff81][0xffffffa1][0xffffff88][0xffffffd7][0x1c]4E<[0x1f]P.[0xffffffba][0xffffffce]G[0xffffffb9][0xffffffd4]o[0x6]([0x17][0xffffffad][0xffffffef]T[0xffffffed][0xfffffff7][0xffffffe5][0xffffffef][0xfffffff9]t[0xffffffda][0xf][0xffffffbf][0xffffffce][0xffffff97][0xffffffe9]y[0xfffffff9][0xffffffde]H[0xffffffd9][0xffffffcb]t[0xfffffff8][0xffffffba][0xfffffffc][0xffffffab][0xffffff92]]Q[0xffffffca]^P@?[0xffffffbe][0xffffff8c]([0xffffffa9][0xffffffbb][0xffffffb7]<[0xffffffc4][0xffffffae]yaw[0xffffff99]N[0xffffffd3][0xfffffffe]:][0x1f][0xffffff9e][0xfffffff3][0xffffffb8]R[0xffffff89][0xffffff88][0xffffffcb][0xffffff86]kW[0xffffff89][0xc][0x1b][0xffffffe2]7[0xffffffc4]m[0x8]l[0xffffff88][0xffffffdd][0x10][0xffffffb3]!zC[0xffffffd4][0xffffff86][0xffffffc8][\r]I9[0xffffffab]QU"B&[0xffffffeb]3[0xffffffc2]o[0xffffff88][0xffffffdb][0x10][0xffffffd8][0x10][0xffffffbb]!)g[0xffffffd9][0x12][0xffffffbd]!jC[0xffffffe4][0xffffff86][0xffffff88][0xffffff8e][0xffffff84][0xffffffd0][0x3][0xffffffdf][0x3][0xffffffd7][0x3][0xffffffe8][0xffffff81][0xffffffed]A[0xffffff9f]m[0xffffffe8][0xffffff93][\r]}[0xffffffae][0xffffffa1]O5P[0xffffffa6][0xfffffff8]m5`<[0xffffffcd][0xffffffe7][0xffffff8f][0xffffffef][0x19]K[0xffffffc6]>t[0xffffffcf]y[0xffffffdf][0x3][0xffffffd7][0x3][0xffffffe8][0xffffff81][0xffffffed][0xffffff81][0xffffffe9][0x1][0x15][0xffffffa0]|[0x3]T[0xf][0xffffffa8][0x0][0xffffffe5][0x1a] :[0xffffffe0]B[0xf]R[0xffffffa6][0xffffffd0][0x0][0xffffffd7][0x3][0xffffffe8][0xffffff81][0xffffffed][0xffffff81][0xffffffe9][0xffffff81][0xffffffee][0xffffff81][0xffffffea][0xffffff81][0xffffffec][0xffffff81][0xffffffe8][0x0][0xffffff84][0x1e][0xffffffa4]Lm[0x3]R[0xffffffa6][0xffffffa6][0x1][0xffffffd0][0x3][0xffffffdb][0xffffff83][0xffffff94]i[0xfffffff3][0x1][0xffffff81][0xffffffee]A[0xffffffca][0xffffffb4]9[0xfffffff6][0xffffff90]2m[0xe][0x5][0xffffff88][0xe][0xffffffd8][0xffffffd0][0x3][0xffffffdf][0x3][0xffffffd7][0xffffff83][0xffffff94][0xffffffa9]h[0xffffff80]e[0xffffffd0]*[0xffffffdf][0x1f][0xffffffef][0xffffffd3]e[0xffffffdf][0xffffffe8][0xffffffdd]B[0xfffffff1][0xffffffff][0xffffffd1][0xffffffbb][0xfffffff4][0xffffffe0]uy[0xffffffbe]}[0xffffffee]/S[0xffffff8e][0xffffffd8][0xffffffcb][0xfffffff5][0xffffffea][0xffffff97]~L[0xffffff9e]G[0xffffffd2][0xffffffe5][0x5][0x2]//[0xffffff89]ws[0xffffffe1][0xffffffe4][0xfffffff1][0xffffff92][0xffffffa7][\n]"
10:31:14.952 [main] DEBUG org.apache.hc.client5.http.wire -- http-outgoing-1 << "x[0xfffffffb][0xfffffffb][0xffffffc0][0xffffff98],^[0xffffffb2]T[0x1][0xffffffad][0xffffff83][0xffffffd4][0xffffff8a]9Y[0xffffffbc]d[0xffffffa9]<[0xe][0x13][0x1c]crx[0xffffffc9]Q9[0xfffffffc][0xffffff82]$[0xffffffda][0xffffff92][0xffffffc2]E[0xffffffeb] Q[0xffffffcc]2G=h[0xc][0xffffffa4]Te[0x18]T[0xffffff85][0xffffffc6]?z[0xffffffa6][0xffffffee][0xffffffce]=[0xffffffda]B[0xffffffa1][0xfffffff5][0xffffff8e]8Q[0xffffffc1][0xffffffb6][0xffffffb5][0xffffff8e][0xffffffa8][0xfffffff8][0x5][0xffffff9b][0xffffffd6]9[0xffffff86]Re[0xffffffd0][0xffffffad]oD[0xffffffb3][0xffffff91][0xffffffa9]j]#.Z[0xffffffc1][0xffffffb2]5[0xffffff8d][0xffffffe4][0xffffffc7]2[0x16][0xffffffad]g[0xfffffff4][0xffffffa5]p[0x1f]Z[0xffffffc7][0x8]P[0xffffffa8][0xffffffef][0xffffffec]b[0xffffffa6][0xffffffae]5[0xffffff8b]P6[0xffffffc6]Ck[0x15][0xffffffeb][0x12][0xffffffa1][0xffffff88][0xffffffdc]Y[0xffffffc5][0xc]M[0xffffffe3][0x14]}I[0xc][0xffffffc5][0xffffffe4][0xffffffce]'f[0xffffffa8][0xffffffee]mb[0xffffff86][0xffffffb2]q[0xffffff89][0xffffff96][0xffffffe7][0x17][0xffffff8d]I[0xffffffe4]TQ\[0xffffffee],b[0xffffff86][0xffffffbe]s[0xffffff88][0xffffff99][0xffffffba][0xffffffc6] :[0xffffff86][0xffffffd0][0xffffffd8]C_[0xffffffa6]G[0xffffffb5]Y[0xffffffdd]!g[0xffffff8f][0xffffff8a][0xffffffb3][0xffffff9a]C\[0xffffffe0]Buc[0xe][0xffffff81][0x7]U[0xffffff8d]7[0xfffffff4]e[0xffffffc3]Q~VkX7[0xb]5h[0xffffffb5][0xffffff86]|[0xffffffd6]Q[0xffffff87]Vg[0xffffffc8]'[0x1a][0xffffffb5][0xffffffa8]1[0xffffff86][0xffffffb2][0xffffff94][0xffffff8a][0xffffff82][0xffffffd4][0xfffffffa][0xffffffc2]2[0x17][0xffffffaa][0xffffffd2]j[0xb][0x1d][0xffffff8f]j[0x1b]W[0xffffffc8]G[0x19][0xffffffd5]i[0xfffffff5][0xffffff84][0xfffffff5]p[0xffffffa2]D5[0xffffff9e][0xffffff90]?5[0xffffffd4][0xffffffa9][0xffffffc6][0x12][0xffffffd6][0xffffffb9][0xffffff8a][0xffffff95]K[0xffffff81][\r]mP[0xffffff8c]\[0xe][0xffffff8a][0xffffff8f][0xffffffcb]A[0xffffffb1]q9(..[0x7][0xffffffc5][0xffffffc4][0xffffffe5][0xffffffa0]x[0xffffffb8][0x1c][0x14][0xb][0xffffff97][0x3][0xffffff99]=[[0xe]D[0x13][0x18][0xffffffca][0xffffff80]36[0xffffff94][0xffffff81].[0xfffffff3][0x18][0xffffffca]@[0xffffff95][0xffffffc5]0[0xffffff90][0xffffff83];[0xffffffd3]7[0x1f].[0xb])[0xffffffd8][0xfffffff0][0xffffffcb][0xfffffff1]ej4[0xfffffff0][0xffffffed]:![0xfffffff8]O[0x11]<N[0xffffffdf][0xffffffa6][0x13][0xffffff8d]:[0xffffffbe][0xfffffff1][0x8]I[0x11][0xffffffa7][0xfffffff3][0xffffffe3][0xffffffc7]uW[0xffffffd9]#[\r][0xffffffb2][0xffffffbb]-[0xffffffcb][0xffffffe9][0xffffffba][0xfffffffb][0xffffff9c][0xffffffbe][0x14]Q| [0xffffffba][0xfffffff6][0xffffffb5][0xffffffd2][0xffffffe3][0xffffffcd] }[0xffffffa1][0xffffffdc][0xffffffd5]J[0xffffff87][0xffffffa6][0x1b]W2S[0xffffffee]i[0xffffffa5]S[0xffffffe9] g[0xffffffca][0x1d][0xffffffad][0x4][0xffffff90][0xffffffd4]qf[0xffffffca][0xfffffffd][0xffffffac][0xffffffb4]x>p[0xfffffff5][0x12][0xffffffad][0xffffffdd][0xffffffac][0xffffffb4]([0xffffffb4][0xffffffae][0xffffffcc]V{Yi[0x0][0xffffffc7][0xffffff85]B[0xffffffb9][0xffffff93][0xffffffc5][0x1e][0xffffff80][0xffffffee][0xfffffff0][0xc][0xffffffb9][0xffffff8d][0xffffff95][0xffffffda][0xffffffd1][0xffffff8d]Y(7[0xffffffb1][0xffffffd8]"
10:31:14.956 [main] DEBUG org.apache.hc.client5.http.wire -- http-outgoing-1 << "[0xffffff8f]jT[0xffffffb0]B[0xffffffb9][0xffffff85][0xffffff95][\n]"
10:31:14.957 [main] DEBUG org.apache.hc.client5.http.wire -- http-outgoing-1 << "[0xffffffbf]T[0xffffffc7]#p[0x3][0xffffff8b][0x1d][0xffffff87][0xffffffa9]E[0xffffffd4][0xffffffee][0x15]o[0x3]K[0x1d]A[0xffffffa6][0xffffffdc][0xffffffbb]J%[0xffffffc5]:.w[0xffffffae]xYX[0xffffffea][0xffffff9f][0xffffff88]r[0xffffffdf][0xffffff8a][0xffffffd2]OB[0xffffff91]Y[0xffffffe9]Z%UW[0x16][0xffffff86][V,MUV[0x1a]V[0xffffffac][0xffffffc1]TV[0xffffffda]U[0xffffffcc][0xffffffaa][0xffffffce][0xffffffcc][0xffffffcd]j@[0xffffff8d][0xffffffd1]2[0xffffffa3][0xffffffd2][0xffffffa8][0x6]\z][0xffffff9e]*]j[0x10][0xffffffeb][0x4][0xffffffa5]C[0xfffffff5][0xffffffa4]t[0xffffffe5][0xffffffc5][0xffffffd2][0xffffff9d]z,,[0x13][0xffffffee]Li[0xffffffc7][0xfffffff3][0xffffffc6]pW[0xffffffea]pm[0xffffffcb]k[0xffffffdc][0xffffff92][0x2][0xffffff84][0xffffffb2]%[0xffffffdc][0xffffff8e][0x2][0x1e][0x9][0xffffffc8]k[0xffffffc1][0xffffffbd][0xffffffa8][0xffffffa5][0x5].O[0xffffff95]F[0xffffffd4]&[0xffffff83][0xffffff92][0x8]7[0xffffffa1]([\r][0xffffffb6][0xffffffcc][0xffffff87][0xffffffea][0xffffff95][0xffffffd5]3pN[0xffffffdc][0xffffff93][0xffffffe2]=[[0xffffffb6][0xffffffaa][0xfffffff6][0xffffffa3]X1[0xffffff9e][0xffffffbb][0xffffffc4]j3Jg6[0xffffff93][0xffffffd2][0xffffff88]*[0xffffffc7]G[0xffffff87]{P[0xffffffa5]+)[0xfffffffd]'[0xffffffc9]b![0xffffffa5][0xfffffff5][0xffffff94][0x1a]{[0xfffffff3][0xffffff8c][0xffffff8c][0xffffff89][0xffffffef][0xffffff97][0xffffffe9]q>_o[0xfffffffb][0xffffffd3]i:f[0xffffffa8]"[0xffffffd0][0xffffffcd][0xffffffae][0xfffffff3]912[0xffffffa2][0xffffff84][0xffffff81][\n]"
10:31:14.957 [main] DEBUG org.apache.hc.client5.http.wire -- http-outgoing-1 << "[0xffffffb9]|#"[0xffffffea]$[0xffffffde]vy?[0xffffffb4][0xffffff8f][0xfffffff8]a[0x19][0x1d]r[0xffffffa8]Htp[0xffffffa7]}>#[0xffffffd8][0xffffff87][0xffffffd1][0xffffff95][0xffffff8d]z[0xfffffffd][0xfffffff0][0xf][0xffffffe2][0x12][0xffffff8f][0xfffffff4]>[0x13][0x0][0x0]"
10:31:14.961 [main] DEBUG org.apache.hc.client5.http.impl.classic.InternalHttpClient -- ep-0000000002 releasing valid endpoint
10:31:14.962 [main] DEBUG org.apache.hc.client5.http.impl.io.PoolingHttpClientConnectionManager -- ep-0000000002 releasing endpoint
10:31:14.962 [main] DEBUG org.apache.hc.client5.http.impl.io.PoolingHttpClientConnectionManager -- ep-0000000002 connection http-outgoing-1 can be kept alive for 3 MINUTES
10:31:14.963 [main] DEBUG org.apache.hc.client5.http.impl.io.PoolingHttpClientConnectionManager -- ep-0000000002 connection released [route: {s}->https://raw.githubusercontent.com:443][total available: 1; route allocated: 1 of 5; total allocated: 2 of 25]
10:31:14.964 [main] DEBUG io.github.bonigarcia.wdm.versions.VersionDetector -- Driver for chrome120.0.6099.63 not found in online properties (using local versions.properties)
10:31:14.968 [main] DEBUG io.github.bonigarcia.wdm.WebDriverManager -- The driver version for CHROME 120.0.6099.63 is unknown ... trying with latest
10:31:14.991 [main] DEBUG org.apache.hc.client5.http.impl.classic.InternalHttpClient -- ex-0000000003 preparing request execution
10:31:14.992 [main] DEBUG org.apache.hc.client5.http.impl.classic.ProtocolExec -- ex-0000000003 target auth state: UNCHALLENGED
10:31:14.992 [main] DEBUG org.apache.hc.client5.http.impl.classic.ProtocolExec -- ex-0000000003 proxy auth state: UNCHALLENGED
10:31:14.993 [main] DEBUG org.apache.hc.client5.http.impl.classic.ConnectExec -- ex-0000000003 acquiring connection with route {s}->https://googlechromelabs.github.io:443
10:31:14.993 [main] DEBUG org.apache.hc.client5.http.impl.classic.InternalHttpClient -- ex-0000000003 acquiring endpoint (3 MINUTES)
10:31:14.993 [main] DEBUG org.apache.hc.client5.http.impl.io.PoolingHttpClientConnectionManager -- ex-0000000003 endpoint lease request (3 MINUTES) [route: {s}->https://googlechromelabs.github.io:443][total available: 1; route allocated: 1 of 5; total allocated: 2 of 25]
10:31:14.994 [main] DEBUG org.apache.hc.client5.http.impl.io.PoolingHttpClientConnectionManager -- ex-0000000003 endpoint leased [route: {s}->https://googlechromelabs.github.io:443][total available: 1; route allocated: 2 of 5; total allocated: 3 of 25]
10:31:14.995 [main] DEBUG org.apache.hc.client5.http.impl.io.PoolingHttpClientConnectionManager -- ex-0000000003 acquired ep-0000000003
10:31:14.995 [main] DEBUG org.apache.hc.client5.http.impl.classic.InternalHttpClient -- ex-0000000003 acquired endpoint ep-0000000003
10:31:14.995 [main] DEBUG org.apache.hc.client5.http.impl.classic.ConnectExec -- ex-0000000003 opening connection {s}->https://googlechromelabs.github.io:443
10:31:14.996 [main] DEBUG org.apache.hc.client5.http.impl.classic.InternalHttpClient -- ep-0000000003 connecting endpoint (null)
10:31:14.996 [main] DEBUG org.apache.hc.client5.http.impl.io.PoolingHttpClientConnectionManager -- ep-0000000003 connecting endpoint to https://googlechromelabs.github.io:443 (30 SECONDS)
10:31:14.996 [main] DEBUG org.apache.hc.client5.http.impl.io.DefaultHttpClientConnectionOperator -- googlechromelabs.github.io resolving remote address
10:31:14.996 [main] DEBUG org.apache.hc.client5.http.impl.io.DefaultHttpClientConnectionOperator -- googlechromelabs.github.io resolved to [googlechromelabs.github.io/185.199.110.153, googlechromelabs.github.io/185.199.111.153, googlechromelabs.github.io/185.199.108.153, googlechromelabs.github.io/185.199.109.153]
10:31:14.997 [main] DEBUG org.apache.hc.client5.http.impl.io.DefaultHttpClientConnectionOperator -- googlechromelabs.github.io:443 connecting null->googlechromelabs.github.io/185.199.110.153:443 (30 SECONDS)
10:31:14.997 [main] DEBUG org.apache.hc.client5.http.ssl.SSLConnectionSocketFactory -- Connecting socket to googlechromelabs.github.io/185.199.110.153:443 with timeout 30 SECONDS
10:31:15.036 [main] DEBUG org.apache.hc.client5.http.ssl.SSLConnectionSocketFactory -- Enabled protocols: [TLSv1.3, TLSv1.2]
10:31:15.037 [main] DEBUG org.apache.hc.client5.http.ssl.SSLConnectionSocketFactory -- Enabled cipher suites: [TLS_AES_256_GCM_SHA384, TLS_AES_128_GCM_SHA256, TLS_CHACHA20_POLY1305_SHA256, TLS_ECDHE_ECDSA_WITH_AES_256_GCM_SHA384, TLS_ECDHE_ECDSA_WITH_AES_128_GCM_SHA256, TLS_ECDHE_ECDSA_WITH_CHACHA20_POLY1305_SHA256, TLS_ECDHE_RSA_WITH_AES_256_GCM_SHA384, TLS_ECDHE_RSA_WITH_CHACHA20_POLY1305_SHA256, TLS_ECDHE_RSA_WITH_AES_128_GCM_SHA256, TLS_DHE_RSA_WITH_AES_256_GCM_SHA384, TLS_DHE_RSA_WITH_CHACHA20_POLY1305_SHA256, TLS_DHE_DSS_WITH_AES_256_GCM_SHA384, TLS_DHE_RSA_WITH_AES_128_GCM_SHA256, TLS_DHE_DSS_WITH_AES_128_GCM_SHA256, TLS_ECDHE_ECDSA_WITH_AES_256_CBC_SHA384, TLS_ECDHE_RSA_WITH_AES_256_CBC_SHA384, TLS_ECDHE_ECDSA_WITH_AES_128_CBC_SHA256, TLS_ECDHE_RSA_WITH_AES_128_CBC_SHA256, TLS_DHE_RSA_WITH_AES_256_CBC_SHA256, TLS_DHE_DSS_WITH_AES_256_CBC_SHA256, TLS_DHE_RSA_WITH_AES_128_CBC_SHA256, TLS_DHE_DSS_WITH_AES_128_CBC_SHA256, TLS_ECDHE_ECDSA_WITH_AES_256_CBC_SHA, TLS_ECDHE_RSA_WITH_AES_256_CBC_SHA, TLS_ECDHE_ECDSA_WITH_AES_128_CBC_SHA, TLS_ECDHE_RSA_WITH_AES_128_CBC_SHA, TLS_DHE_RSA_WITH_AES_256_CBC_SHA, TLS_DHE_DSS_WITH_AES_256_CBC_SHA, TLS_DHE_RSA_WITH_AES_128_CBC_SHA, TLS_DHE_DSS_WITH_AES_128_CBC_SHA, TLS_RSA_WITH_AES_256_GCM_SHA384, TLS_RSA_WITH_AES_128_GCM_SHA256, TLS_RSA_WITH_AES_256_CBC_SHA256, TLS_RSA_WITH_AES_128_CBC_SHA256, TLS_RSA_WITH_AES_256_CBC_SHA, TLS_RSA_WITH_AES_128_CBC_SHA, TLS_EMPTY_RENEGOTIATION_INFO_SCSV]
10:31:15.038 [main] DEBUG org.apache.hc.client5.http.ssl.SSLConnectionSocketFactory -- Starting handshake (null)
10:31:15.096 [main] DEBUG org.apache.hc.client5.http.ssl.SSLConnectionSocketFactory -- Secure session established
10:31:15.097 [main] DEBUG org.apache.hc.client5.http.ssl.SSLConnectionSocketFactory --  negotiated protocol: TLSv1.3
10:31:15.097 [main] DEBUG org.apache.hc.client5.http.ssl.SSLConnectionSocketFactory --  negotiated cipher suite: TLS_AES_128_GCM_SHA256
10:31:15.097 [main] DEBUG org.apache.hc.client5.http.ssl.SSLConnectionSocketFactory --  peer principal: CN=*.github.io, O="GitHub, Inc.", L=San Francisco, ST=California, C=US
10:31:15.097 [main] DEBUG org.apache.hc.client5.http.ssl.SSLConnectionSocketFactory --  peer alternative names: [*.github.io, github.io, *.github.com, github.com, www.github.com, *.githubusercontent.com, githubusercontent.com]
10:31:15.097 [main] DEBUG org.apache.hc.client5.http.ssl.SSLConnectionSocketFactory --  issuer principal: CN=DigiCert TLS RSA SHA256 2020 CA1, O=DigiCert Inc, C=US
10:31:15.097 [main] DEBUG org.apache.hc.client5.http.impl.io.DefaultManagedHttpClientConnection -- http-outgoing-2 set socket timeout to 3 MINUTES
10:31:15.097 [main] DEBUG org.apache.hc.client5.http.impl.io.DefaultHttpClientConnectionOperator -- googlechromelabs.github.io:443 connected null->googlechromelabs.github.io/185.199.110.153:443 as http-outgoing-2
10:31:15.098 [main] DEBUG org.apache.hc.client5.http.impl.io.PoolingHttpClientConnectionManager -- ep-0000000003 connected http-outgoing-2
10:31:15.098 [main] DEBUG org.apache.hc.client5.http.impl.classic.InternalHttpClient -- ep-0000000003 endpoint connected
10:31:15.098 [main] DEBUG org.apache.hc.client5.http.impl.classic.MainClientExec -- ex-0000000003 executing GET /chrome-for-testing/last-known-good-versions-with-downloads.json HTTP/1.1
10:31:15.098 [main] DEBUG org.apache.hc.client5.http.protocol.RequestAddCookies -- ex-0000000003 Cookie spec selected: strict
10:31:15.098 [main] DEBUG org.apache.hc.client5.http.impl.classic.InternalHttpClient -- ep-0000000003 start execution ex-0000000003
10:31:15.098 [main] DEBUG org.apache.hc.client5.http.impl.io.PoolingHttpClientConnectionManager -- ep-0000000003 executing exchange ex-0000000003 over http-outgoing-2
10:31:15.099 [main] DEBUG org.apache.hc.client5.http.headers -- http-outgoing-2 >> GET /chrome-for-testing/last-known-good-versions-with-downloads.json HTTP/1.1
10:31:15.099 [main] DEBUG org.apache.hc.client5.http.headers -- http-outgoing-2 >> user-agent: Apache-HttpClient/5.0
10:31:15.099 [main] DEBUG org.apache.hc.client5.http.headers -- http-outgoing-2 >> accept-encoding: gzip, deflate, br
10:31:15.099 [main] DEBUG org.apache.hc.client5.http.headers -- http-outgoing-2 >> cache-control: max-age=0
10:31:15.099 [main] DEBUG org.apache.hc.client5.http.headers -- http-outgoing-2 >> connection: keep-alive
10:31:15.099 [main] DEBUG org.apache.hc.client5.http.headers -- http-outgoing-2 >> Host: googlechromelabs.github.io
10:31:15.099 [main] DEBUG org.apache.hc.client5.http.wire -- http-outgoing-2 >> "GET /chrome-for-testing/last-known-good-versions-with-downloads.json HTTP/1.1[\r][\n]"
10:31:15.099 [main] DEBUG org.apache.hc.client5.http.wire -- http-outgoing-2 >> "user-agent: Apache-HttpClient/5.0[\r][\n]"
10:31:15.099 [main] DEBUG org.apache.hc.client5.http.wire -- http-outgoing-2 >> "accept-encoding: gzip, deflate, br[\r][\n]"
10:31:15.099 [main] DEBUG org.apache.hc.client5.http.wire -- http-outgoing-2 >> "cache-control: max-age=0[\r][\n]"
10:31:15.100 [main] DEBUG org.apache.hc.client5.http.wire -- http-outgoing-2 >> "connection: keep-alive[\r][\n]"
10:31:15.100 [main] DEBUG org.apache.hc.client5.http.wire -- http-outgoing-2 >> "Host: googlechromelabs.github.io[\r][\n]"
10:31:15.100 [main] DEBUG org.apache.hc.client5.http.wire -- http-outgoing-2 >> "[\r][\n]"
10:31:15.140 [main] DEBUG org.apache.hc.client5.http.wire -- http-outgoing-2 << "HTTP/1.1 200 OK[\r][\n]"
10:31:15.141 [main] DEBUG org.apache.hc.client5.http.wire -- http-outgoing-2 << "Connection: keep-alive[\r][\n]"
10:31:15.141 [main] DEBUG org.apache.hc.client5.http.wire -- http-outgoing-2 << "Content-Length: 641[\r][\n]"
10:31:15.142 [main] DEBUG org.apache.hc.client5.http.wire -- http-outgoing-2 << "Server: GitHub.com[\r][\n]"
10:31:15.142 [main] DEBUG org.apache.hc.client5.http.wire -- http-outgoing-2 << "Content-Type: application/json; charset=utf-8[\r][\n]"
10:31:15.142 [main] DEBUG org.apache.hc.client5.http.wire -- http-outgoing-2 << "permissions-policy: interest-cohort=()[\r][\n]"
10:31:15.142 [main] DEBUG org.apache.hc.client5.http.wire -- http-outgoing-2 << "x-origin-cache: HIT[\r][\n]"
10:31:15.142 [main] DEBUG org.apache.hc.client5.http.wire -- http-outgoing-2 << "Last-Modified: Thu, 28 Dec 2023 09:09:08 GMT[\r][\n]"
10:31:15.142 [main] DEBUG org.apache.hc.client5.http.wire -- http-outgoing-2 << "Access-Control-Allow-Origin: *[\r][\n]"
10:31:15.143 [main] DEBUG org.apache.hc.client5.http.wire -- http-outgoing-2 << "Strict-Transport-Security: max-age=31556952[\r][\n]"
10:31:15.143 [main] DEBUG org.apache.hc.client5.http.wire -- http-outgoing-2 << "ETag: W/"658d3b34-22ac"[\r][\n]"
10:31:15.143 [main] DEBUG org.apache.hc.client5.http.wire -- http-outgoing-2 << "expires: Thu, 28 Dec 2023 09:19:31 GMT[\r][\n]"
10:31:15.143 [main] DEBUG org.apache.hc.client5.http.wire -- http-outgoing-2 << "Cache-Control: max-age=600[\r][\n]"
10:31:15.143 [main] DEBUG org.apache.hc.client5.http.wire -- http-outgoing-2 << "Content-Encoding: gzip[\r][\n]"
10:31:15.143 [main] DEBUG org.apache.hc.client5.http.wire -- http-outgoing-2 << "x-proxy-cache: HIT[\r][\n]"
10:31:15.143 [main] DEBUG org.apache.hc.client5.http.wire -- http-outgoing-2 << "X-GitHub-Request-Id: AD28:2802F4:8D3D7B:90038F:658D3C18[\r][\n]"
10:31:15.143 [main] DEBUG org.apache.hc.client5.http.wire -- http-outgoing-2 << "Accept-Ranges: bytes[\r][\n]"
10:31:15.144 [main] DEBUG org.apache.hc.client5.http.wire -- http-outgoing-2 << "Date: Thu, 28 Dec 2023 09:31:16 GMT[\r][\n]"
10:31:15.144 [main] DEBUG org.apache.hc.client5.http.wire -- http-outgoing-2 << "Via: 1.1 varnish[\r][\n]"
10:31:15.147 [main] DEBUG org.apache.hc.client5.http.wire -- http-outgoing-2 << "Age: 435[\r][\n]"
10:31:15.147 [main] DEBUG org.apache.hc.client5.http.wire -- http-outgoing-2 << "X-Served-By: cache-mad22069-MAD[\r][\n]"
10:31:15.148 [main] DEBUG org.apache.hc.client5.http.wire -- http-outgoing-2 << "X-Cache: HIT[\r][\n]"
10:31:15.148 [main] DEBUG org.apache.hc.client5.http.wire -- http-outgoing-2 << "X-Cache-Hits: 1[\r][\n]"
10:31:15.148 [main] DEBUG org.apache.hc.client5.http.wire -- http-outgoing-2 << "X-Timer: S1703755877.629947,VS0,VE1[\r][\n]"
10:31:15.148 [main] DEBUG org.apache.hc.client5.http.wire -- http-outgoing-2 << "Vary: Accept-Encoding[\r][\n]"
10:31:15.148 [main] DEBUG org.apache.hc.client5.http.wire -- http-outgoing-2 << "X-Fastly-Request-ID: 8b714166b7090d80d96b1e75b7d819c277a2eb01[\r][\n]"
10:31:15.148 [main] DEBUG org.apache.hc.client5.http.wire -- http-outgoing-2 << "[\r][\n]"
10:31:15.149 [main] DEBUG org.apache.hc.client5.http.headers -- http-outgoing-2 << HTTP/1.1 200 OK
10:31:15.149 [main] DEBUG org.apache.hc.client5.http.headers -- http-outgoing-2 << Connection: keep-alive
10:31:15.149 [main] DEBUG org.apache.hc.client5.http.headers -- http-outgoing-2 << Content-Length: 641
10:31:15.149 [main] DEBUG org.apache.hc.client5.http.headers -- http-outgoing-2 << Server: GitHub.com
10:31:15.149 [main] DEBUG org.apache.hc.client5.http.headers -- http-outgoing-2 << Content-Type: application/json; charset=utf-8
10:31:15.149 [main] DEBUG org.apache.hc.client5.http.headers -- http-outgoing-2 << permissions-policy: interest-cohort=()
10:31:15.150 [main] DEBUG org.apache.hc.client5.http.headers -- http-outgoing-2 << x-origin-cache: HIT
10:31:15.150 [main] DEBUG org.apache.hc.client5.http.headers -- http-outgoing-2 << Last-Modified: Thu, 28 Dec 2023 09:09:08 GMT
10:31:15.150 [main] DEBUG org.apache.hc.client5.http.headers -- http-outgoing-2 << Access-Control-Allow-Origin: *
10:31:15.150 [main] DEBUG org.apache.hc.client5.http.headers -- http-outgoing-2 << Strict-Transport-Security: max-age=31556952
10:31:15.150 [main] DEBUG org.apache.hc.client5.http.headers -- http-outgoing-2 << ETag: W/"658d3b34-22ac"
10:31:15.150 [main] DEBUG org.apache.hc.client5.http.headers -- http-outgoing-2 << expires: Thu, 28 Dec 2023 09:19:31 GMT
10:31:15.150 [main] DEBUG org.apache.hc.client5.http.headers -- http-outgoing-2 << Cache-Control: max-age=600
10:31:15.150 [main] DEBUG org.apache.hc.client5.http.headers -- http-outgoing-2 << Content-Encoding: gzip
10:31:15.150 [main] DEBUG org.apache.hc.client5.http.headers -- http-outgoing-2 << x-proxy-cache: HIT
10:31:15.150 [main] DEBUG org.apache.hc.client5.http.headers -- http-outgoing-2 << X-GitHub-Request-Id: AD28:2802F4:8D3D7B:90038F:658D3C18
10:31:15.150 [main] DEBUG org.apache.hc.client5.http.headers -- http-outgoing-2 << Accept-Ranges: bytes
10:31:15.150 [main] DEBUG org.apache.hc.client5.http.headers -- http-outgoing-2 << Date: Thu, 28 Dec 2023 09:31:16 GMT
10:31:15.151 [main] DEBUG org.apache.hc.client5.http.headers -- http-outgoing-2 << Via: 1.1 varnish
10:31:15.151 [main] DEBUG org.apache.hc.client5.http.headers -- http-outgoing-2 << Age: 435
10:31:15.151 [main] DEBUG org.apache.hc.client5.http.headers -- http-outgoing-2 << X-Served-By: cache-mad22069-MAD
10:31:15.151 [main] DEBUG org.apache.hc.client5.http.headers -- http-outgoing-2 << X-Cache: HIT
10:31:15.151 [main] DEBUG org.apache.hc.client5.http.headers -- http-outgoing-2 << X-Cache-Hits: 1
10:31:15.151 [main] DEBUG org.apache.hc.client5.http.headers -- http-outgoing-2 << X-Timer: S1703755877.629947,VS0,VE1
10:31:15.151 [main] DEBUG org.apache.hc.client5.http.headers -- http-outgoing-2 << Vary: Accept-Encoding
10:31:15.151 [main] DEBUG org.apache.hc.client5.http.headers -- http-outgoing-2 << X-Fastly-Request-ID: 8b714166b7090d80d96b1e75b7d819c277a2eb01
10:31:15.160 [main] DEBUG org.apache.hc.client5.http.impl.classic.MainClientExec -- ex-0000000003 connection can be kept alive for 3 MINUTES
10:31:15.288 [main] DEBUG org.apache.hc.client5.http.wire -- http-outgoing-2 << "[0x1f][0xffffff8b][0x8][0x0][0x0][0x0][0x0][0x0][0x0][0x3][0xffffffcd][0xffffff96][0xffffffcb][0xffffff92][0xffffff9b]0[0x10]E[0xfffffff7][0xfffffff9][0xc][0xffffffad]yI8[0xffffff80]Y&[0xfffffff3][0x7][0xffffff93]URY(F[0xffffffb1][0xffffffa9][0x12][0xffffffe0][0x2][0xffffff8d]'[0xffffff89][0xffffff8b][0x7f][0xffffff8f][0xc]2[0xffffffe6]!1+[0xffffffab]Ya[0x1a][0xffffffb9][0xfffffffb]B[0xffffff9d][0xffffffea]:W$[0xfffffff2][0xffffff82]5[0xffffff82][0x16]g[0xffffff94]"[0x12][0xffffff90][0xffffffd0][0xffffffc5][0xffffffc4]%[0xfffffff1]7[0xffffff82][0xffffffd3] I[0xffffffc3][0xffffffc4][0xb][0xffffff83][0xffffffe4];r[0xffffffd0][0xffffffe1]D[0xffffffcb][0xffffff92][0xfffffff1][0x6][0xffffffa5]W[0xfffffff4]*[0xffffffe8]/[0xffffffce]n[0xffffffbf]TU[0xfffffffe]U[0xffffffd5][0x1c]tau[0xffffff93]W[0xffffffa5],a[0x12]x[0xffffff81][0x17][0x5][0xfffffffb][0xffffffbd][0xffffff87][0xffffff83][0xffffffbd]|T[0xffffffb3]K><[0xffffffc3]q[0x18][0x11]Y[0xffffffcc][0xffffffaa][0xfffffff7][0xffffff92]W4k[0xfffffffa]~uU[0xffffffc8][0xffffffce]?[0xffffffae][0xffffffe8][0xffffffcc][0xffffffa9][0xfffffff8]][0xffffffd5][0xffffff85]<[0xffffffcc][0xfffffff3][0xfffffff2][0xffffffed]O[0xffffffb4][0xffffff93][0xffffff87][0xffffffdf][0xffffffea][0xffffffdb][0xffffffac][0xffffff93][0x10][0xffffffe7]&[0xfffffff5]}[0xffffff96][0x1d]Y[0xffffffc6][0xffffffbd][0xffffff82]y[0xffffffc7][0xffffff8b][0xffffffc0][0xffffffde][0xffffffa1]*T[0xffffffc9][0xffffffef][0xfffffffb][0xffffffa8][0xffffff8b]+[0xffffffdb][0xffffffb8]B[0xffffffbe]d^[0x1e][0xfffffffd]i(_[0xffffffb5][0xffffffbe][0xffffff9f]T[0xffffffb7][0xffffffde][0xffffffbf][0xfffffffc][0xffffff8c]Zg[0x12][0xffffffa2][0xffffffa0][0x7][0xffffff97][0xffffffd6][0xffffffc5]sb[0xc][0xffffffcd][0xffffffef]g[0xffffff87][0xffffff82])[0xffffffca][0xffffff93][0xffffffbe][0xffffff87]j=[0xffffff8e]a[0xfffffff8][0x1e][0xffffffef]y[0x19][0xffffff92]gD[0xffffffe8][0x1a][0xffffffdf][0xffffffcf]u7[0xffffff86][0xfffffff1][0xffffffcf][0xfffffff9][0x2]][0xffffffe3][0xffffffd1][0xfffffff8][0xfffffffb][0xffffffdb][0xffffffff]t[0x14][0xffffff9d]Y[0xffffff9d]K[0xffffffc6][0xffffffc1][0x18][0xffffffed][0xffffffc7]o[0xffffff86]T[0x15]g[0x1b][0xffffffbc][0xffffff8e][0xffffffc2]@R[0xffffffab]b[0xffffffc0][0xffffffb2][0xfffffffb][0x8][0xffffffb1] [0xffffffd8]=1[0xffffff9a]q[0xffffffd6]4nsb[0xffffff9c][0xffffff83][0xffffffa1]<[0xffffffcb][0xffffffb1][0x19][0xffffffa6][0xffffffe7][0xffffffb9][0xffffffb6][0x1][0xffffffb7].[0x15]$[0xffffffe5][0xfffffff3]<[0xffffffb0][0xffffffb8]k[0xffffffd2][0xc][0xffffffdc][0xffffffb7][0xffffffad][0xffffff83][0xffffffbe]0A[0xffffffa7][0xffffffc6][0xffffffd2]U[0xffffffa6][0xffffffbe][0xffffff82]o[0xffffffdd]q[0x14]{8[0xffffff9a][0xffffffeb]J[0x18][0xffffffe2] [0xffffff86][0xffffffd0][0xffffff95]Q&@[[0x19][0xffffffa7][0xffffff80][0xffffff94][0xffffff95]y[0xe][0xfffffffb][0xffffffae]2N`_Uf[0xffffffd3][0xffffffe1]M[0xffffffc5][0xffffff8c][0xffffffa7]}QY[0xffffff83][0xffffffd4][0xffffffbe][0xffffffa7][0xffffff98]Q[0xffffffb5][0xffffffab])&`mZ[0xffffff8a][0x9][0xffffffdb][0xffffffad]H[0xffffffca][0xffffffca][0xffffff92][0xffffff85]s[0xffffff94][0xffffffd5][0xffffff9d][0xb][0xffffffa7](++[0x18][0xffffffc6]P[0xffffff8c][0x1b][0x19]BP[0xffffff8c][0xb][0xfffffffa][0x3]?ya[0xffffff97][0xffffffa9][0xffffff9e][0xffffffdc][\n]"
10:31:15.289 [main] DEBUG org.apache.hc.client5.http.wire -- http-outgoing-2 << "S;!][0xffffffeb]D^[0x16]r[0x12][0xffffffc5][0xffffffbb][0x4]BN[0x1e][0xffffff91][0x0][0xffffffdd]d[0x14][0x2]RMf1[0xffffffec][0xffffff9b][0xffffffc9]([0xffffff80]}1[0xffffff99][0xe][0xffffff87][0xfffffff7][0x12]#[0xffffff99][0xfffffff6][0xffffffb5]d[0xffffff85]O[0xfffffffb]Vb[0xffffffa4][0xffffffd4][0xffffffae][0xffffff94][0x18]X[0xffffffb5][0xffffffe9]$[0x6]b[0xffffffb7][0xffffffa2]$[0xffffffe6][0xffffffd5][\n]"
10:31:15.290 [main] DEBUG org.apache.hc.client5.http.wire -- http-outgoing-2 << "g$k[0xffffff9b][0x16]NH[0xffffffcc][0xffffff8b][0x17][0xffffffc6]GL{[0x18]BGLk[0xfffffff9][0x3][0x1b][0xfffffff9]JKZ[0xffffffff][0xffffff9d][\n]"
10:31:15.290 [main] DEBUG org.apache.hc.client5.http.wire -- http-outgoing-2 << "[0xffffff89][0xffffffaa]i[0xffffff9c][0xffffff84]`[0xffffffbc]t[0xffffff92][0x1d][0xffffffc6][0xffffff9f]C0'[0xffffffe9]"A;I[0x1f][0x2][0xffffffdc]I[0x1e]1[0xffffff80][0xffffff9c][0xffffffa4][0xf][0x0][0xffffffe4]$[0xffffffc3][0xfffffff0][0xffffff8d]8[0xffffff89][0xffffff8e]L '[0xffffffd1][0xfffffff3][0x9][0xffffffe4]$:J[0x1][0xffffff9c]d[0xffffffc9][0xffffffaa]u'Y[0x12][0xffffffbb])'[0xffffffd1][0xffffffae]V`'1lZ`'[0xffffffd1].^@'[0xffffffd1][0xffffffec]a0'[0xffffffd1][0xffffffac][0xffffffe5]U'i[0xffffffdb]O[0xffffffff][0x1][0xffffffee][0xffffffde][0xffffffae][0xffffffb2][0xffffffac]"[0x0][0x0]"
10:31:15.390 [main] DEBUG org.apache.hc.client5.http.impl.classic.InternalHttpClient -- ep-0000000003 releasing valid endpoint
10:31:15.391 [main] DEBUG org.apache.hc.client5.http.impl.io.PoolingHttpClientConnectionManager -- ep-0000000003 releasing endpoint
10:31:15.391 [main] DEBUG org.apache.hc.client5.http.impl.io.PoolingHttpClientConnectionManager -- ep-0000000003 connection http-outgoing-2 can be kept alive for 3 MINUTES
10:31:15.391 [main] DEBUG org.apache.hc.client5.http.impl.io.PoolingHttpClientConnectionManager -- ep-0000000003 connection released [route: {s}->https://googlechromelabs.github.io:443][total available: 2; route allocated: 2 of 5; total allocated: 3 of 25]
10:31:15.482 [main] DEBUG io.github.bonigarcia.wdm.WebDriverManager -- Driver chromedriver 120.0.6099.109 found in cache
10:31:15.483 [main] INFO io.github.bonigarcia.wdm.WebDriverManager -- Exporting webdriver.chrome.driver as C:\Users\info\.cache\selenium\chromedriver\win64\120.0.6099.109\chromedriver.exe
10:31:31.143 [main] DEBUG io.github.bonigarcia.wdm.WebDriverManager -- Using WebDriverManager 5.6.2
10:31:31.189 [main] WARN io.github.bonigarcia.wdm.versions.VersionDetector -- Exception reading CfT URL ('null') to get version of chromedriver (For input string: "120.0.6099.63")
10:31:31.191 [main] DEBUG org.apache.hc.client5.http.impl.classic.InternalHttpClient -- ex-0000000004 preparing request execution
10:31:31.191 [main] DEBUG org.apache.hc.client5.http.impl.classic.ProtocolExec -- ex-0000000004 target auth state: UNCHALLENGED
10:31:31.191 [main] DEBUG org.apache.hc.client5.http.impl.classic.ProtocolExec -- ex-0000000004 proxy auth state: UNCHALLENGED
10:31:31.191 [main] DEBUG org.apache.hc.client5.http.impl.classic.ConnectExec -- ex-0000000004 acquiring connection with route {s}->https://googlechromelabs.github.io:443
10:31:31.191 [main] DEBUG org.apache.hc.client5.http.impl.classic.InternalHttpClient -- ex-0000000004 acquiring endpoint (3 MINUTES)
10:31:31.191 [main] DEBUG org.apache.hc.client5.http.impl.io.PoolingHttpClientConnectionManager -- ex-0000000004 endpoint lease request (3 MINUTES) [route: {s}->https://googlechromelabs.github.io:443][total available: 0; route allocated: 0 of 5; total allocated: 0 of 25]
10:31:31.191 [main] DEBUG org.apache.hc.client5.http.impl.io.PoolingHttpClientConnectionManager -- ex-0000000004 endpoint leased [route: {s}->https://googlechromelabs.github.io:443][total available: 0; route allocated: 1 of 5; total allocated: 1 of 25]
10:31:31.192 [main] DEBUG org.apache.hc.client5.http.impl.io.PoolingHttpClientConnectionManager -- ex-0000000004 acquired ep-0000000004
10:31:31.192 [main] DEBUG org.apache.hc.client5.http.impl.classic.InternalHttpClient -- ex-0000000004 acquired endpoint ep-0000000004
10:31:31.192 [main] DEBUG org.apache.hc.client5.http.impl.classic.ConnectExec -- ex-0000000004 opening connection {s}->https://googlechromelabs.github.io:443
10:31:31.192 [main] DEBUG org.apache.hc.client5.http.impl.classic.InternalHttpClient -- ep-0000000004 connecting endpoint (null)
10:31:31.192 [main] DEBUG org.apache.hc.client5.http.impl.io.PoolingHttpClientConnectionManager -- ep-0000000004 connecting endpoint to https://googlechromelabs.github.io:443 (30 SECONDS)
10:31:31.192 [main] DEBUG org.apache.hc.client5.http.impl.io.DefaultHttpClientConnectionOperator -- googlechromelabs.github.io resolving remote address
10:31:31.192 [main] DEBUG org.apache.hc.client5.http.impl.io.DefaultHttpClientConnectionOperator -- googlechromelabs.github.io resolved to [googlechromelabs.github.io/185.199.110.153, googlechromelabs.github.io/185.199.111.153, googlechromelabs.github.io/185.199.108.153, googlechromelabs.github.io/185.199.109.153]
10:31:31.193 [main] DEBUG org.apache.hc.client5.http.impl.io.DefaultHttpClientConnectionOperator -- googlechromelabs.github.io:443 connecting null->googlechromelabs.github.io/185.199.110.153:443 (30 SECONDS)
10:31:31.193 [main] DEBUG org.apache.hc.client5.http.ssl.SSLConnectionSocketFactory -- Connecting socket to googlechromelabs.github.io/185.199.110.153:443 with timeout 30 SECONDS
10:31:31.234 [main] DEBUG org.apache.hc.client5.http.ssl.SSLConnectionSocketFactory -- Enabled protocols: [TLSv1.3, TLSv1.2]
10:31:31.234 [main] DEBUG org.apache.hc.client5.http.ssl.SSLConnectionSocketFactory -- Enabled cipher suites: [TLS_AES_256_GCM_SHA384, TLS_AES_128_GCM_SHA256, TLS_CHACHA20_POLY1305_SHA256, TLS_ECDHE_ECDSA_WITH_AES_256_GCM_SHA384, TLS_ECDHE_ECDSA_WITH_AES_128_GCM_SHA256, TLS_ECDHE_ECDSA_WITH_CHACHA20_POLY1305_SHA256, TLS_ECDHE_RSA_WITH_AES_256_GCM_SHA384, TLS_ECDHE_RSA_WITH_CHACHA20_POLY1305_SHA256, TLS_ECDHE_RSA_WITH_AES_128_GCM_SHA256, TLS_DHE_RSA_WITH_AES_256_GCM_SHA384, TLS_DHE_RSA_WITH_CHACHA20_POLY1305_SHA256, TLS_DHE_DSS_WITH_AES_256_GCM_SHA384, TLS_DHE_RSA_WITH_AES_128_GCM_SHA256, TLS_DHE_DSS_WITH_AES_128_GCM_SHA256, TLS_ECDHE_ECDSA_WITH_AES_256_CBC_SHA384, TLS_ECDHE_RSA_WITH_AES_256_CBC_SHA384, TLS_ECDHE_ECDSA_WITH_AES_128_CBC_SHA256, TLS_ECDHE_RSA_WITH_AES_128_CBC_SHA256, TLS_DHE_RSA_WITH_AES_256_CBC_SHA256, TLS_DHE_DSS_WITH_AES_256_CBC_SHA256, TLS_DHE_RSA_WITH_AES_128_CBC_SHA256, TLS_DHE_DSS_WITH_AES_128_CBC_SHA256, TLS_ECDHE_ECDSA_WITH_AES_256_CBC_SHA, TLS_ECDHE_RSA_WITH_AES_256_CBC_SHA, TLS_ECDHE_ECDSA_WITH_AES_128_CBC_SHA, TLS_ECDHE_RSA_WITH_AES_128_CBC_SHA, TLS_DHE_RSA_WITH_AES_256_CBC_SHA, TLS_DHE_DSS_WITH_AES_256_CBC_SHA, TLS_DHE_RSA_WITH_AES_128_CBC_SHA, TLS_DHE_DSS_WITH_AES_128_CBC_SHA, TLS_RSA_WITH_AES_256_GCM_SHA384, TLS_RSA_WITH_AES_128_GCM_SHA256, TLS_RSA_WITH_AES_256_CBC_SHA256, TLS_RSA_WITH_AES_128_CBC_SHA256, TLS_RSA_WITH_AES_256_CBC_SHA, TLS_RSA_WITH_AES_128_CBC_SHA, TLS_EMPTY_RENEGOTIATION_INFO_SCSV]
10:31:31.234 [main] DEBUG org.apache.hc.client5.http.ssl.SSLConnectionSocketFactory -- Starting handshake (null)
10:31:31.293 [main] DEBUG org.apache.hc.client5.http.ssl.SSLConnectionSocketFactory -- Secure session established
10:31:31.294 [main] DEBUG org.apache.hc.client5.http.ssl.SSLConnectionSocketFactory --  negotiated protocol: TLSv1.3
10:31:31.294 [main] DEBUG org.apache.hc.client5.http.ssl.SSLConnectionSocketFactory --  negotiated cipher suite: TLS_AES_128_GCM_SHA256
10:31:31.294 [main] DEBUG org.apache.hc.client5.http.ssl.SSLConnectionSocketFactory --  peer principal: CN=*.github.io, O="GitHub, Inc.", L=San Francisco, ST=California, C=US
10:31:31.294 [main] DEBUG org.apache.hc.client5.http.ssl.SSLConnectionSocketFactory --  peer alternative names: [*.github.io, github.io, *.github.com, github.com, www.github.com, *.githubusercontent.com, githubusercontent.com]
10:31:31.294 [main] DEBUG org.apache.hc.client5.http.ssl.SSLConnectionSocketFactory --  issuer principal: CN=DigiCert TLS RSA SHA256 2020 CA1, O=DigiCert Inc, C=US
10:31:31.294 [main] DEBUG org.apache.hc.client5.http.impl.io.DefaultManagedHttpClientConnection -- http-outgoing-3 set socket timeout to 3 MINUTES
10:31:31.294 [main] DEBUG org.apache.hc.client5.http.impl.io.DefaultHttpClientConnectionOperator -- googlechromelabs.github.io:443 connected null->googlechromelabs.github.io/185.199.110.153:443 as http-outgoing-3
10:31:31.294 [main] DEBUG org.apache.hc.client5.http.impl.io.PoolingHttpClientConnectionManager -- ep-0000000004 connected http-outgoing-3
10:31:31.295 [main] DEBUG org.apache.hc.client5.http.impl.classic.InternalHttpClient -- ep-0000000004 endpoint connected
10:31:31.295 [main] DEBUG org.apache.hc.client5.http.impl.classic.MainClientExec -- ex-0000000004 executing GET /chrome-for-testing/LATEST_RELEASE_120.0.6099.63 HTTP/1.1
10:31:31.295 [main] DEBUG org.apache.hc.client5.http.protocol.RequestAddCookies -- ex-0000000004 Cookie spec selected: strict
10:31:31.295 [main] DEBUG org.apache.hc.client5.http.impl.classic.InternalHttpClient -- ep-0000000004 start execution ex-0000000004
10:31:31.295 [main] DEBUG org.apache.hc.client5.http.impl.io.PoolingHttpClientConnectionManager -- ep-0000000004 executing exchange ex-0000000004 over http-outgoing-3
10:31:31.295 [main] DEBUG org.apache.hc.client5.http.headers -- http-outgoing-3 >> GET /chrome-for-testing/LATEST_RELEASE_120.0.6099.63 HTTP/1.1
10:31:31.296 [main] DEBUG org.apache.hc.client5.http.headers -- http-outgoing-3 >> user-agent: Apache-HttpClient/5.0
10:31:31.296 [main] DEBUG org.apache.hc.client5.http.headers -- http-outgoing-3 >> accept-encoding: gzip, deflate, br
10:31:31.296 [main] DEBUG org.apache.hc.client5.http.headers -- http-outgoing-3 >> cache-control: max-age=0
10:31:31.296 [main] DEBUG org.apache.hc.client5.http.headers -- http-outgoing-3 >> connection: keep-alive
10:31:31.296 [main] DEBUG org.apache.hc.client5.http.headers -- http-outgoing-3 >> Host: googlechromelabs.github.io
10:31:31.296 [main] DEBUG org.apache.hc.client5.http.wire -- http-outgoing-3 >> "GET /chrome-for-testing/LATEST_RELEASE_120.0.6099.63 HTTP/1.1[\r][\n]"
10:31:31.296 [main] DEBUG org.apache.hc.client5.http.wire -- http-outgoing-3 >> "user-agent: Apache-HttpClient/5.0[\r][\n]"
10:31:31.296 [main] DEBUG org.apache.hc.client5.http.wire -- http-outgoing-3 >> "accept-encoding: gzip, deflate, br[\r][\n]"
10:31:31.296 [main] DEBUG org.apache.hc.client5.http.wire -- http-outgoing-3 >> "cache-control: max-age=0[\r][\n]"
10:31:31.296 [main] DEBUG org.apache.hc.client5.http.wire -- http-outgoing-3 >> "connection: keep-alive[\r][\n]"
10:31:31.296 [main] DEBUG org.apache.hc.client5.http.wire -- http-outgoing-3 >> "Host: googlechromelabs.github.io[\r][\n]"
10:31:31.296 [main] DEBUG org.apache.hc.client5.http.wire -- http-outgoing-3 >> "[\r][\n]"
10:31:31.336 [main] DEBUG org.apache.hc.client5.http.wire -- http-outgoing-3 << "HTTP/1.1 404 Not Found[\r][\n]"
10:31:31.337 [main] DEBUG org.apache.hc.client5.http.wire -- http-outgoing-3 << "Connection: keep-alive[\r][\n]"
10:31:31.337 [main] DEBUG org.apache.hc.client5.http.wire -- http-outgoing-3 << "Content-Length: 5254[\r][\n]"
10:31:31.337 [main] DEBUG org.apache.hc.client5.http.wire -- http-outgoing-3 << "Server: GitHub.com[\r][\n]"
10:31:31.337 [main] DEBUG org.apache.hc.client5.http.wire -- http-outgoing-3 << "Content-Type: text/html; charset=utf-8[\r][\n]"
10:31:31.337 [main] DEBUG org.apache.hc.client5.http.wire -- http-outgoing-3 << "permissions-policy: interest-cohort=()[\r][\n]"
10:31:31.337 [main] DEBUG org.apache.hc.client5.http.wire -- http-outgoing-3 << "x-origin-cache: HIT[\r][\n]"
10:31:31.337 [main] DEBUG org.apache.hc.client5.http.wire -- http-outgoing-3 << "Access-Control-Allow-Origin: *[\r][\n]"
10:31:31.337 [main] DEBUG org.apache.hc.client5.http.wire -- http-outgoing-3 << "Strict-Transport-Security: max-age=31556952[\r][\n]"
10:31:31.337 [main] DEBUG org.apache.hc.client5.http.wire -- http-outgoing-3 << "ETag: W/"64d39a40-24a3"[\r][\n]"
10:31:31.338 [main] DEBUG org.apache.hc.client5.http.wire -- http-outgoing-3 << "Content-Security-Policy: default-src 'none'; style-src 'unsafe-inline'; img-src data:; connect-src 'self'[\r][\n]"
10:31:31.338 [main] DEBUG org.apache.hc.client5.http.wire -- http-outgoing-3 << "Content-Encoding: gzip[\r][\n]"
10:31:31.338 [main] DEBUG org.apache.hc.client5.http.wire -- http-outgoing-3 << "x-proxy-cache: MISS[\r][\n]"
10:31:31.338 [main] DEBUG org.apache.hc.client5.http.wire -- http-outgoing-3 << "X-GitHub-Request-Id: D770:36888F:8DAD80:90719A:658D4063[\r][\n]"
10:31:31.338 [main] DEBUG org.apache.hc.client5.http.wire -- http-outgoing-3 << "Accept-Ranges: bytes[\r][\n]"
10:31:31.338 [main] DEBUG org.apache.hc.client5.http.wire -- http-outgoing-3 << "Date: Thu, 28 Dec 2023 09:31:32 GMT[\r][\n]"
10:31:31.338 [main] DEBUG org.apache.hc.client5.http.wire -- http-outgoing-3 << "Via: 1.1 varnish[\r][\n]"
10:31:31.338 [main] DEBUG org.apache.hc.client5.http.wire -- http-outgoing-3 << "Age: 17[\r][\n]"
10:31:31.338 [main] DEBUG org.apache.hc.client5.http.wire -- http-outgoing-3 << "X-Served-By: cache-mad22048-MAD[\r][\n]"
10:31:31.338 [main] DEBUG org.apache.hc.client5.http.wire -- http-outgoing-3 << "X-Cache: HIT[\r][\n]"
10:31:31.339 [main] DEBUG org.apache.hc.client5.http.wire -- http-outgoing-3 << "X-Cache-Hits: 1[\r][\n]"
10:31:31.339 [main] DEBUG org.apache.hc.client5.http.wire -- http-outgoing-3 << "X-Timer: S1703755893.824860,VS0,VE1[\r][\n]"
10:31:31.339 [main] DEBUG org.apache.hc.client5.http.wire -- http-outgoing-3 << "Vary: Accept-Encoding[\r][\n]"
10:31:31.339 [main] DEBUG org.apache.hc.client5.http.wire -- http-outgoing-3 << "X-Fastly-Request-ID: 149d57adb3e1f01bd6dd9891d19e1debf0ecb9e2[\r][\n]"
10:31:31.339 [main] DEBUG org.apache.hc.client5.http.wire -- http-outgoing-3 << "[\r][\n]"
10:31:31.340 [main] DEBUG org.apache.hc.client5.http.headers -- http-outgoing-3 << HTTP/1.1 404 Not Found
[...]
10:32:33.208 [main] DEBUG org.apache.hc.client5.http.ssl.SSLConnectionSocketFactory --  negotiated cipher suite: TLS_AES_128_GCM_SHA256
10:32:33.208 [main] DEBUG org.apache.hc.client5.http.ssl.SSLConnectionSocketFactory --  peer principal: CN=*.github.io, O="GitHub, Inc.", L=San Francisco, ST=California, C=US
10:32:33.208 [main] DEBUG org.apache.hc.client5.http.ssl.SSLConnectionSocketFactory --  peer alternative names: [*.github.io, github.io, *.github.com, github.com, www.github.com, *.githubusercontent.com, githubusercontent.com]
10:32:33.208 [main] DEBUG org.apache.hc.client5.http.ssl.SSLConnectionSocketFactory --  issuer principal: CN=DigiCert TLS RSA SHA256 2020 CA1, O=DigiCert Inc, C=US
10:32:33.209 [main] DEBUG org.apache.hc.client5.http.impl.io.DefaultManagedHttpClientConnection -- http-outgoing-35 set socket timeout to 3 MINUTES
10:32:33.209 [main] DEBUG org.apache.hc.client5.http.impl.io.DefaultHttpClientConnectionOperator -- googlechromelabs.github.io:443 connected null->googlechromelabs.github.io/185.199.110.153:443 as http-outgoing-35
10:32:33.209 [main] DEBUG org.apache.hc.client5.http.impl.io.PoolingHttpClientConnectionManager -- ep-0000000036 connected http-outgoing-35
10:32:33.209 [main] DEBUG org.apache.hc.client5.http.impl.classic.InternalHttpClient -- ep-0000000036 endpoint connected
10:32:33.209 [main] DEBUG org.apache.hc.client5.http.impl.classic.MainClientExec -- ex-0000000036 executing GET /chrome-for-testing/last-known-good-versions-with-downloads.json HTTP/1.1
10:32:33.209 [main] DEBUG org.apache.hc.client5.http.protocol.RequestAddCookies -- ex-0000000036 Cookie spec selected: strict
10:32:33.209 [main] DEBUG org.apache.hc.client5.http.impl.classic.InternalHttpClient -- ep-0000000036 start execution ex-0000000036
10:32:33.209 [main] DEBUG org.apache.hc.client5.http.impl.io.PoolingHttpClientConnectionManager -- ep-0000000036 executing exchange ex-0000000036 over http-outgoing-35
10:32:33.209 [main] DEBUG org.apache.hc.client5.http.headers -- http-outgoing-35 >> GET /chrome-for-testing/last-known-good-versions-with-downloads.json HTTP/1.1
10:32:33.209 [main] DEBUG org.apache.hc.client5.http.headers -- http-outgoing-35 >> user-agent: Apache-HttpClient/5.0
10:32:33.209 [main] DEBUG org.apache.hc.client5.http.headers -- http-outgoing-35 >> accept-encoding: gzip, deflate, br
10:32:33.209 [main] DEBUG org.apache.hc.client5.http.headers -- http-outgoing-35 >> cache-control: max-age=0
10:32:33.209 [main] DEBUG org.apache.hc.client5.http.headers -- http-outgoing-35 >> connection: keep-alive
10:32:33.209 [main] DEBUG org.apache.hc.client5.http.headers -- http-outgoing-35 >> Host: googlechromelabs.github.io
10:32:33.209 [main] DEBUG org.apache.hc.client5.http.wire -- http-outgoing-35 >> "GET /chrome-for-testing/last-known-good-versions-with-downloads.json HTTP/1.1[\r][\n]"
10:32:33.209 [main] DEBUG org.apache.hc.client5.http.wire -- http-outgoing-35 >> "user-agent: Apache-HttpClient/5.0[\r][\n]"
10:32:33.209 [main] DEBUG org.apache.hc.client5.http.wire -- http-outgoing-35 >> "accept-encoding: gzip, deflate, br[\r][\n]"
10:32:33.209 [main] DEBUG org.apache.hc.client5.http.wire -- http-outgoing-35 >> "cache-control: max-age=0[\r][\n]"
10:32:33.209 [main] DEBUG org.apache.hc.client5.http.wire -- http-outgoing-35 >> "connection: keep-alive[\r][\n]"
10:32:33.209 [main] DEBUG org.apache.hc.client5.http.wire -- http-outgoing-35 >> "Host: googlechromelabs.github.io[\r][\n]"
10:32:33.209 [main] DEBUG org.apache.hc.client5.http.wire -- http-outgoing-35 >> "[\r][\n]"
10:32:33.250 [main] DEBUG org.apache.hc.client5.http.wire -- http-outgoing-35 << "HTTP/1.1 200 OK[\r][\n]"
10:32:33.250 [main] DEBUG org.apache.hc.client5.http.wire -- http-outgoing-35 << "Connection: keep-alive[\r][\n]"
10:32:33.250 [main] DEBUG org.apache.hc.client5.http.wire -- http-outgoing-35 << "Content-Length: 641[\r][\n]"
10:32:33.250 [main] DEBUG org.apache.hc.client5.http.wire -- http-outgoing-35 << "Server: GitHub.com[\r][\n]"
10:32:33.250 [main] DEBUG org.apache.hc.client5.http.wire -- http-outgoing-35 << "Content-Type: application/json; charset=utf-8[\r][\n]"
10:32:33.250 [main] DEBUG org.apache.hc.client5.http.wire -- http-outgoing-35 << "permissions-policy: interest-cohort=()[\r][\n]"
10:32:33.250 [main] DEBUG org.apache.hc.client5.http.wire -- http-outgoing-35 << "x-origin-cache: HIT[\r][\n]"
10:32:33.250 [main] DEBUG org.apache.hc.client5.http.wire -- http-outgoing-35 << "Last-Modified: Thu, 28 Dec 2023 09:09:08 GMT[\r][\n]"
10:32:33.250 [main] DEBUG org.apache.hc.client5.http.wire -- http-outgoing-35 << "Access-Control-Allow-Origin: *[\r][\n]"
10:32:33.250 [main] DEBUG org.apache.hc.client5.http.wire -- http-outgoing-35 << "Strict-Transport-Security: max-age=31556952[\r][\n]"
10:32:33.250 [main] DEBUG org.apache.hc.client5.http.wire -- http-outgoing-35 << "ETag: W/"658d3b34-22ac"[\r][\n]"
10:32:33.250 [main] DEBUG org.apache.hc.client5.http.wire -- http-outgoing-35 << "expires: Thu, 28 Dec 2023 09:19:31 GMT[\r][\n]"
10:32:33.250 [main] DEBUG org.apache.hc.client5.http.wire -- http-outgoing-35 << "Cache-Control: max-age=600[\r][\n]"
10:32:33.250 [main] DEBUG org.apache.hc.client5.http.wire -- http-outgoing-35 << "Content-Encoding: gzip[\r][\n]"
10:32:33.250 [main] DEBUG org.apache.hc.client5.http.wire -- http-outgoing-35 << "x-proxy-cache: HIT[\r][\n]"
10:32:33.251 [main] DEBUG org.apache.hc.client5.http.wire -- http-outgoing-35 << "X-GitHub-Request-Id: AD28:2802F4:8D3D7B:90038F:658D3C18[\r][\n]"
10:32:33.251 [main] DEBUG org.apache.hc.client5.http.wire -- http-outgoing-35 << "Accept-Ranges: bytes[\r][\n]"
10:32:33.251 [main] DEBUG org.apache.hc.client5.http.wire -- http-outgoing-35 << "Date: Thu, 28 Dec 2023 09:32:34 GMT[\r][\n]"
10:32:33.251 [main] DEBUG org.apache.hc.client5.http.wire -- http-outgoing-35 << "Via: 1.1 varnish[\r][\n]"
10:32:33.251 [main] DEBUG org.apache.hc.client5.http.wire -- http-outgoing-35 << "Age: 513[\r][\n]"
10:32:33.251 [main] DEBUG org.apache.hc.client5.http.wire -- http-outgoing-35 << "X-Served-By: cache-mad22061-MAD[\r][\n]"
10:32:33.251 [main] DEBUG org.apache.hc.client5.http.wire -- http-outgoing-35 << "X-Cache: HIT[\r][\n]"
10:32:33.251 [main] DEBUG org.apache.hc.client5.http.wire -- http-outgoing-35 << "X-Cache-Hits: 3[\r][\n]"
10:32:33.251 [main] DEBUG org.apache.hc.client5.http.wire -- http-outgoing-35 << "X-Timer: S1703755955.739995,VS0,VE1[\r][\n]"
10:32:33.251 [main] DEBUG org.apache.hc.client5.http.wire -- http-outgoing-35 << "Vary: Accept-Encoding[\r][\n]"
10:32:33.251 [main] DEBUG org.apache.hc.client5.http.wire -- http-outgoing-35 << "X-Fastly-Request-ID: 424c0bfef855a0f35268d988108f203ef84d4533[\r][\n]"
10:32:33.251 [main] DEBUG org.apache.hc.client5.http.wire -- http-outgoing-35 << "[\r][\n]"
10:32:33.251 [main] DEBUG org.apache.hc.client5.http.headers -- http-outgoing-35 << HTTP/1.1 200 OK
10:32:33.251 [main] DEBUG org.apache.hc.client5.http.headers -- http-outgoing-35 << Connection: keep-alive
10:32:33.251 [main] DEBUG org.apache.hc.client5.http.headers -- http-outgoing-35 << Content-Length: 641
10:32:33.251 [main] DEBUG org.apache.hc.client5.http.headers -- http-outgoing-35 << Server: GitHub.com
10:32:33.251 [main] DEBUG org.apache.hc.client5.http.headers -- http-outgoing-35 << Content-Type: application/json; charset=utf-8
10:32:33.251 [main] DEBUG org.apache.hc.client5.http.headers -- http-outgoing-35 << permissions-policy: interest-cohort=()
10:32:33.251 [main] DEBUG org.apache.hc.client5.http.headers -- http-outgoing-35 << x-origin-cache: HIT
10:32:33.251 [main] DEBUG org.apache.hc.client5.http.headers -- http-outgoing-35 << Last-Modified: Thu, 28 Dec 2023 09:09:08 GMT
10:32:33.251 [main] DEBUG org.apache.hc.client5.http.headers -- http-outgoing-35 << Access-Control-Allow-Origin: *
10:32:33.251 [main] DEBUG org.apache.hc.client5.http.headers -- http-outgoing-35 << Strict-Transport-Security: max-age=31556952
10:32:33.251 [main] DEBUG org.apache.hc.client5.http.headers -- http-outgoing-35 << ETag: W/"658d3b34-22ac"
10:32:33.251 [main] DEBUG org.apache.hc.client5.http.headers -- http-outgoing-35 << expires: Thu, 28 Dec 2023 09:19:31 GMT
10:32:33.251 [main] DEBUG org.apache.hc.client5.http.headers -- http-outgoing-35 << Cache-Control: max-age=600
10:32:33.251 [main] DEBUG org.apache.hc.client5.http.headers -- http-outgoing-35 << Content-Encoding: gzip
10:32:33.251 [main] DEBUG org.apache.hc.client5.http.headers -- http-outgoing-35 << x-proxy-cache: HIT
10:32:33.251 [main] DEBUG org.apache.hc.client5.http.headers -- http-outgoing-35 << X-GitHub-Request-Id: AD28:2802F4:8D3D7B:90038F:658D3C18
10:32:33.251 [main] DEBUG org.apache.hc.client5.http.headers -- http-outgoing-35 << Accept-Ranges: bytes
10:32:33.251 [main] DEBUG org.apache.hc.client5.http.headers -- http-outgoing-35 << Date: Thu, 28 Dec 2023 09:32:34 GMT
10:32:33.251 [main] DEBUG org.apache.hc.client5.http.headers -- http-outgoing-35 << Via: 1.1 varnish
10:32:33.251 [main] DEBUG org.apache.hc.client5.http.headers -- http-outgoing-35 << Age: 513
10:32:33.251 [main] DEBUG org.apache.hc.client5.http.headers -- http-outgoing-35 << X-Served-By: cache-mad22061-MAD
10:32:33.251 [main] DEBUG org.apache.hc.client5.http.headers -- http-outgoing-35 << X-Cache: HIT
10:32:33.251 [main] DEBUG org.apache.hc.client5.http.headers -- http-outgoing-35 << X-Cache-Hits: 3
10:32:33.251 [main] DEBUG org.apache.hc.client5.http.headers -- http-outgoing-35 << X-Timer: S1703755955.739995,VS0,VE1
10:32:33.251 [main] DEBUG org.apache.hc.client5.http.headers -- http-outgoing-35 << Vary: Accept-Encoding
10:32:33.251 [main] DEBUG org.apache.hc.client5.http.headers -- http-outgoing-35 << X-Fastly-Request-ID: 424c0bfef855a0f35268d988108f203ef84d4533
10:32:33.251 [main] DEBUG org.apache.hc.client5.http.impl.classic.MainClientExec -- ex-0000000036 connection can be kept alive for 3 MINUTES
10:32:33.252 [main] DEBUG org.apache.hc.client5.http.wire -- http-outgoing-35 << "[0x1f][0xffffff8b][0x8][0x0][0x0][0x0][0x0][0x0][0x0][0x3][0xffffffcd][0xffffff96][0xffffffcb][0xffffff92][0xffffff9b]0[0x10]E[0xfffffff7][0xfffffff9][0xc][0xffffffad]yI8[0xffffff80]Y&[0xfffffff3][0x7][0xffffff93]URY(F[0xffffffb1][0xffffffa9][0x12][0xffffffe0][0x2][0xffffff8d]'[0xffffff89][0xffffff8b][0x7f][0xffffff8f][0xc]2[0xffffffe6]!1+[0xffffffab]Ya[0x1a][0xffffffb9][0xfffffffb]B[0xffffff9d][0xffffffea]:W$[0xfffffff2][0xffffff82]5[0xffffff82][0x16]g[0xffffff94]"[0x12][0xffffff90][0xffffffd0][0xffffffc5][0xffffffc4]%[0xfffffff1]7[0xffffff82][0xffffffd3] I[0xffffffc3][0xffffffc4][0xb][0xffffff83][0xffffffe4];r[0xffffffd0][0xffffffe1]D[0xffffffcb][0xffffff92][0xfffffff1][0x6][0xffffffa5]W[0xfffffff4]*[0xffffffe8]/[0xffffffce]n[0xffffffbf]TU[0xfffffffe]U[0xffffffd5][0x1c]tau[0xffffff93]W[0xffffffa5],a[0x12]x[0xffffff81][0x17][0x5][0xfffffffb][0xffffffbd][0xffffff87][0xffffff83][0xffffffbd]|T[0xffffffb3]K><[0xffffffc3]q[0x18][0x11]Y[0xffffffcc][0xffffffaa][0xfffffff7][0xffffff92]W4k[0xfffffffa]~uU[0xffffffc8][0xffffffce]?[0xffffffae][0xffffffe8][0xffffffcc][0xffffffa9][0xfffffff8]][0xffffffd5][0xffffff85]<[0xffffffcc][0xfffffff3][0xfffffff2][0xffffffed]O[0xffffffb4][0xffffff93][0xffffff87][0xffffffdf][0xffffffea][0xffffffdb][0xffffffac][0xffffff93][0x10][0xffffffe7]&[0xfffffff5]}[0xffffff96][0x1d]Y[0xffffffc6][0xffffffbd][0xffffff82]y[0xffffffc7][0xffffff8b][0xffffffc0][0xffffffde][0xffffffa1]*T[0xffffffc9][0xffffffef][0xfffffffb][0xffffffa8][0xffffff8b]+[0xffffffdb][0xffffffb8]B[0xffffffbe]d^[0x1e][0xfffffffd]i(_[0xffffffb5][0xffffffbe][0xffffff9f]T[0xffffffb7][0xffffffde][0xffffffbf][0xfffffffc][0xffffff8c]Zg[0x12][0xffffffa2][0xffffffa0][0x7][0xffffff97][0xffffffd6][0xffffffc5]sb[0xc][0xffffffcd][0xffffffef]g[0xffffff87][0xffffff82])[0xffffffca][0xffffff93][0xffffffbe][0xffffff87]j=[0xffffff8e]a[0xfffffff8][0x1e][0xffffffef]y[0x19][0xffffff92]gD[0xffffffe8][0x1a][0xffffffdf][0xffffffcf]u7[0xffffff86][0xfffffff1][0xffffffcf][0xfffffff9][0x2]][0xffffffe3][0xffffffd1][0xfffffff8][0xfffffffb][0xffffffdb][0xffffffff]t[0x14][0xffffff9d]Y[0xffffff9d]K[0xffffffc6][0xffffffc1][0x18][0xffffffed][0xffffffc7]o[0xffffff86]T[0x15]g[0x1b][0xffffffbc][0xffffff8e][0xffffffc2]@R[0xffffffab]b[0xffffffc0][0xffffffb2][0xfffffffb][0x8][0xffffffb1] [0xffffffd8]=1[0xffffff9a]q[0xffffffd6]4nsb[0xffffff9c][0xffffff83][0xffffffa1]<[0xffffffcb][0xffffffb1][0x19][0xffffffa6][0xffffffe7][0xffffffb9][0xffffffb6][0x1][0xffffffb7].[0x15]$[0xffffffe5][0xfffffff3]<[0xffffffb0][0xffffffb8]k[0xffffffd2][0xc][0xffffffdc][0xffffffb7][0xffffffad][0xffffff83][0xffffffbe]0A[0xffffffa7][0xffffffc6][0xffffffd2]U[0xffffffa6][0xffffffbe][0xffffff82]o[0xffffffdd]q[0x14]{8[0xffffff9a][0xffffffeb]J[0x18][0xffffffe2] [0xffffff86][0xffffffd0][0xffffff95]Q&@[[0x19][0xffffffa7][0xffffff80][0xffffff94][0xffffff95]y[0xe][0xfffffffb][0xffffffae]2N`_Uf[0xffffffd3][0xffffffe1]M[0xffffffc5][0xffffff8c][0xffffffa7]}QY[0xffffff83][0xffffffd4][0xffffffbe][0xffffffa7][0xffffff98]Q[0xffffffb5][0xffffffab])&`mZ[0xffffff8a][0x9][0xffffffdb][0xffffffad]H[0xffffffca][0xffffffca][0xffffff92][0xffffff85]s[0xffffff94][0xffffffd5][0xffffff9d][0xb][0xffffffa7](++[0x18][0xffffffc6]P[0xffffff8c][0x1b][0x19]BP[0xffffff8c][0xb][0xfffffffa][0x3]?ya[0xffffff97][0xffffffa9][0xffffff9e][0xffffffdc][\n]"
10:32:33.253 [main] DEBUG org.apache.hc.client5.http.wire -- http-outgoing-35 << "S;!][0xffffffeb]D^[0x16]r[0x12][0xffffffc5][0xffffffbb][0x4]BN[0x1e][0xffffff91][0x0][0xffffffdd]d[0x14][0x2]RMf1[0xffffffec][0xffffff9b][0xffffffc9]([0xffffff80]}1[0xffffff99][0xe][0xffffff87][0xfffffff7][0x12]#[0xffffff99][0xfffffff6][0xffffffb5]d[0xffffff85]O[0xfffffffb]Vb[0xffffffa4][0xffffffd4][0xffffffae][0xffffff94][0x18]X[0xffffffb5][0xffffffe9]$[0x6]b[0xffffffb7][0xffffffa2]$[0xffffffe6][0xffffffd5][\n]"
10:32:33.253 [main] DEBUG org.apache.hc.client5.http.wire -- http-outgoing-35 << "g$k[0xffffff9b][0x16]NH[0xffffffcc][0xffffff8b][0x17][0xffffffc6]GL{[0x18]BGLk[0xfffffff9][0x3][0x1b][0xfffffff9]JKZ[0xffffffff][0xffffff9d][\n]"
10:32:33.253 [main] DEBUG org.apache.hc.client5.http.wire -- http-outgoing-35 << "[0xffffff89][0xffffffaa]i[0xffffff9c][0xffffff84]`[0xffffffbc]t[0xffffff92][0x1d][0xffffffc6][0xffffff9f]C0'[0xffffffe9]"A;I[0x1f][0x2][0xffffffdc]I[0x1e]1[0xffffff80][0xffffff9c][0xffffffa4][0xf][0x0][0xffffffe4]$[0xffffffc3][0xfffffff0][0xffffff8d]8[0xffffff89][0xffffff8e]L '[0xffffffd1][0xfffffff3][0x9][0xffffffe4]$:J[0x1][0xffffff9c]d[0xffffffc9][0xffffffaa]u'Y[0x12][0xffffffbb])'[0xffffffd1][0xffffffae]V`'1lZ`'[0xffffffd1].^@'[0xffffffd1][0xffffffec]a0'[0xffffffd1][0xffffffac][0xffffffe5]U'i[0xffffffdb]O[0xffffffff][0x1][0xffffffee][0xffffffde][0xffffffae][0xffffffb2][0xffffffac]"[0x0][0x0]"
10:32:33.255 [main] DEBUG org.apache.hc.client5.http.impl.classic.InternalHttpClient -- ep-0000000036 releasing valid endpoint
10:32:33.255 [main] DEBUG org.apache.hc.client5.http.impl.io.PoolingHttpClientConnectionManager -- ep-0000000036 releasing endpoint
10:32:33.255 [main] DEBUG org.apache.hc.client5.http.impl.io.PoolingHttpClientConnectionManager -- ep-0000000036 connection http-outgoing-35 can be kept alive for 3 MINUTES
10:32:33.255 [main] DEBUG org.apache.hc.client5.http.impl.io.PoolingHttpClientConnectionManager -- ep-0000000036 connection released [route: {s}->https://googlechromelabs.github.io:443][total available: 2; route allocated: 2 of 5; total allocated: 3 of 25]
10:32:33.269 [main] DEBUG io.github.bonigarcia.wdm.WebDriverManager -- Driver chromedriver 120.0.6099.109 found in cache
10:32:33.271 [main] INFO io.github.bonigarcia.wdm.WebDriverManager -- Exporting webdriver.chrome.driver as C:\Users\info\.cache\selenium\chromedriver\win64\120.0.6099.109\chromedriver.exe
Inside Step - browser is open
  Given the browser is open                                            # com.sdetadda.allure.RegistreSteps.the_browser_is_open()
Inside Step - the user is on the website
  And the user is on the website                                       # com.sdetadda.allure.RegistreSteps.the_user_is_on_the_website()
Inside Step - the user navigates to the registration page
  When the user navigates to the registration page                     # com.sdetadda.allure.RegistreSteps.the_user_navigates_to_the_registration_page()
  And the user enters their first name and last name                   # com.sdetadda.allure.RegistreSteps.the_user_enters_their_first_name_and_last_name()
  And the user enters their email, password, and confirms the password # com.sdetadda.allure.RegistreSteps.the_user_enters_their_email_password_and_confirms_the_password()
      org.openqa.selenium.NoSuchWindowException: no such window: target window already closed
from unknown error: web view not found
  (Session info: chrome=120.0.6099.130)
Build info: version: '4.16.1', revision: '9b4c83354e'
System info: os.name: 'Windows 10', os.arch: 'amd64', os.version: '10.0', java.version: '21.0.1'
Driver info: org.openqa.selenium.chrome.ChromeDriver
Command: [a18a8a6c7f44530504870d71956b75a6, findElement {using=name, value=firstname}]
Capabilities {acceptInsecureCerts: false, browserName: chrome, browserVersion: 120.0.6099.130, chrome: {chromedriverVersion: 120.0.6099.109 (3419140ab66..., userDataDir: C:\Users\info\AppData\Local...}, fedcm:accounts: true, goog:chromeOptions: {debuggerAddress: localhost:52161}, networkConnectionEnabled: false, pageLoadStrategy: normal, platformName: windows, proxy: Proxy(), se:cdp: ws://localhost:52161/devtoo..., se:cdpVersion: 120.0.6099.130, setWindowRect: true, strictFileInteractability: false, timeouts: {implicit: 0, pageLoad: 300000, script: 30000}, unhandledPromptBehavior: dismiss and notify, webauthn:extension:credBlob: true, webauthn:extension:largeBlob: true, webauthn:extension:minPinLength: true, webauthn:extension:prf: true, webauthn:virtualAuthenticators: true}
Session ID: a18a8a6c7f44530504870d71956b75a6
	at java.base/jdk.internal.reflect.DirectConstructorHandleAccessor.newInstance(DirectConstructorHandleAccessor.java:62)
	at java.base/java.lang.reflect.Constructor.newInstanceWithCaller(Constructor.java:502)
	at java.base/java.lang.reflect.Constructor.newInstance(Constructor.java:486)
	at org.openqa.selenium.remote.codec.w3c.W3CHttpResponseCodec.createException(W3CHttpResponseCodec.java:200)
	at org.openqa.selenium.remote.codec.w3c.W3CHttpResponseCodec.decode(W3CHttpResponseCodec.java:133)
	at org.openqa.selenium.remote.codec.w3c.W3CHttpResponseCodec.decode(W3CHttpResponseCodec.java:52)
	at org.openqa.selenium.remote.HttpCommandExecutor.execute(HttpCommandExecutor.java:191)
	at org.openqa.selenium.remote.service.DriverCommandExecutor.invokeExecute(DriverCommandExecutor.java:200)
	at org.openqa.selenium.remote.service.DriverCommandExecutor.execute(DriverCommandExecutor.java:175)
	at org.openqa.selenium.remote.RemoteWebDriver.execute(RemoteWebDriver.java:523)
	at org.openqa.selenium.remote.ElementLocation$ElementFinder$2.findElement(ElementLocation.java:165)
	at org.openqa.selenium.remote.ElementLocation.findElement(ElementLocation.java:66)
	at org.openqa.selenium.remote.RemoteWebDriver.findElement(RemoteWebDriver.java:360)
	at org.openqa.selenium.remote.RemoteWebDriver.findElement(RemoteWebDriver.java:354)
	at com.sdetadda.allure.RegistreSteps.the_user_enters_their_email_password_and_confirms_the_password(RegistreSteps.java:45)
	at ✽.the user enters their email, password, and confirms the password(file:///C:/Users/info/eclipse-workspace/AllureReportDemo/src/test/resources/Features/Registre.feature:16)

  And the user clicks on the create account button                     # com.sdetadda.allure.RegistreSteps.the_user_clicks_on_the_create_account_button()
  Then the user is navigated to the home page                          # com.sdetadda.allure.RegistreSteps.the_user_is_navigated_to_the_home_page()

    Scenario failed! Capturing screenshot: Check_registration_success_with_valid_information_1703755959211.png

Screenshot size: 6059
I'm working man

    Embedding Scenario Screenshot [image/png 6059 bytes]

I'm working man1
]]></system-out>
  </testcase>
</testsuite>