<?xml version="1.0" encoding="UTF-8"?>
<testsuite xmlns:xsi="http://www.w3.org/2001/XMLSchema-instance" xsi:noNamespaceSchemaLocation="https://maven.apache.org/surefire/maven-surefire-plugin/xsd/surefire-test-report-3.0.xsd" version="3.0" name="Runner.TestRunner" time="53.692" tests="4" errors="1" skipped="0" failures="0">
  <properties>
[...]
</properties>
  <testcase name="validate google search is working" classname="feature to test google search functionality" time="8.919">
    <error message="no such element: Unable to locate element: {&quot;method&quot;:&quot;css selector&quot;,&quot;selector&quot;:&quot;*[name=&apos;qb&apos;]&quot;}&#10;  (Session info: chrome=120.0.6099.110)&#10;For documentation on this error, please visit: https://www.selenium.dev/documentation/webdriver/troubleshooting/errors#no-such-element-exception&#10;Build info: version: &apos;4.16.1&apos;, revision: &apos;9b4c83354e&apos;&#10;System info: os.name: &apos;Windows 10&apos;, os.arch: &apos;amd64&apos;, os.version: &apos;10.0&apos;, java.version: &apos;21.0.1&apos;&#10;Driver info: org.openqa.selenium.chrome.ChromeDriver&#10;Command: [68123202ace38480c47ad217aeff79eb, findElement {using=name, value=qb}]&#10;Capabilities {acceptInsecureCerts: false, browserName: chrome, browserVersion: 120.0.6099.110, chrome: {chromedriverVersion: 120.0.6099.109 (3419140ab66..., userDataDir: C:\WINDOWS\SystemTemp\scope...}, fedcm:accounts: true, goog:chromeOptions: {debuggerAddress: localhost:62498}, networkConnectionEnabled: false, pageLoadStrategy: normal, platformName: windows, proxy: Proxy(), se:cdp: ws://localhost:62498/devtoo..., se:cdpVersion: 120.0.6099.110, setWindowRect: true, strictFileInteractability: false, timeouts: {implicit: 0, pageLoad: 300000, script: 30000}, unhandledPromptBehavior: dismiss and notify, webauthn:extension:credBlob: true, webauthn:extension:largeBlob: true, webauthn:extension:minPinLength: true, webauthn:extension:prf: true, webauthn:virtualAuthenticators: true}&#10;Session ID: 68123202ace38480c47ad217aeff79eb" type="org.openqa.selenium.NoSuchElementException"><![CDATA[org.openqa.selenium.NoSuchElementException: 
no such element: Unable to locate element: {"method":"css selector","selector":"*[name='qb']"}
  (Session info: chrome=120.0.6099.110)
For documentation on this error, please visit: https://www.selenium.dev/documentation/webdriver/troubleshooting/errors#no-such-element-exception
Build info: version: '4.16.1', revision: '9b4c83354e'
System info: os.name: 'Windows 10', os.arch: 'amd64', os.version: '10.0', java.version: '21.0.1'
Driver info: org.openqa.selenium.chrome.ChromeDriver
Command: [68123202ace38480c47ad217aeff79eb, findElement {using=name, value=qb}]
Capabilities {acceptInsecureCerts: false, browserName: chrome, browserVersion: 120.0.6099.110, chrome: {chromedriverVersion: 120.0.6099.109 (3419140ab66..., userDataDir: C:\WINDOWS\SystemTemp\scope...}, fedcm:accounts: true, goog:chromeOptions: {debuggerAddress: localhost:62498}, networkConnectionEnabled: false, pageLoadStrategy: normal, platformName: windows, proxy: Proxy(), se:cdp: ws://localhost:62498/devtoo..., se:cdpVersion: 120.0.6099.110, setWindowRect: true, strictFileInteractability: false, timeouts: {implicit: 0, pageLoad: 300000, script: 30000}, unhandledPromptBehavior: dismiss and notify, webauthn:extension:credBlob: true, webauthn:extension:largeBlob: true, webauthn:extension:minPinLength: true, webauthn:extension:prf: true, webauthn:virtualAuthenticators: true}
Session ID: 68123202ace38480c47ad217aeff79eb
	at java.base/jdk.internal.reflect.DirectConstructorHandleAccessor.newInstance(DirectConstructorHandleAccessor.java:62)
	at java.base/java.lang.reflect.Constructor.newInstanceWithCaller(Constructor.java:502)
	at java.base/java.lang.reflect.Constructor.newInstance(Constructor.java:486)
	at org.openqa.selenium.remote.codec.w3c.W3CHttpResponseCodec.createException(W3CHttpResponseCodec.java:200)
	at org.openqa.selenium.remote.codec.w3c.W3CHttpResponseCodec.decode(W3CHttpResponseCodec.java:133)
	at org.openqa.selenium.remote.codec.w3c.W3CHttpResponseCodec.decode(W3CHttpResponseCodec.java:52)
	at org.openqa.selenium.remote.HttpCommandExecutor.execute(HttpCommandExecutor.java:191)
	at org.openqa.selenium.remote.service.DriverCommandExecutor.invokeExecute(DriverCommandExecutor.java:200)
	at org.openqa.selenium.remote.service.DriverCommandExecutor.execute(DriverCommandExecutor.java:175)
	at org.openqa.selenium.remote.RemoteWebDriver.execute(RemoteWebDriver.java:523)
	at org.openqa.selenium.remote.ElementLocation$ElementFinder$2.findElement(ElementLocation.java:165)
	at org.openqa.selenium.remote.ElementLocation.findElement(ElementLocation.java:59)
	at org.openqa.selenium.remote.RemoteWebDriver.findElement(RemoteWebDriver.java:360)
	at org.openqa.selenium.remote.RemoteWebDriver.findElement(RemoteWebDriver.java:354)
	at com.sdetadda.allure.GoogleSearch.hits_enter(GoogleSearch.java:46)
	at ✽.hits enter(file:///C:/Users/info/eclipse-workspace/AllureReportDemo/src/test/resources/Features/GoogleSearch.feature:14)
]]></error>
    <system-out><![CDATA[
@google @search @severity=blocker @issue=6 @tmsLink=45678
Scenario: validate google search is working # src/test/resources/Features/GoogleSearch.feature:10
11:26:46.433 [main] DEBUG io.github.bonigarcia.wdm.WebDriverManager -- Using WebDriverManager 5.6.2
11:26:46.816 [main] WARN io.github.bonigarcia.wdm.versions.VersionDetector -- Exception reading CfT URL ('null') to get version of chromedriver (For input string: "120.0.6099.63")
11:26:46.828 [main] DEBUG org.apache.hc.client5.http.impl.classic.InternalHttpClient -- ex-0000000001 preparing request execution
11:26:46.841 [main] DEBUG org.apache.hc.client5.http.impl.classic.ProtocolExec -- ex-0000000001 target auth state: UNCHALLENGED
11:26:46.842 [main] DEBUG org.apache.hc.client5.http.impl.classic.ProtocolExec -- ex-0000000001 proxy auth state: UNCHALLENGED
11:26:46.842 [main] DEBUG org.apache.hc.client5.http.impl.classic.ConnectExec -- ex-0000000001 acquiring connection with route {s}->https://googlechromelabs.github.io:443
11:26:46.842 [main] DEBUG org.apache.hc.client5.http.impl.classic.InternalHttpClient -- ex-0000000001 acquiring endpoint (3 MINUTES)
11:26:46.844 [main] DEBUG org.apache.hc.client5.http.impl.io.PoolingHttpClientConnectionManager -- ex-0000000001 endpoint lease request (3 MINUTES) [route: {s}->https://googlechromelabs.github.io:443][total available: 0; route allocated: 0 of 5; total allocated: 0 of 25]
11:26:46.848 [main] DEBUG org.apache.hc.client5.http.impl.io.PoolingHttpClientConnectionManager -- ex-0000000001 endpoint leased [route: {s}->https://googlechromelabs.github.io:443][total available: 0; route allocated: 1 of 5; total allocated: 1 of 25]
11:26:46.861 [main] DEBUG org.apache.hc.client5.http.impl.io.PoolingHttpClientConnectionManager -- ex-0000000001 acquired ep-0000000001
11:26:46.862 [main] DEBUG org.apache.hc.client5.http.impl.classic.InternalHttpClient -- ex-0000000001 acquired endpoint ep-0000000001
11:26:46.862 [main] DEBUG org.apache.hc.client5.http.impl.classic.ConnectExec -- ex-0000000001 opening connection {s}->https://googlechromelabs.github.io:443
11:26:46.863 [main] DEBUG org.apache.hc.client5.http.impl.classic.InternalHttpClient -- ep-0000000001 connecting endpoint (null)
11:26:46.866 [main] DEBUG org.apache.hc.client5.http.impl.io.PoolingHttpClientConnectionManager -- ep-0000000001 connecting endpoint to https://googlechromelabs.github.io:443 (30 SECONDS)
11:26:46.866 [main] DEBUG org.apache.hc.client5.http.impl.io.DefaultHttpClientConnectionOperator -- googlechromelabs.github.io resolving remote address
11:26:46.867 [main] DEBUG org.apache.hc.client5.http.impl.io.DefaultHttpClientConnectionOperator -- googlechromelabs.github.io resolved to [googlechromelabs.github.io/185.199.108.153, googlechromelabs.github.io/185.199.111.153, googlechromelabs.github.io/185.199.110.153, googlechromelabs.github.io/185.199.109.153]
11:26:46.878 [main] DEBUG org.apache.hc.client5.http.impl.io.DefaultHttpClientConnectionOperator -- googlechromelabs.github.io:443 connecting null->googlechromelabs.github.io/185.199.108.153:443 (30 SECONDS)
11:26:46.878 [main] DEBUG org.apache.hc.client5.http.ssl.SSLConnectionSocketFactory -- Connecting socket to googlechromelabs.github.io/185.199.108.153:443 with timeout 30 SECONDS
11:26:47.050 [main] DEBUG org.apache.hc.client5.http.ssl.SSLConnectionSocketFactory -- Enabled protocols: [TLSv1.3, TLSv1.2]
11:26:47.050 [main] DEBUG org.apache.hc.client5.http.ssl.SSLConnectionSocketFactory -- Enabled cipher suites: [TLS_AES_256_GCM_SHA384, TLS_AES_128_GCM_SHA256, TLS_CHACHA20_POLY1305_SHA256, TLS_ECDHE_ECDSA_WITH_AES_256_GCM_SHA384, TLS_ECDHE_ECDSA_WITH_AES_128_GCM_SHA256, TLS_ECDHE_ECDSA_WITH_CHACHA20_POLY1305_SHA256, TLS_ECDHE_RSA_WITH_AES_256_GCM_SHA384, TLS_ECDHE_RSA_WITH_CHACHA20_POLY1305_SHA256, TLS_ECDHE_RSA_WITH_AES_128_GCM_SHA256, TLS_DHE_RSA_WITH_AES_256_GCM_SHA384, TLS_DHE_RSA_WITH_CHACHA20_POLY1305_SHA256, TLS_DHE_DSS_WITH_AES_256_GCM_SHA384, TLS_DHE_RSA_WITH_AES_128_GCM_SHA256, TLS_DHE_DSS_WITH_AES_128_GCM_SHA256, TLS_ECDHE_ECDSA_WITH_AES_256_CBC_SHA384, TLS_ECDHE_RSA_WITH_AES_256_CBC_SHA384, TLS_ECDHE_ECDSA_WITH_AES_128_CBC_SHA256, TLS_ECDHE_RSA_WITH_AES_128_CBC_SHA256, TLS_DHE_RSA_WITH_AES_256_CBC_SHA256, TLS_DHE_DSS_WITH_AES_256_CBC_SHA256, TLS_DHE_RSA_WITH_AES_128_CBC_SHA256, TLS_DHE_DSS_WITH_AES_128_CBC_SHA256, TLS_ECDHE_ECDSA_WITH_AES_256_CBC_SHA, TLS_ECDHE_RSA_WITH_AES_256_CBC_SHA, TLS_ECDHE_ECDSA_WITH_AES_128_CBC_SHA, TLS_ECDHE_RSA_WITH_AES_128_CBC_SHA, TLS_DHE_RSA_WITH_AES_256_CBC_SHA, TLS_DHE_DSS_WITH_AES_256_CBC_SHA, TLS_DHE_RSA_WITH_AES_128_CBC_SHA, TLS_DHE_DSS_WITH_AES_128_CBC_SHA, TLS_RSA_WITH_AES_256_GCM_SHA384, TLS_RSA_WITH_AES_128_GCM_SHA256, TLS_RSA_WITH_AES_256_CBC_SHA256, TLS_RSA_WITH_AES_128_CBC_SHA256, TLS_RSA_WITH_AES_256_CBC_SHA, TLS_RSA_WITH_AES_128_CBC_SHA, TLS_EMPTY_RENEGOTIATION_INFO_SCSV]
11:26:47.050 [main] DEBUG org.apache.hc.client5.http.ssl.SSLConnectionSocketFactory -- Starting handshake (null)
11:26:47.295 [main] DEBUG org.apache.hc.client5.http.ssl.SSLConnectionSocketFactory -- Secure session established
11:26:47.295 [main] DEBUG org.apache.hc.client5.http.ssl.SSLConnectionSocketFactory --  negotiated protocol: TLSv1.3
11:26:47.295 [main] DEBUG org.apache.hc.client5.http.ssl.SSLConnectionSocketFactory --  negotiated cipher suite: TLS_AES_128_GCM_SHA256
11:26:47.295 [main] DEBUG org.apache.hc.client5.http.ssl.SSLConnectionSocketFactory --  peer principal: CN=*.github.io, O="GitHub, Inc.", L=San Francisco, ST=California, C=US
11:26:47.298 [main] DEBUG org.apache.hc.client5.http.ssl.SSLConnectionSocketFactory --  peer alternative names: [*.github.io, github.io, *.github.com, github.com, www.github.com, *.githubusercontent.com, githubusercontent.com]
11:26:47.298 [main] DEBUG org.apache.hc.client5.http.ssl.SSLConnectionSocketFactory --  issuer principal: CN=DigiCert TLS RSA SHA256 2020 CA1, O=DigiCert Inc, C=US
11:26:47.299 [main] DEBUG org.apache.hc.client5.http.impl.io.DefaultManagedHttpClientConnection -- http-outgoing-0 set socket timeout to 3 MINUTES
11:26:47.299 [main] DEBUG org.apache.hc.client5.http.impl.io.DefaultHttpClientConnectionOperator -- googlechromelabs.github.io:443 connected null->googlechromelabs.github.io/185.199.108.153:443 as http-outgoing-0
11:26:47.299 [main] DEBUG org.apache.hc.client5.http.impl.io.PoolingHttpClientConnectionManager -- ep-0000000001 connected http-outgoing-0
11:26:47.299 [main] DEBUG org.apache.hc.client5.http.impl.classic.InternalHttpClient -- ep-0000000001 endpoint connected
11:26:47.300 [main] DEBUG org.apache.hc.client5.http.impl.classic.MainClientExec -- ex-0000000001 executing GET /chrome-for-testing/LATEST_RELEASE_120.0.6099.63 HTTP/1.1
11:26:47.301 [main] DEBUG org.apache.hc.client5.http.protocol.RequestAddCookies -- ex-0000000001 Cookie spec selected: strict
11:26:47.311 [main] DEBUG org.apache.hc.client5.http.impl.classic.InternalHttpClient -- ep-0000000001 start execution ex-0000000001
11:26:47.311 [main] DEBUG org.apache.hc.client5.http.impl.io.PoolingHttpClientConnectionManager -- ep-0000000001 executing exchange ex-0000000001 over http-outgoing-0
11:26:47.312 [main] DEBUG org.apache.hc.client5.http.headers -- http-outgoing-0 >> GET /chrome-for-testing/LATEST_RELEASE_120.0.6099.63 HTTP/1.1
11:26:47.312 [main] DEBUG org.apache.hc.client5.http.headers -- http-outgoing-0 >> user-agent: Apache-HttpClient/5.0
11:26:47.312 [main] DEBUG org.apache.hc.client5.http.headers -- http-outgoing-0 >> accept-encoding: gzip, deflate, br
11:26:47.312 [main] DEBUG org.apache.hc.client5.http.headers -- http-outgoing-0 >> cache-control: max-age=0
11:26:47.312 [main] DEBUG org.apache.hc.client5.http.headers -- http-outgoing-0 >> connection: keep-alive
11:26:47.312 [main] DEBUG org.apache.hc.client5.http.headers -- http-outgoing-0 >> Host: googlechromelabs.github.io
11:26:47.312 [main] DEBUG org.apache.hc.client5.http.wire -- http-outgoing-0 >> "GET /chrome-for-testing/LATEST_RELEASE_120.0.6099.63 HTTP/1.1[\r][\n]"
11:26:47.313 [main] DEBUG org.apache.hc.client5.http.wire -- http-outgoing-0 >> "user-agent: Apache-HttpClient/5.0[\r][\n]"
11:26:47.313 [main] DEBUG org.apache.hc.client5.http.wire -- http-outgoing-0 >> "accept-encoding: gzip, deflate, br[\r][\n]"
11:26:47.313 [main] DEBUG org.apache.hc.client5.http.wire -- http-outgoing-0 >> "cache-control: max-age=0[\r][\n]"
11:26:47.313 [main] DEBUG org.apache.hc.client5.http.wire -- http-outgoing-0 >> "connection: keep-alive[\r][\n]"
11:26:47.313 [main] DEBUG org.apache.hc.client5.http.wire -- http-outgoing-0 >> "Host: googlechromelabs.github.io[\r][\n]"
11:26:47.313 [main] DEBUG org.apache.hc.client5.http.wire -- http-outgoing-0 >> "[\r][\n]"
11:26:47.353 [main] DEBUG org.apache.hc.client5.http.wire -- http-outgoing-0 << "HTTP/1.1 404 Not Found[\r][\n]"
11:26:47.353 [main] DEBUG org.apache.hc.client5.http.wire -- http-outgoing-0 << "Connection: keep-alive[\r][\n]"
11:26:47.353 [main] DEBUG org.apache.hc.client5.http.wire -- http-outgoing-0 << "Content-Length: 5254[\r][\n]"
11:26:47.353 [main] DEBUG org.apache.hc.client5.http.wire -- http-outgoing-0 << "Server: GitHub.com[\r][\n]"
11:26:47.353 [main] DEBUG org.apache.hc.client5.http.wire -- http-outgoing-0 << "Content-Type: text/html; charset=utf-8[\r][\n]"
11:26:47.353 [main] DEBUG org.apache.hc.client5.http.wire -- http-outgoing-0 << "permissions-policy: interest-cohort=()[\r][\n]"
11:26:47.353 [main] DEBUG org.apache.hc.client5.http.wire -- http-outgoing-0 << "x-origin-cache: HIT[\r][\n]"
11:26:47.353 [main] DEBUG org.apache.hc.client5.http.wire -- http-outgoing-0 << "Access-Control-Allow-Origin: *[\r][\n]"
11:26:47.353 [main] DEBUG org.apache.hc.client5.http.wire -- http-outgoing-0 << "Strict-Transport-Security: max-age=31556952[\r][\n]"
11:26:47.353 [main] DEBUG org.apache.hc.client5.http.wire -- http-outgoing-0 << "ETag: W/"64d248ca-24a3"[\r][\n]"
11:26:47.354 [main] DEBUG org.apache.hc.client5.http.wire -- http-outgoing-0 << "Content-Security-Policy: default-src 'none'; style-src 'unsafe-inline'; img-src data:; connect-src 'self'[\r][\n]"
11:26:47.354 [main] DEBUG org.apache.hc.client5.http.wire -- http-outgoing-0 << "Content-Encoding: gzip[\r][\n]"
11:26:47.354 [main] DEBUG org.apache.hc.client5.http.wire -- http-outgoing-0 << "x-proxy-cache: MISS[\r][\n]"
11:26:47.354 [main] DEBUG org.apache.hc.client5.http.wire -- http-outgoing-0 << "X-GitHub-Request-Id: 4334:13C5B4:3D3D511:3E5167D:658410B8[\r][\n]"
11:26:47.354 [main] DEBUG org.apache.hc.client5.http.wire -- http-outgoing-0 << "Accept-Ranges: bytes[\r][\n]"
11:26:47.354 [main] DEBUG org.apache.hc.client5.http.wire -- http-outgoing-0 << "Date: Thu, 21 Dec 2023 10:26:50 GMT[\r][\n]"
11:26:47.354 [main] DEBUG org.apache.hc.client5.http.wire -- http-outgoing-0 << "Via: 1.1 varnish[\r][\n]"
11:26:47.354 [main] DEBUG org.apache.hc.client5.http.wire -- http-outgoing-0 << "Age: 561[\r][\n]"
11:26:47.354 [main] DEBUG org.apache.hc.client5.http.wire -- http-outgoing-0 << "X-Served-By: cache-mad22076-MAD[\r][\n]"
11:26:47.354 [main] DEBUG org.apache.hc.client5.http.wire -- http-outgoing-0 << "X-Cache: HIT[\r][\n]"
11:26:47.354 [main] DEBUG org.apache.hc.client5.http.wire -- http-outgoing-0 << "X-Cache-Hits: 1[\r][\n]"
11:26:47.354 [main] DEBUG org.apache.hc.client5.http.wire -- http-outgoing-0 << "X-Timer: S1703154410.009961,VS0,VE1[\r][\n]"
11:26:47.354 [main] DEBUG org.apache.hc.client5.http.wire -- http-outgoing-0 << "Vary: Accept-Encoding[\r][\n]"
11:26:47.354 [main] DEBUG org.apache.hc.client5.http.wire -- http-outgoing-0 << "X-Fastly-Request-ID: a4c61623c895fe5745675bd0afe34e38d914dd03[\r][\n]"
11:26:47.355 [main] DEBUG org.apache.hc.client5.http.wire -- http-outgoing-0 << "[\r][\n]"
11:26:47.358 [main] DEBUG org.apache.hc.client5.http.headers -- http-outgoing-0 << HTTP/1.1 404 Not Found
11:26:47.358 [main] DEBUG org.apache.hc.client5.http.headers -- http-outgoing-0 << Connection: keep-alive
11:26:47.358 [main] DEBUG org.apache.hc.client5.http.headers -- http-outgoing-0 << Content-Length: 5254
11:26:47.358 [main] DEBUG org.apache.hc.client5.http.headers -- http-outgoing-0 << Server: GitHub.com
11:26:47.358 [main] DEBUG org.apache.hc.client5.http.headers -- http-outgoing-0 << Content-Type: text/html; charset=utf-8
11:26:47.358 [main] DEBUG org.apache.hc.client5.http.headers -- http-outgoing-0 << permissions-policy: interest-cohort=()
11:26:47.358 [main] DEBUG org.apache.hc.client5.http.headers -- http-outgoing-0 << x-origin-cache: HIT
11:26:47.358 [main] DEBUG org.apache.hc.client5.http.headers -- http-outgoing-0 << Access-Control-Allow-Origin: *
11:26:47.358 [main] DEBUG org.apache.hc.client5.http.headers -- http-outgoing-0 << Strict-Transport-Security: max-age=31556952
11:26:47.358 [main] DEBUG org.apache.hc.client5.http.headers -- http-outgoing-0 << ETag: W/"64d248ca-24a3"
11:26:47.358 [main] DEBUG org.apache.hc.client5.http.headers -- http-outgoing-0 << Content-Security-Policy: default-src 'none'; style-src 'unsafe-inline'; img-src data:; connect-src 'self'
11:26:47.358 [main] DEBUG org.apache.hc.client5.http.headers -- http-outgoing-0 << Content-Encoding: gzip
11:26:47.358 [main] DEBUG org.apache.hc.client5.http.headers -- http-outgoing-0 << x-proxy-cache: MISS
11:26:47.359 [main] DEBUG org.apache.hc.client5.http.headers -- http-outgoing-0 << X-GitHub-Request-Id: 4334:13C5B4:3D3D511:3E5167D:658410B8
11:26:47.359 [main] DEBUG org.apache.hc.client5.http.headers -- http-outgoing-0 << Accept-Ranges: bytes
11:26:47.359 [main] DEBUG org.apache.hc.client5.http.headers -- http-outgoing-0 << Date: Thu, 21 Dec 2023 10:26:50 GMT
11:26:47.359 [main] DEBUG org.apache.hc.client5.http.headers -- http-outgoing-0 << Via: 1.1 varnish
11:26:47.359 [main] DEBUG org.apache.hc.client5.http.headers -- http-outgoing-0 << Age: 561
11:26:47.359 [main] DEBUG org.apache.hc.client5.http.headers -- http-outgoing-0 << X-Served-By: cache-mad22076-MAD
11:26:47.359 [main] DEBUG org.apache.hc.client5.http.headers -- http-outgoing-0 << X-Cache: HIT
11:26:47.359 [main] DEBUG org.apache.hc.client5.http.headers -- http-outgoing-0 << X-Cache-Hits: 1
11:26:47.359 [main] DEBUG org.apache.hc.client5.http.headers -- http-outgoing-0 << X-Timer: S1703154410.009961,VS0,VE1
11:26:47.359 [main] DEBUG org.apache.hc.client5.http.headers -- http-outgoing-0 << Vary: Accept-Encoding
11:26:47.359 [main] DEBUG org.apache.hc.client5.http.headers -- http-outgoing-0 << X-Fastly-Request-ID: a4c61623c895fe5745675bd0afe34e38d914dd03
11:26:47.363 [main] DEBUG org.apache.hc.client5.http.impl.classic.MainClientExec -- ex-0000000001 connection can be kept alive for 3 MINUTES
11:26:47.366 [main] ERROR io.github.bonigarcia.wdm.online.HttpClient -- Error HTTP 404 executing https://googlechromelabs.github.io/chrome-for-testing/LATEST_RELEASE_120.0.6099.63
11:26:47.367 [main] WARN io.github.bonigarcia.wdm.versions.VersionDetector -- Exception reading https://googlechromelabs.github.io/chrome-for-testing/LATEST_RELEASE_120.0.6099.63 to get latest version of chromedriver (Error HTTP 404 executing https://googlechromelabs.github.io/chrome-for-testing/LATEST_RELEASE_120.0.6099.63)
11:26:47.367 [main] DEBUG io.github.bonigarcia.wdm.versions.VersionDetector -- Getting driver version for chrome120.0.6099.63 from online versions.properties
11:26:47.368 [main] DEBUG org.apache.hc.client5.http.impl.classic.InternalHttpClient -- ex-0000000002 preparing request execution
11:26:47.368 [main] DEBUG org.apache.hc.client5.http.impl.classic.ProtocolExec -- ex-0000000002 target auth state: UNCHALLENGED
11:26:47.368 [main] DEBUG org.apache.hc.client5.http.impl.classic.ProtocolExec -- ex-0000000002 proxy auth state: UNCHALLENGED
11:26:47.369 [main] DEBUG org.apache.hc.client5.http.impl.classic.ConnectExec -- ex-0000000002 acquiring connection with route {s}->https://raw.githubusercontent.com:443
11:26:47.369 [main] DEBUG org.apache.hc.client5.http.impl.classic.InternalHttpClient -- ex-0000000002 acquiring endpoint (3 MINUTES)
11:26:47.369 [main] DEBUG org.apache.hc.client5.http.impl.io.PoolingHttpClientConnectionManager -- ex-0000000002 endpoint lease request (3 MINUTES) [route: {s}->https://raw.githubusercontent.com:443][total available: 0; route allocated: 0 of 5; total allocated: 1 of 25]
11:26:47.369 [main] DEBUG org.apache.hc.client5.http.impl.io.PoolingHttpClientConnectionManager -- ex-0000000002 endpoint leased [route: {s}->https://raw.githubusercontent.com:443][total available: 0; route allocated: 1 of 5; total allocated: 2 of 25]
11:26:47.369 [main] DEBUG org.apache.hc.client5.http.impl.io.PoolingHttpClientConnectionManager -- ex-0000000002 acquired ep-0000000002
11:26:47.369 [main] DEBUG org.apache.hc.client5.http.impl.classic.InternalHttpClient -- ex-0000000002 acquired endpoint ep-0000000002
11:26:47.369 [main] DEBUG org.apache.hc.client5.http.impl.classic.ConnectExec -- ex-0000000002 opening connection {s}->https://raw.githubusercontent.com:443
11:26:47.369 [main] DEBUG org.apache.hc.client5.http.impl.classic.InternalHttpClient -- ep-0000000002 connecting endpoint (null)
11:26:47.370 [main] DEBUG org.apache.hc.client5.http.impl.io.PoolingHttpClientConnectionManager -- ep-0000000002 connecting endpoint to https://raw.githubusercontent.com:443 (30 SECONDS)
11:26:47.370 [main] DEBUG org.apache.hc.client5.http.impl.io.DefaultHttpClientConnectionOperator -- raw.githubusercontent.com resolving remote address
11:26:47.370 [main] DEBUG org.apache.hc.client5.http.impl.io.DefaultHttpClientConnectionOperator -- raw.githubusercontent.com resolved to [raw.githubusercontent.com/185.199.111.133, raw.githubusercontent.com/185.199.108.133, raw.githubusercontent.com/185.199.109.133, raw.githubusercontent.com/185.199.110.133]
11:26:47.371 [main] DEBUG org.apache.hc.client5.http.impl.io.DefaultHttpClientConnectionOperator -- raw.githubusercontent.com:443 connecting null->raw.githubusercontent.com/185.199.111.133:443 (30 SECONDS)
11:26:47.371 [main] DEBUG org.apache.hc.client5.http.ssl.SSLConnectionSocketFactory -- Connecting socket to raw.githubusercontent.com/185.199.111.133:443 with timeout 30 SECONDS
11:26:47.410 [main] DEBUG org.apache.hc.client5.http.ssl.SSLConnectionSocketFactory -- Enabled protocols: [TLSv1.3, TLSv1.2]
11:26:47.410 [main] DEBUG org.apache.hc.client5.http.ssl.SSLConnectionSocketFactory -- Enabled cipher suites: [TLS_AES_256_GCM_SHA384, TLS_AES_128_GCM_SHA256, TLS_CHACHA20_POLY1305_SHA256, TLS_ECDHE_ECDSA_WITH_AES_256_GCM_SHA384, TLS_ECDHE_ECDSA_WITH_AES_128_GCM_SHA256, TLS_ECDHE_ECDSA_WITH_CHACHA20_POLY1305_SHA256, TLS_ECDHE_RSA_WITH_AES_256_GCM_SHA384, TLS_ECDHE_RSA_WITH_CHACHA20_POLY1305_SHA256, TLS_ECDHE_RSA_WITH_AES_128_GCM_SHA256, TLS_DHE_RSA_WITH_AES_256_GCM_SHA384, TLS_DHE_RSA_WITH_CHACHA20_POLY1305_SHA256, TLS_DHE_DSS_WITH_AES_256_GCM_SHA384, TLS_DHE_RSA_WITH_AES_128_GCM_SHA256, TLS_DHE_DSS_WITH_AES_128_GCM_SHA256, TLS_ECDHE_ECDSA_WITH_AES_256_CBC_SHA384, TLS_ECDHE_RSA_WITH_AES_256_CBC_SHA384, TLS_ECDHE_ECDSA_WITH_AES_128_CBC_SHA256, TLS_ECDHE_RSA_WITH_AES_128_CBC_SHA256, TLS_DHE_RSA_WITH_AES_256_CBC_SHA256, TLS_DHE_DSS_WITH_AES_256_CBC_SHA256, TLS_DHE_RSA_WITH_AES_128_CBC_SHA256, TLS_DHE_DSS_WITH_AES_128_CBC_SHA256, TLS_ECDHE_ECDSA_WITH_AES_256_CBC_SHA, TLS_ECDHE_RSA_WITH_AES_256_CBC_SHA, TLS_ECDHE_ECDSA_WITH_AES_128_CBC_SHA, TLS_ECDHE_RSA_WITH_AES_128_CBC_SHA, TLS_DHE_RSA_WITH_AES_256_CBC_SHA, TLS_DHE_DSS_WITH_AES_256_CBC_SHA, TLS_DHE_RSA_WITH_AES_128_CBC_SHA, TLS_DHE_DSS_WITH_AES_128_CBC_SHA, TLS_RSA_WITH_AES_256_GCM_SHA384, TLS_RSA_WITH_AES_128_GCM_SHA256, TLS_RSA_WITH_AES_256_CBC_SHA256, TLS_RSA_WITH_AES_128_CBC_SHA256, TLS_RSA_WITH_AES_256_CBC_SHA, TLS_RSA_WITH_AES_128_CBC_SHA, TLS_EMPTY_RENEGOTIATION_INFO_SCSV]
11:26:47.410 [main] DEBUG org.apache.hc.client5.http.ssl.SSLConnectionSocketFactory -- Starting handshake (null)
11:26:47.476 [main] DEBUG org.apache.hc.client5.http.ssl.SSLConnectionSocketFactory -- Secure session established
11:26:47.476 [main] DEBUG org.apache.hc.client5.http.ssl.SSLConnectionSocketFactory --  negotiated protocol: TLSv1.3
11:26:47.476 [main] DEBUG org.apache.hc.client5.http.ssl.SSLConnectionSocketFactory --  negotiated cipher suite: TLS_AES_128_GCM_SHA256
11:26:47.477 [main] DEBUG org.apache.hc.client5.http.ssl.SSLConnectionSocketFactory --  peer principal: CN=*.github.io, O="GitHub, Inc.", L=San Francisco, ST=California, C=US
11:26:47.477 [main] DEBUG org.apache.hc.client5.http.ssl.SSLConnectionSocketFactory --  peer alternative names: [*.github.io, github.io, *.github.com, github.com, www.github.com, *.githubusercontent.com, githubusercontent.com]
11:26:47.477 [main] DEBUG org.apache.hc.client5.http.ssl.SSLConnectionSocketFactory --  issuer principal: CN=DigiCert TLS RSA SHA256 2020 CA1, O=DigiCert Inc, C=US
11:26:47.478 [main] DEBUG org.apache.hc.client5.http.impl.io.DefaultManagedHttpClientConnection -- http-outgoing-1 set socket timeout to 3 MINUTES
11:26:47.478 [main] DEBUG org.apache.hc.client5.http.impl.io.DefaultHttpClientConnectionOperator -- raw.githubusercontent.com:443 connected null->raw.githubusercontent.com/185.199.111.133:443 as http-outgoing-1
11:26:47.478 [main] DEBUG org.apache.hc.client5.http.impl.io.PoolingHttpClientConnectionManager -- ep-0000000002 connected http-outgoing-1
11:26:47.479 [main] DEBUG org.apache.hc.client5.http.impl.classic.InternalHttpClient -- ep-0000000002 endpoint connected
11:26:47.479 [main] DEBUG org.apache.hc.client5.http.impl.classic.MainClientExec -- ex-0000000002 executing GET /bonigarcia/webdrivermanager/master/src/main/resources/versions.properties HTTP/1.1
11:26:47.479 [main] DEBUG org.apache.hc.client5.http.protocol.RequestAddCookies -- ex-0000000002 Cookie spec selected: strict
11:26:47.479 [main] DEBUG org.apache.hc.client5.http.impl.classic.InternalHttpClient -- ep-0000000002 start execution ex-0000000002
11:26:47.480 [main] DEBUG org.apache.hc.client5.http.impl.io.PoolingHttpClientConnectionManager -- ep-0000000002 executing exchange ex-0000000002 over http-outgoing-1
11:26:47.480 [main] DEBUG org.apache.hc.client5.http.headers -- http-outgoing-1 >> GET /bonigarcia/webdrivermanager/master/src/main/resources/versions.properties HTTP/1.1
11:26:47.480 [main] DEBUG org.apache.hc.client5.http.headers -- http-outgoing-1 >> user-agent: Apache-HttpClient/5.0
11:26:47.480 [main] DEBUG org.apache.hc.client5.http.headers -- http-outgoing-1 >> accept-encoding: gzip, deflate, br
11:26:47.481 [main] DEBUG org.apache.hc.client5.http.headers -- http-outgoing-1 >> cache-control: max-age=0
11:26:47.481 [main] DEBUG org.apache.hc.client5.http.headers -- http-outgoing-1 >> connection: keep-alive
11:26:47.481 [main] DEBUG org.apache.hc.client5.http.headers -- http-outgoing-1 >> Host: raw.githubusercontent.com
11:26:47.481 [main] DEBUG org.apache.hc.client5.http.wire -- http-outgoing-1 >> "GET /bonigarcia/webdrivermanager/master/src/main/resources/versions.properties HTTP/1.1[\r][\n]"
11:26:47.481 [main] DEBUG org.apache.hc.client5.http.wire -- http-outgoing-1 >> "user-agent: Apache-HttpClient/5.0[\r][\n]"
11:26:47.481 [main] DEBUG org.apache.hc.client5.http.wire -- http-outgoing-1 >> "accept-encoding: gzip, deflate, br[\r][\n]"
11:26:47.482 [main] DEBUG org.apache.hc.client5.http.wire -- http-outgoing-1 >> "cache-control: max-age=0[\r][\n]"
11:26:47.482 [main] DEBUG org.apache.hc.client5.http.wire -- http-outgoing-1 >> "connection: keep-alive[\r][\n]"
11:26:47.482 [main] DEBUG org.apache.hc.client5.http.wire -- http-outgoing-1 >> "Host: raw.githubusercontent.com[\r][\n]"
11:26:47.482 [main] DEBUG org.apache.hc.client5.http.wire -- http-outgoing-1 >> "[\r][\n]"
11:26:47.526 [main] DEBUG org.apache.hc.client5.http.wire -- http-outgoing-1 << "HTTP/1.1 200 OK[\r][\n]"
11:26:47.526 [main] DEBUG org.apache.hc.client5.http.wire -- http-outgoing-1 << "Connection: keep-alive[\r][\n]"
11:26:47.526 [main] DEBUG org.apache.hc.client5.http.wire -- http-outgoing-1 << "Content-Length: 1653[\r][\n]"
11:26:47.526 [main] DEBUG org.apache.hc.client5.http.wire -- http-outgoing-1 << "Cache-Control: max-age=300[\r][\n]"
11:26:47.526 [main] DEBUG org.apache.hc.client5.http.wire -- http-outgoing-1 << "Content-Security-Policy: default-src 'none'; style-src 'unsafe-inline'; sandbox[\r][\n]"
11:26:47.526 [main] DEBUG org.apache.hc.client5.http.wire -- http-outgoing-1 << "Content-Type: text/plain; charset=utf-8[\r][\n]"
11:26:47.526 [main] DEBUG org.apache.hc.client5.http.wire -- http-outgoing-1 << "ETag: W/"de56f96e4580ae55450ed6a794662cbdb2b39827f9709095aa3e1e7f6914629d"[\r][\n]"
11:26:47.526 [main] DEBUG org.apache.hc.client5.http.wire -- http-outgoing-1 << "Strict-Transport-Security: max-age=31536000[\r][\n]"
11:26:47.526 [main] DEBUG org.apache.hc.client5.http.wire -- http-outgoing-1 << "X-Content-Type-Options: nosniff[\r][\n]"
11:26:47.526 [main] DEBUG org.apache.hc.client5.http.wire -- http-outgoing-1 << "X-Frame-Options: deny[\r][\n]"
11:26:47.526 [main] DEBUG org.apache.hc.client5.http.wire -- http-outgoing-1 << "X-XSS-Protection: 1; mode=block[\r][\n]"
11:26:47.526 [main] DEBUG org.apache.hc.client5.http.wire -- http-outgoing-1 << "X-GitHub-Request-Id: 728E:2E6B8C:62B50D:676D49:6583D0E9[\r][\n]"
11:26:47.526 [main] DEBUG org.apache.hc.client5.http.wire -- http-outgoing-1 << "Content-Encoding: gzip[\r][\n]"
11:26:47.526 [main] DEBUG org.apache.hc.client5.http.wire -- http-outgoing-1 << "Accept-Ranges: bytes[\r][\n]"
11:26:47.526 [main] DEBUG org.apache.hc.client5.http.wire -- http-outgoing-1 << "Date: Thu, 21 Dec 2023 10:26:50 GMT[\r][\n]"
11:26:47.526 [main] DEBUG org.apache.hc.client5.http.wire -- http-outgoing-1 << "Via: 1.1 varnish[\r][\n]"
11:26:47.526 [main] DEBUG org.apache.hc.client5.http.wire -- http-outgoing-1 << "X-Served-By: cache-mad22073-MAD[\r][\n]"
11:26:47.527 [main] DEBUG org.apache.hc.client5.http.wire -- http-outgoing-1 << "X-Cache: HIT[\r][\n]"
11:26:47.527 [main] DEBUG org.apache.hc.client5.http.wire -- http-outgoing-1 << "X-Cache-Hits: 1[\r][\n]"
11:26:47.527 [main] DEBUG org.apache.hc.client5.http.wire -- http-outgoing-1 << "X-Timer: S1703154410.180056,VS0,VE1[\r][\n]"
11:26:47.527 [main] DEBUG org.apache.hc.client5.http.wire -- http-outgoing-1 << "Vary: Authorization,Accept-Encoding,Origin[\r][\n]"
11:26:47.527 [main] DEBUG org.apache.hc.client5.http.wire -- http-outgoing-1 << "Access-Control-Allow-Origin: *[\r][\n]"
11:26:47.527 [main] DEBUG org.apache.hc.client5.http.wire -- http-outgoing-1 << "Cross-Origin-Resource-Policy: cross-origin[\r][\n]"
11:26:47.527 [main] DEBUG org.apache.hc.client5.http.wire -- http-outgoing-1 << "X-Fastly-Request-ID: 0b7ef9e81bfc86d0287bb34030c5396ca9b66a98[\r][\n]"
11:26:47.527 [main] DEBUG org.apache.hc.client5.http.wire -- http-outgoing-1 << "Expires: Thu, 21 Dec 2023 10:31:50 GMT[\r][\n]"
11:26:47.527 [main] DEBUG org.apache.hc.client5.http.wire -- http-outgoing-1 << "Source-Age: 150[\r][\n]"
11:26:47.527 [main] DEBUG org.apache.hc.client5.http.wire -- http-outgoing-1 << "[\r][\n]"
11:26:47.527 [main] DEBUG org.apache.hc.client5.http.headers -- http-outgoing-1 << HTTP/1.1 200 OK
11:26:47.527 [main] DEBUG org.apache.hc.client5.http.headers -- http-outgoing-1 << Connection: keep-alive
11:26:47.527 [main] DEBUG org.apache.hc.client5.http.headers -- http-outgoing-1 << Content-Length: 1653
11:26:47.527 [main] DEBUG org.apache.hc.client5.http.headers -- http-outgoing-1 << Cache-Control: max-age=300
11:26:47.527 [main] DEBUG org.apache.hc.client5.http.headers -- http-outgoing-1 << Content-Security-Policy: default-src 'none'; style-src 'unsafe-inline'; sandbox
11:26:47.527 [main] DEBUG org.apache.hc.client5.http.headers -- http-outgoing-1 << Content-Type: text/plain; charset=utf-8
11:26:47.527 [main] DEBUG org.apache.hc.client5.http.headers -- http-outgoing-1 << ETag: W/"de56f96e4580ae55450ed6a794662cbdb2b39827f9709095aa3e1e7f6914629d"
11:26:47.527 [main] DEBUG org.apache.hc.client5.http.headers -- http-outgoing-1 << Strict-Transport-Security: max-age=31536000
11:26:47.527 [main] DEBUG org.apache.hc.client5.http.headers -- http-outgoing-1 << X-Content-Type-Options: nosniff
11:26:47.528 [main] DEBUG org.apache.hc.client5.http.headers -- http-outgoing-1 << X-Frame-Options: deny
11:26:47.528 [main] DEBUG org.apache.hc.client5.http.headers -- http-outgoing-1 << X-XSS-Protection: 1; mode=block
11:26:47.528 [main] DEBUG org.apache.hc.client5.http.headers -- http-outgoing-1 << X-GitHub-Request-Id: 728E:2E6B8C:62B50D:676D49:6583D0E9
11:26:47.528 [main] DEBUG org.apache.hc.client5.http.headers -- http-outgoing-1 << Content-Encoding: gzip
11:26:47.528 [main] DEBUG org.apache.hc.client5.http.headers -- http-outgoing-1 << Accept-Ranges: bytes
11:26:47.528 [main] DEBUG org.apache.hc.client5.http.headers -- http-outgoing-1 << Date: Thu, 21 Dec 2023 10:26:50 GMT
11:26:47.528 [main] DEBUG org.apache.hc.client5.http.headers -- http-outgoing-1 << Via: 1.1 varnish
11:26:47.528 [main] DEBUG org.apache.hc.client5.http.headers -- http-outgoing-1 << X-Served-By: cache-mad22073-MAD
11:26:47.528 [main] DEBUG org.apache.hc.client5.http.headers -- http-outgoing-1 << X-Cache: HIT
11:26:47.528 [main] DEBUG org.apache.hc.client5.http.headers -- http-outgoing-1 << X-Cache-Hits: 1
11:26:47.528 [main] DEBUG org.apache.hc.client5.http.headers -- http-outgoing-1 << X-Timer: S1703154410.180056,VS0,VE1
11:26:47.528 [main] DEBUG org.apache.hc.client5.http.headers -- http-outgoing-1 << Vary: Authorization,Accept-Encoding,Origin
11:26:47.528 [main] DEBUG org.apache.hc.client5.http.headers -- http-outgoing-1 << Access-Control-Allow-Origin: *
11:26:47.528 [main] DEBUG org.apache.hc.client5.http.headers -- http-outgoing-1 << Cross-Origin-Resource-Policy: cross-origin
11:26:47.528 [main] DEBUG org.apache.hc.client5.http.headers -- http-outgoing-1 << X-Fastly-Request-ID: 0b7ef9e81bfc86d0287bb34030c5396ca9b66a98
11:26:47.528 [main] DEBUG org.apache.hc.client5.http.headers -- http-outgoing-1 << Expires: Thu, 21 Dec 2023 10:31:50 GMT
11:26:47.528 [main] DEBUG org.apache.hc.client5.http.headers -- http-outgoing-1 << Source-Age: 150
11:26:47.528 [main] DEBUG org.apache.hc.client5.http.impl.classic.MainClientExec -- ex-0000000002 connection can be kept alive for 3 MINUTES
11:26:47.540 [main] DEBUG org.apache.hc.client5.http.wire -- http-outgoing-1 << "[0x1f][0xffffff8b][0x8][0x0][0x0][0x0][0x0][0x0][0x0][0x3][0xffffff8d][0xffffff97]Mo[0xffffffe3]6[0x10][0xffffff86][0xffffffef][0xfffffff9][0x15][0x2]z[0xffffff8e][0xffffffcc][0xffffffcf]![0x19][0xffffff80][0xffffff97]~[0xffffff9e][0xffffff8a][0x1e][0xffffffda]?[0xffffffe0][0xffffffb5][0xffffff95]DX[0xffffffc7][\n]"
11:26:47.541 [main] DEBUG org.apache.hc.client5.http.wire -- http-outgoing-1 << "lg[0xffffffb3][0xffffffe8][0xffffffaf][0xffffffef][0xc][0xffffffc9][0xffffffa1]h[0xffffffaa][0x5]z[0x8]v[0xffffffe7][0xffffffb1]D[0xffffffce][0xffffff90][0xffffffd4][0xffffffcb]w~[0x18][0xfffffffe]z[0xffffff9d][0xffffffaf][0xffffffc3][0xfffffff3]|[0xffffff9a][0xffffff86][0xffffffc3]r[0xffffffbe][0xffffffed][0xffffffe7][0xfffffff3]u[0xffffffb8][0xffffffbd]N[0xffffffc3][0xffffffd7][0xfffffff3][0xfffffff2]y[0x1e][0xffffff8e][0xffffff97][0xfffffff9][0xffffffdb]t[0x19][0xfffffff0][0xffffffef]:/[0xfffffff8][0xffffffcb]ay{[0xffffffdf][0xffffffdf][0xffffffe6]/[0xfffffff8][0xfffffff4][0xffffffe7]|{MO[0x1e][0xffffff96][0xffffffcb]e[0xffffffba][0xffffffbe]/[0xffffffe7][0xffffffe3]|~[0x19][0xffffffbe]\[0xffffff96][0xffffffcf][0xffffffeb][0xfffffffa][0xffffffca][0xffffffc3][0xffffffc3][0xf][0xffffffc3][0xffffff8f][0x19]=[\r][0xffffffbf]-[0xffffffcb][0xb][0xffffffbe][0xfffffff9][0xffffffd3][0xffffffeb]ey[0xffffff9b][0xffffff86][0xfffffffd][0xfffffff9][0xffffff98][0xffffffff];[0x7f][0xffffffbc][\r][0xffffff8f][0xffffffc3][0xffffffcf]i[0xffffffaa][0xffffffa7][0xffffffe1][0xffffff90]~[0xffffffcd][0x13][0xffffffe3][0xffffffcb][0x7f].[0x1f][0xffffff97][0xffffffc3][0xfffffff4]4[0xffffffbc][0xffffffde]n[0xffffffef]O[0xffffffbb]][0xfffffffb][0xffffffeb]x(o[0xffffff8f][0xffffffcb][0xffffffe5]ew[0xffffffc4]|O[0xffffffcb][0xfffffffe]x}[0xffffffc8][0xffffffcf]Hi"[0xfffffffe][0xffffff8d]b[0xffffffb4]N[0xffffffdb]1[0xffffff88][0xffffffca]5rM[0x1c][0xffffff9c][0x1a]AW[0xffffffae][0xffffff90][0xffffffab][0xffffffc4][0xffffffa5][0x1d]M[0xffffffa8]\"[0xffffff97][0xffffffc4]-[0xffffffe8][0x11]L[0xffffffe5][0x2][0xffffffb9] n[0xffffffbc][0x1c][0xffffff9d]c.B[0xffffffc4][0xffffffbf][0xffffffc4]qzW[0xffffff9f][0x17][0x1e][0xffffffb9]'[0xffffffae]m[0x18][0xffffff9d][0xffffffac][0xffffffdc]!w[0xffffff89][0xb]3[0xffffff82][0xffffffaa][0x1c][0xffffff90][0x3]qe[0xffffffc2][0x8][0xffffffeb][0xfffffff3][0x16][0xffffffb9]%.[0xffffff83][0xffffffc5][0x1f]+[0xffffffc7]zE[0xffffffaa][0xffffff97][0xffffffca]p5[0x7f][0xffffff81][0xfffffff5][0xffffff8a]T[0xffffffaf][0x0]1J[0xffffffbd]&[0xffffff84][0x5][0xffffff8b]T[0xffffffb0][0xffffffc0][0xfffffff1][0xffffff9a][0x9][0xffffffb0]`A[0x5][0xffffff9b]`[0xffffffe5]hV[0xffffff8e][0x5][0xb]*[0xffffffd8][0xfffffff8][0x0]#[0xfffffff0][0xffffff82][0xffffff86][0x10]CH[0xffffffd4][0x18][0xffffff9c][0xffffff9b][0xffffffa9][0xffffff8f][0xffffff81][0xffffff8a]5[0xffffffce][0xfffffffa][0x11][0xffffffa7]a[0xffffffec]b[0xffffffa0]Z[\r][0x4][0xffffffb5][0xffffffae]A[0xffffff80][0x18] Q0[0xffffffa3][0xffffffb1]Lm[0xc]6Q[0xffffffed]G[0xffffffe0]z[0xffffff82][0xffffff89][0xffffffc1]$[0xffffff8a][0xffffff8b][0xffffff83][0x1b][0xffffffc9]X[0xffffffc7]@E[0x1a][0xffffffeb][0xffffffdc][0xffffffba][0xffffffa9]A[0xffffffc5][0xffffffa0][0x12][0xffffffc5]-[0xffffffc5]Uf,cH[0x5][0x1a]<[0x1]X+c[0x11]C[0xffffffaa][0xffffffcf]h1*^'[0x1f][0xffffffa2]O[0xfffffff5]i[0xfffffffc]G[0xfffffff1][0xffffffc8][0xffffffde]G[0xffffff9f][0xffffffea][0xffffffd3][0xffffffca][0xffffff8c][0x1][0xffffff98][0xffffffba][0xffffffe8]Sy[0xffffffca][0xffffff8b][0xffffffd1]{[0xffffffa6][0x10]}*O[0x19][0x1c][0xffffff97][0xffffff97][0xffffffc2][0xffffffdb][0xffffffe8]Sy[0xffffffd2][0xffffffeb][0xffffffd1]sj[0xffffffde]D[0xffffff9f][0xffffffca][0xffffff93][0xffffffc6][0xffffff8d][0xffffff9a][0xffffffd7][0xffffffd8][0xffffffeb][0xffffffe8]Su[0xffffffb4][0xffffff93][0xffffff9a][0xffffff97][0xffffffc2][0xffffffcb][0xffffffe8]S[0x19][0x2]W^[0xffffffea]:[0xffffff9d][0xffffff88][0xffffff9e][0xffffffca][0xffffffd0][0x1]s[0xffffffc1]#T[0xffffffb0][0xb][0xffffffd1][0xffffff85][0xffffff84][0xffffff8d][0x1d]u[0xffffffa5]>:[0xffffff9f]([0xffffff9e][0x1d]<W[0xffffff8c]]tT[0xffffff88][0xfffffff6][0xffffff80][0xffffffdf][0x2][0xffffffa7][0xffffffe1] :H[0x14][0xf][0xffffffb8]Tu[0xc][0x1b][0x1d]U[0xffffffa2][0xffffff9d][0xffffffc3][0x3][0xffffffb6]>m[0xffffffa2]3[0x9]+<[0xffffffbf][0xc]utT[0xffffff89][0x6],[0x8]8e[0xffffffa7][0xffffffa2][0xffffffc2][0x1d][0xffffffe5]H[0xffffffde]E[0xffffff82]"N[0xc][0x2]E[0xffffffbc]7[0xffffffe0])[0xffffffe2][0x15][0x5]G[0x11][0xffffffef]&[0x0]E[0xffffff9c][0xc]X[0xffffff8c][0xffffffea][0x12][0xffffff81][0xffffffa1][0xffffff88][0xffffffd7][0x1c]4E<[0x1f]P.[0xffffffba][0xffffffce]G[0xffffffb9][0xffffffd4]o[0x6]([0x17][0xffffffad][0xffffffef]T[0xffffffed][0xfffffff7][0xffffffe5][0xffffffef][0xfffffff9]t[0xffffffda][0xf][0xffffffbf][0xffffffce][0xffffff97][0xffffffe9]y[0xfffffff9][0xffffffde]H[0xffffffd9][0xffffffcb]t[0xfffffff8][0xffffffba][0xfffffffc][0xffffffab][0xffffff92]]Q[0xffffffca]^P@?[0xffffffbe][0xffffff8c]([0xffffffa9][0xffffffbb][0xffffffb7]<[0xffffffc4][0xffffffae]yaw[0xffffff99]N[0xffffffd3][0xfffffffe]:][0x1f][0xffffff9e][0xfffffff3][0xffffffb8]R[0xffffff89][0xffffff88][0xffffffcb][0xffffff86]kW[0xffffff89][0xc][0x1b][0xffffffe2]7[0xffffffc4]m[0x8]l[0xffffff88][0xffffffdd][0x10][0xffffffb3]!zC[0xffffffd4][0xffffff86][0xffffffc8][\r]I9[0xffffffab]QU"B&[0xffffffeb]3[0xffffffc2]o[0xffffff88][0xffffffdb][0x10][0xffffffd8][0x10][0xffffffbb]!)g[0xffffffd9][0x12][0xffffffbd]!jC[0xffffffe4][0xffffff86][0xffffff88][0xffffff8e][0xffffff84][0xffffffd0][0x3][0xffffffdf][0x3][0xffffffd7][0x3][0xffffffe8][0xffffff81][0xffffffed]A[0xffffff9f]m[0xffffffe8][0xffffff93][\r]}[0xffffffae][0xffffffa1]O5P[0xffffffa6][0xfffffff8]m5`<[0xffffffcd][0xffffffe7][0xffffff8f][0xffffffef][0x19]K[0xffffffc6]>t[0xffffffcf]y[0xffffffdf][0x3][0xffffffd7][0x3][0xffffffe8][0xffffff81][0xffffffed][0xffffff81][0xffffffe9][0x1][0x15][0xffffffa0]|[0x3]T[0xf][0xffffffa8][0x0][0xffffffe5][0x1a] :[0xffffffe0]B[0xf]R[0xffffffa6][0xffffffd0][0x0][0xffffffd7][0x3][0xffffffe8][0xffffff81][0xffffffed][0xffffff81][0xffffffe9][0xffffff81][0xffffffee][0xffffff81][0xffffffea][0xffffff81][0xffffffec][0xffffff81][0xffffffe8][0x0][0xffffff84][0x1e][0xffffffa4]Lm[0x3]R[0xffffffa6][0xffffffa6][0x1][0xffffffd0][0x3][0xffffffdb][0xffffff83][0xffffff94]i[0xfffffff3][0x1][0xffffff81][0xffffffee]A[0xffffffca][0xffffffb4]9[0xfffffff6][0xffffff90]2m[0xe][0x5][0xffffff88][0xe][0xffffffd8][0xffffffd0][0x3][0xffffffdf][0x3][0xffffffd7][0xffffff83][0xffffff94][0xffffffa9]h[0xffffff80]e[0xffffffd0]*[0xffffffdf][0x1f][0xffffffef][0xffffffd3]e[0xffffffdf][0xffffffe8][0xffffffdd]B[0xfffffff1][0xffffffff][0xffffffd1][0xffffffbb][0xfffffff4][0xffffffe0]uy[0xffffffbe]}[0xffffffee]/S[0xffffff8e][0xffffffd8][0xffffffcb][0xfffffff5][0xffffffea][0xffffff97]~L[0xffffff9e]G[0xffffffd2][0xffffffe5][0x5][0x2]//[0xffffff89]ws[0xffffffe1][0xffffffe4][0xfffffff1][0xffffff92][0xffffffa7][\n]"
11:26:47.542 [main] DEBUG org.apache.hc.client5.http.wire -- http-outgoing-1 << "x[0xfffffffb][0xfffffffb][0xffffffc0][0xffffff98],^[0xffffffb2]T[0x1][0xffffffad][0xffffff83][0xffffffd4][0xffffff8a]9Y[0xffffffbc]d[0xffffffa9]<[0xe][0x13][0x1c]crx[0xffffffc9]Q9[0xfffffffc][0xffffff82]$[0xffffffda][0xffffff92][0xffffffc2]E[0xffffffeb] Q[0xffffffcc]2G=h[0xc][0xffffffa4]Te[0x18]T[0xffffff85][0xffffffc6]?z[0xffffffa6][0xffffffee][0xffffffce]=[0xffffffda]B[0xffffffa1][0xfffffff5][0xffffff8e]8Q[0xffffffc1][0xffffffb6][0xffffffb5][0xffffff8e][0xffffffa8][0xfffffff8][0x5][0xffffff9b][0xffffffd6]9[0xffffff86]Re[0xffffffd0][0xffffffad]oD[0xffffffb3][0xffffff91][0xffffffa9]j]#.Z[0xffffffc1][0xffffffb2]5[0xffffff8d][0xffffffe4][0xffffffc7]2[0x16][0xffffffad]g[0xfffffff4][0xffffffa5]p[0x1f]Z[0xffffffc7][0x8]P[0xffffffa8][0xffffffef][0xffffffec]b[0xffffffa6][0xffffffae]5[0xffffff8b]P6[0xffffffc6]Ck[0x15][0xffffffeb][0x12][0xffffffa1][0xffffff88][0xffffffdc]Y[0xffffffc5][0xc]M[0xffffffe3][0x14]}I[0xc][0xffffffc5][0xffffffe4][0xffffffce]'f[0xffffffa8][0xffffffee]mb[0xffffff86][0xffffffb2]q[0xffffff89][0xffffff96][0xffffffe7][0x17][0xffffff8d]I[0xffffffe4]TQ\[0xffffffee],b[0xffffff86][0xffffffbe]s[0xffffff88][0xffffff99][0xffffffba][0xffffffc6] :[0xffffff86][0xffffffd0][0xffffffd8]C_[0xffffffa6]G[0xffffffb5]Y[0xffffffdd]!g[0xffffff8f][0xffffff8a][0xffffffb3][0xffffff9a]C\[0xffffffe0]Buc[0xe][0xffffff81][0x7]U[0xffffff8d]7[0xfffffff4]e[0xffffffc3]Q~VkX7[0xb]5h[0xffffffb5][0xffffff86]|[0xffffffd6]Q[0xffffff87]Vg[0xffffffc8]'[0x1a][0xffffffb5][0xffffffa8]1[0xffffff86][0xffffffb2][0xffffff94][0xffffff8a][0xffffff82][0xffffffd4][0xfffffffa][0xffffffc2]2[0x17][0xffffffaa][0xffffffd2]j[0xb][0x1d][0xffffff8f]j[0x1b]W[0xffffffc8]G[0x19][0xffffffd5]i[0xfffffff5][0xffffff84][0xfffffff5]p[0xffffffa2]D5[0xffffff9e][0xffffff90]?5[0xffffffd4][0xffffffa9][0xffffffc6][0x12][0xffffffd6][0xffffffb9][0xffffff8a][0xffffff95]K[0xffffff81][\r]mP[0xffffff8c]\[0xe][0xffffff8a][0xffffff8f][0xffffffcb]A[0xffffffb1]q9(..[0x7][0xffffffc5][0xffffffc4][0xffffffe5][0xffffffa0]x[0xffffffb8][0x1c][0x14][0xb][0xffffff97][0x3][0xffffff99]=[[0xe]D[0x13][0x18][0xffffffca][0xffffff80]36[0xffffff94][0xffffff81].[0xfffffff3][0x18][0xffffffca]@[0xffffff95][0xffffffc5]0[0xffffff90][0xffffff83];[0xffffffd3]7[0x1f].[0xb])[0xffffffd8][0xfffffff0][0xffffffcb][0xfffffff1]ej4[0xfffffff0][0xffffffed]:![0xfffffff8]O[0x11]<N[0xffffffdf][0xffffffa6][0x13][0xffffff8d]:[0xffffffbe][0xfffffff1][0x8]I[0x11][0xffffffa7][0xfffffff3][0xffffffe3][0xffffffc7]uW[0xffffffd9]#[\r][0xffffffb2][0xffffffbb]-[0xffffffcb][0xffffffe9][0xffffffba][0xfffffffb][0xffffff9c][0xffffffbe][0x14]Q| [0xffffffba][0xfffffff6][0xffffffb5][0xffffffd2][0xffffffe3][0xffffffcd] }[0xffffffa1][0xffffffdc][0xffffffd5]J[0xffffff87][0xffffffa6][0x1b]W2S[0xffffffee]i[0xffffffa5]S[0xffffffe9] g[0xffffffca][0x1d][0xffffffad][0x4][0xffffff90][0xffffffd4]qf[0xffffffca][0xfffffffd][0xffffffac][0xffffffb4]x>p[0xfffffff5][0x12][0xffffffad][0xffffffdd][0xffffffac][0xffffffb4]([0xffffffb4][0xffffffae][0xffffffcc]V{Yi[0x0][0xffffffc7][0xffffff85]B[0xffffffb9][0xffffff93][0xffffffc5][0x1e][0xffffff80][0xffffffee][0xfffffff0][0xc][0xffffffb9][0xffffff8d][0xffffff95][0xffffffda][0xffffffd1][0xffffff8d]Y(7[0xffffffb1][0xffffffd8]"
11:26:47.543 [main] DEBUG org.apache.hc.client5.http.wire -- http-outgoing-1 << "[0xffffff8f]jT[0xffffffb0]B[0xffffffb9][0xffffff85][0xffffff95][\n]"
11:26:47.543 [main] DEBUG org.apache.hc.client5.http.wire -- http-outgoing-1 << "[0xffffffbf]T[0xffffffc7]#p[0x3][0xffffff8b][0x1d][0xffffff87][0xffffffa9]E[0xffffffd4][0xffffffee][0x15]o[0x3]K[0x1d]A[0xffffffa6][0xffffffdc][0xffffffbb]J%[0xffffffc5]:.w[0xffffffae]xYX[0xffffffea][0xffffff9f][0xffffff88]r[0xffffffdf][0xffffff8a][0xffffffd2]OB[0xffffff91]Y[0xffffffe9]Z%UW[0x16][0xffffff86][V,MUV[0x1a]V[0xffffffac][0xffffffc1]TV[0xffffffda]U[0xffffffcc][0xffffffaa][0xffffffce][0xffffffcc][0xffffffcd]j@[0xffffff8d][0xffffffd1]2[0xffffffa3][0xffffffd2][0xffffffa8][0x6]\z][0xffffff9e]*]j[0x10][0xffffffeb][0x4][0xffffffa5]C[0xfffffff5][0xffffffa4]t[0xffffffe5][0xffffffc5][0xffffffd2][0xffffff9d]z,,[0x13][0xffffffee]Li[0xffffffc7][0xfffffff3][0xffffffc6]pW[0xffffffea]pm[0xffffffcb]k[0xffffffdc][0xffffff92][0x2][0xffffff84][0xffffffb2]%[0xffffffdc][0xffffff8e][0x2][0x1e][0x9][0xffffffc8]k[0xffffffc1][0xffffffbd][0xffffffa8][0xffffffa5][0x5].O[0xffffff95]F[0xffffffd4]&[0xffffff83][0xffffff92][0x8]7[0xffffffa1]([\r][0xffffffb6][0xffffffcc][0xffffff87][0xffffffea][0xffffff95][0xffffffd5]3pN[0xffffffdc][0xffffff93][0xffffffe2]=[[0xffffffb6][0xffffffaa][0xfffffff6][0xffffffa3]X1[0xffffff9e][0xffffffbb][0xffffffc4]j3Jg6[0xffffff93][0xffffffd2][0xffffff88]*[0xffffffc7]G[0xffffff87]{P[0xffffffa5]+)[0xfffffffd]'[0xffffffc9]b![0xffffffa5][0xfffffff5][0xffffff94][0x1a]{[0xfffffff3][0xffffff8c][0xffffff8c][0xffffff89][0xffffffef][0xffffff97][0xffffffe9]q>_o[0xfffffffb][0xffffffd3]i:f[0xffffffa8]"[0xffffffd0][0xffffffcd][0xffffffae][0xfffffff3]912[0xffffffa2][0xffffff84][0xffffff81][\n]"
11:26:47.543 [main] DEBUG org.apache.hc.client5.http.wire -- http-outgoing-1 << "[0xffffffb9]|#"[0xffffffea]$[0xffffffde]vy?[0xffffffb4][0xffffff8f][0xfffffff8]a[0x19][0x1d]r[0xffffffa8]Htp[0xffffffa7]}>#[0xffffffd8][0xffffff87][0xffffffd1][0xffffff95][0xffffff8d]z[0xfffffffd][0xfffffff0][0xf][0xffffffe2][0x12][0xffffff8f][0xfffffff4]>[0x13][0x0][0x0]"
11:26:47.544 [main] DEBUG org.apache.hc.client5.http.impl.classic.InternalHttpClient -- ep-0000000002 releasing valid endpoint
11:26:47.544 [main] DEBUG org.apache.hc.client5.http.impl.io.PoolingHttpClientConnectionManager -- ep-0000000002 releasing endpoint
11:26:47.544 [main] DEBUG org.apache.hc.client5.http.impl.io.PoolingHttpClientConnectionManager -- ep-0000000002 connection http-outgoing-1 can be kept alive for 3 MINUTES
11:26:47.545 [main] DEBUG org.apache.hc.client5.http.impl.io.PoolingHttpClientConnectionManager -- ep-0000000002 connection released [route: {s}->https://raw.githubusercontent.com:443][total available: 1; route allocated: 1 of 5; total allocated: 2 of 25]
11:26:47.545 [main] DEBUG io.github.bonigarcia.wdm.versions.VersionDetector -- Driver for chrome120.0.6099.63 not found in online properties (using local versions.properties)
11:26:47.547 [main] DEBUG io.github.bonigarcia.wdm.WebDriverManager -- The driver version for CHROME 120.0.6099.63 is unknown ... trying with latest
11:26:47.552 [main] DEBUG org.apache.hc.client5.http.impl.classic.InternalHttpClient -- ex-0000000003 preparing request execution
11:26:47.553 [main] DEBUG org.apache.hc.client5.http.impl.classic.ProtocolExec -- ex-0000000003 target auth state: UNCHALLENGED
11:26:47.553 [main] DEBUG org.apache.hc.client5.http.impl.classic.ProtocolExec -- ex-0000000003 proxy auth state: UNCHALLENGED
11:26:47.553 [main] DEBUG org.apache.hc.client5.http.impl.classic.ConnectExec -- ex-0000000003 acquiring connection with route {s}->https://googlechromelabs.github.io:443
11:26:47.554 [main] DEBUG org.apache.hc.client5.http.impl.classic.InternalHttpClient -- ex-0000000003 acquiring endpoint (3 MINUTES)
11:26:47.554 [main] DEBUG org.apache.hc.client5.http.impl.io.PoolingHttpClientConnectionManager -- ex-0000000003 endpoint lease request (3 MINUTES) [route: {s}->https://googlechromelabs.github.io:443][total available: 1; route allocated: 1 of 5; total allocated: 2 of 25]
11:26:47.556 [main] DEBUG org.apache.hc.client5.http.impl.io.PoolingHttpClientConnectionManager -- ex-0000000003 endpoint leased [route: {s}->https://googlechromelabs.github.io:443][total available: 1; route allocated: 2 of 5; total allocated: 3 of 25]
11:26:47.556 [main] DEBUG org.apache.hc.client5.http.impl.io.PoolingHttpClientConnectionManager -- ex-0000000003 acquired ep-0000000003
11:26:47.556 [main] DEBUG org.apache.hc.client5.http.impl.classic.InternalHttpClient -- ex-0000000003 acquired endpoint ep-0000000003
11:26:47.556 [main] DEBUG org.apache.hc.client5.http.impl.classic.ConnectExec -- ex-0000000003 opening connection {s}->https://googlechromelabs.github.io:443
11:26:47.556 [main] DEBUG org.apache.hc.client5.http.impl.classic.InternalHttpClient -- ep-0000000003 connecting endpoint (null)
11:26:47.556 [main] DEBUG org.apache.hc.client5.http.impl.io.PoolingHttpClientConnectionManager -- ep-0000000003 connecting endpoint to https://googlechromelabs.github.io:443 (30 SECONDS)
11:26:47.556 [main] DEBUG org.apache.hc.client5.http.impl.io.DefaultHttpClientConnectionOperator -- googlechromelabs.github.io resolving remote address
11:26:47.556 [main] DEBUG org.apache.hc.client5.http.impl.io.DefaultHttpClientConnectionOperator -- googlechromelabs.github.io resolved to [googlechromelabs.github.io/185.199.108.153, googlechromelabs.github.io/185.199.111.153, googlechromelabs.github.io/185.199.110.153, googlechromelabs.github.io/185.199.109.153]
11:26:47.557 [main] DEBUG org.apache.hc.client5.http.impl.io.DefaultHttpClientConnectionOperator -- googlechromelabs.github.io:443 connecting null->googlechromelabs.github.io/185.199.108.153:443 (30 SECONDS)
11:26:47.557 [main] DEBUG org.apache.hc.client5.http.ssl.SSLConnectionSocketFactory -- Connecting socket to googlechromelabs.github.io/185.199.108.153:443 with timeout 30 SECONDS
11:26:47.597 [main] DEBUG org.apache.hc.client5.http.ssl.SSLConnectionSocketFactory -- Enabled protocols: [TLSv1.3, TLSv1.2]
11:26:47.598 [main] DEBUG org.apache.hc.client5.http.ssl.SSLConnectionSocketFactory -- Enabled cipher suites: [TLS_AES_256_GCM_SHA384, TLS_AES_128_GCM_SHA256, TLS_CHACHA20_POLY1305_SHA256, TLS_ECDHE_ECDSA_WITH_AES_256_GCM_SHA384, TLS_ECDHE_ECDSA_WITH_AES_128_GCM_SHA256, TLS_ECDHE_ECDSA_WITH_CHACHA20_POLY1305_SHA256, TLS_ECDHE_RSA_WITH_AES_256_GCM_SHA384, TLS_ECDHE_RSA_WITH_CHACHA20_POLY1305_SHA256, TLS_ECDHE_RSA_WITH_AES_128_GCM_SHA256, TLS_DHE_RSA_WITH_AES_256_GCM_SHA384, TLS_DHE_RSA_WITH_CHACHA20_POLY1305_SHA256, TLS_DHE_DSS_WITH_AES_256_GCM_SHA384, TLS_DHE_RSA_WITH_AES_128_GCM_SHA256, TLS_DHE_DSS_WITH_AES_128_GCM_SHA256, TLS_ECDHE_ECDSA_WITH_AES_256_CBC_SHA384, TLS_ECDHE_RSA_WITH_AES_256_CBC_SHA384, TLS_ECDHE_ECDSA_WITH_AES_128_CBC_SHA256, TLS_ECDHE_RSA_WITH_AES_128_CBC_SHA256, TLS_DHE_RSA_WITH_AES_256_CBC_SHA256, TLS_DHE_DSS_WITH_AES_256_CBC_SHA256, TLS_DHE_RSA_WITH_AES_128_CBC_SHA256, TLS_DHE_DSS_WITH_AES_128_CBC_SHA256, TLS_ECDHE_ECDSA_WITH_AES_256_CBC_SHA, TLS_ECDHE_RSA_WITH_AES_256_CBC_SHA, TLS_ECDHE_ECDSA_WITH_AES_128_CBC_SHA, TLS_ECDHE_RSA_WITH_AES_128_CBC_SHA, TLS_DHE_RSA_WITH_AES_256_CBC_SHA, TLS_DHE_DSS_WITH_AES_256_CBC_SHA, TLS_DHE_RSA_WITH_AES_128_CBC_SHA, TLS_DHE_DSS_WITH_AES_128_CBC_SHA, TLS_RSA_WITH_AES_256_GCM_SHA384, TLS_RSA_WITH_AES_128_GCM_SHA256, TLS_RSA_WITH_AES_256_CBC_SHA256, TLS_RSA_WITH_AES_128_CBC_SHA256, TLS_RSA_WITH_AES_256_CBC_SHA, TLS_RSA_WITH_AES_128_CBC_SHA, TLS_EMPTY_RENEGOTIATION_INFO_SCSV]
11:26:47.598 [main] DEBUG org.apache.hc.client5.http.ssl.SSLConnectionSocketFactory -- Starting handshake (null)
11:26:47.663 [main] DEBUG org.apache.hc.client5.http.ssl.SSLConnectionSocketFactory -- Secure session established
11:26:47.664 [main] DEBUG org.apache.hc.client5.http.ssl.SSLConnectionSocketFactory --  negotiated protocol: TLSv1.3
11:26:47.664 [main] DEBUG org.apache.hc.client5.http.ssl.SSLConnectionSocketFactory --  negotiated cipher suite: TLS_AES_128_GCM_SHA256
11:26:47.664 [main] DEBUG org.apache.hc.client5.http.ssl.SSLConnectionSocketFactory --  peer principal: CN=*.github.io, O="GitHub, Inc.", L=San Francisco, ST=California, C=US
11:26:47.664 [main] DEBUG org.apache.hc.client5.http.ssl.SSLConnectionSocketFactory --  peer alternative names: [*.github.io, github.io, *.github.com, github.com, www.github.com, *.githubusercontent.com, githubusercontent.com]
11:26:47.664 [main] DEBUG org.apache.hc.client5.http.ssl.SSLConnectionSocketFactory --  issuer principal: CN=DigiCert TLS RSA SHA256 2020 CA1, O=DigiCert Inc, C=US
11:26:47.664 [main] DEBUG org.apache.hc.client5.http.impl.io.DefaultManagedHttpClientConnection -- http-outgoing-2 set socket timeout to 3 MINUTES
11:26:47.664 [main] DEBUG org.apache.hc.client5.http.impl.io.DefaultHttpClientConnectionOperator -- googlechromelabs.github.io:443 connected null->googlechromelabs.github.io/185.199.108.153:443 as http-outgoing-2
11:26:47.664 [main] DEBUG org.apache.hc.client5.http.impl.io.PoolingHttpClientConnectionManager -- ep-0000000003 connected http-outgoing-2
11:26:47.664 [main] DEBUG org.apache.hc.client5.http.impl.classic.InternalHttpClient -- ep-0000000003 endpoint connected
11:26:47.664 [main] DEBUG org.apache.hc.client5.http.impl.classic.MainClientExec -- ex-0000000003 executing GET /chrome-for-testing/last-known-good-versions-with-downloads.json HTTP/1.1
11:26:47.664 [main] DEBUG org.apache.hc.client5.http.protocol.RequestAddCookies -- ex-0000000003 Cookie spec selected: strict
11:26:47.665 [main] DEBUG org.apache.hc.client5.http.impl.classic.InternalHttpClient -- ep-0000000003 start execution ex-0000000003
11:26:47.665 [main] DEBUG org.apache.hc.client5.http.impl.io.PoolingHttpClientConnectionManager -- ep-0000000003 executing exchange ex-0000000003 over http-outgoing-2
11:26:47.665 [main] DEBUG org.apache.hc.client5.http.headers -- http-outgoing-2 >> GET /chrome-for-testing/last-known-good-versions-with-downloads.json HTTP/1.1
11:26:47.665 [main] DEBUG org.apache.hc.client5.http.headers -- http-outgoing-2 >> user-agent: Apache-HttpClient/5.0
11:26:47.665 [main] DEBUG org.apache.hc.client5.http.headers -- http-outgoing-2 >> accept-encoding: gzip, deflate, br
11:26:47.665 [main] DEBUG org.apache.hc.client5.http.headers -- http-outgoing-2 >> cache-control: max-age=0
11:26:47.665 [main] DEBUG org.apache.hc.client5.http.headers -- http-outgoing-2 >> connection: keep-alive
11:26:47.665 [main] DEBUG org.apache.hc.client5.http.headers -- http-outgoing-2 >> Host: googlechromelabs.github.io
11:26:47.665 [main] DEBUG org.apache.hc.client5.http.wire -- http-outgoing-2 >> "GET /chrome-for-testing/last-known-good-versions-with-downloads.json HTTP/1.1[\r][\n]"
11:26:47.665 [main] DEBUG org.apache.hc.client5.http.wire -- http-outgoing-2 >> "user-agent: Apache-HttpClient/5.0[\r][\n]"
11:26:47.665 [main] DEBUG org.apache.hc.client5.http.wire -- http-outgoing-2 >> "accept-encoding: gzip, deflate, br[\r][\n]"
11:26:47.665 [main] DEBUG org.apache.hc.client5.http.wire -- http-outgoing-2 >> "cache-control: max-age=0[\r][\n]"
11:26:47.666 [main] DEBUG org.apache.hc.client5.http.wire -- http-outgoing-2 >> "connection: keep-alive[\r][\n]"
11:26:47.666 [main] DEBUG org.apache.hc.client5.http.wire -- http-outgoing-2 >> "Host: googlechromelabs.github.io[\r][\n]"
11:26:47.666 [main] DEBUG org.apache.hc.client5.http.wire -- http-outgoing-2 >> "[\r][\n]"
11:26:47.706 [main] DEBUG org.apache.hc.client5.http.wire -- http-outgoing-2 << "HTTP/1.1 200 OK[\r][\n]"
11:26:47.706 [main] DEBUG org.apache.hc.client5.http.wire -- http-outgoing-2 << "Connection: keep-alive[\r][\n]"
11:26:47.706 [main] DEBUG org.apache.hc.client5.http.wire -- http-outgoing-2 << "Content-Length: 639[\r][\n]"
11:26:47.707 [main] DEBUG org.apache.hc.client5.http.wire -- http-outgoing-2 << "Server: GitHub.com[\r][\n]"
11:26:47.707 [main] DEBUG org.apache.hc.client5.http.wire -- http-outgoing-2 << "Content-Type: application/json; charset=utf-8[\r][\n]"
11:26:47.707 [main] DEBUG org.apache.hc.client5.http.wire -- http-outgoing-2 << "permissions-policy: interest-cohort=()[\r][\n]"
11:26:47.707 [main] DEBUG org.apache.hc.client5.http.wire -- http-outgoing-2 << "x-origin-cache: HIT[\r][\n]"
11:26:47.707 [main] DEBUG org.apache.hc.client5.http.wire -- http-outgoing-2 << "Last-Modified: Thu, 21 Dec 2023 10:09:07 GMT[\r][\n]"
11:26:47.707 [main] DEBUG org.apache.hc.client5.http.wire -- http-outgoing-2 << "Access-Control-Allow-Origin: *[\r][\n]"
11:26:47.707 [main] DEBUG org.apache.hc.client5.http.wire -- http-outgoing-2 << "Strict-Transport-Security: max-age=31556952[\r][\n]"
11:26:47.707 [main] DEBUG org.apache.hc.client5.http.wire -- http-outgoing-2 << "ETag: W/"65840ec3-22ac"[\r][\n]"
11:26:47.707 [main] DEBUG org.apache.hc.client5.http.wire -- http-outgoing-2 << "expires: Thu, 21 Dec 2023 10:19:26 GMT[\r][\n]"
11:26:47.707 [main] DEBUG org.apache.hc.client5.http.wire -- http-outgoing-2 << "Cache-Control: max-age=600[\r][\n]"
11:26:47.707 [main] DEBUG org.apache.hc.client5.http.wire -- http-outgoing-2 << "Content-Encoding: gzip[\r][\n]"
11:26:47.707 [main] DEBUG org.apache.hc.client5.http.wire -- http-outgoing-2 << "x-proxy-cache: HIT[\r][\n]"
11:26:47.707 [main] DEBUG org.apache.hc.client5.http.wire -- http-outgoing-2 << "X-GitHub-Request-Id: B6B0:13CF72:40DE00C:4208092:65840FDC[\r][\n]"
11:26:47.707 [main] DEBUG org.apache.hc.client5.http.wire -- http-outgoing-2 << "Accept-Ranges: bytes[\r][\n]"
11:26:47.707 [main] DEBUG org.apache.hc.client5.http.wire -- http-outgoing-2 << "Date: Thu, 21 Dec 2023 10:26:50 GMT[\r][\n]"
11:26:47.707 [main] DEBUG org.apache.hc.client5.http.wire -- http-outgoing-2 << "Via: 1.1 varnish[\r][\n]"
11:26:47.707 [main] DEBUG org.apache.hc.client5.http.wire -- http-outgoing-2 << "Age: 20[\r][\n]"
11:26:47.707 [main] DEBUG org.apache.hc.client5.http.wire -- http-outgoing-2 << "X-Served-By: cache-mad22020-MAD[\r][\n]"
11:26:47.707 [main] DEBUG org.apache.hc.client5.http.wire -- http-outgoing-2 << "X-Cache: HIT[\r][\n]"
11:26:47.708 [main] DEBUG org.apache.hc.client5.http.wire -- http-outgoing-2 << "X-Cache-Hits: 1[\r][\n]"
11:26:47.708 [main] DEBUG org.apache.hc.client5.http.wire -- http-outgoing-2 << "X-Timer: S1703154410.365720,VS0,VE1[\r][\n]"
11:26:47.708 [main] DEBUG org.apache.hc.client5.http.wire -- http-outgoing-2 << "Vary: Accept-Encoding[\r][\n]"
11:26:47.708 [main] DEBUG org.apache.hc.client5.http.wire -- http-outgoing-2 << "X-Fastly-Request-ID: f92c6211a8596ff2df340f1d5097a07cf84eb72f[\r][\n]"
11:26:47.708 [main] DEBUG org.apache.hc.client5.http.wire -- http-outgoing-2 << "[\r][\n]"
11:26:47.708 [main] DEBUG org.apache.hc.client5.http.headers -- http-outgoing-2 << HTTP/1.1 200 OK
11:26:47.708 [main] DEBUG org.apache.hc.client5.http.headers -- http-outgoing-2 << Connection: keep-alive
11:26:47.708 [main] DEBUG org.apache.hc.client5.http.headers -- http-outgoing-2 << Content-Length: 639
11:26:47.708 [main] DEBUG org.apache.hc.client5.http.headers -- http-outgoing-2 << Server: GitHub.com
11:26:47.709 [main] DEBUG org.apache.hc.client5.http.headers -- http-outgoing-2 << Content-Type: application/json; charset=utf-8
11:26:47.709 [main] DEBUG org.apache.hc.client5.http.headers -- http-outgoing-2 << permissions-policy: interest-cohort=()
11:26:47.709 [main] DEBUG org.apache.hc.client5.http.headers -- http-outgoing-2 << x-origin-cache: HIT
11:26:47.709 [main] DEBUG org.apache.hc.client5.http.headers -- http-outgoing-2 << Last-Modified: Thu, 21 Dec 2023 10:09:07 GMT
11:26:47.709 [main] DEBUG org.apache.hc.client5.http.headers -- http-outgoing-2 << Access-Control-Allow-Origin: *
11:26:47.709 [main] DEBUG org.apache.hc.client5.http.headers -- http-outgoing-2 << Strict-Transport-Security: max-age=31556952
11:26:47.709 [main] DEBUG org.apache.hc.client5.http.headers -- http-outgoing-2 << ETag: W/"65840ec3-22ac"
11:26:47.709 [main] DEBUG org.apache.hc.client5.http.headers -- http-outgoing-2 << expires: Thu, 21 Dec 2023 10:19:26 GMT
11:26:47.709 [main] DEBUG org.apache.hc.client5.http.headers -- http-outgoing-2 << Cache-Control: max-age=600
11:26:47.709 [main] DEBUG org.apache.hc.client5.http.headers -- http-outgoing-2 << Content-Encoding: gzip
11:26:47.709 [main] DEBUG org.apache.hc.client5.http.headers -- http-outgoing-2 << x-proxy-cache: HIT
11:26:47.709 [main] DEBUG org.apache.hc.client5.http.headers -- http-outgoing-2 << X-GitHub-Request-Id: B6B0:13CF72:40DE00C:4208092:65840FDC
11:26:47.709 [main] DEBUG org.apache.hc.client5.http.headers -- http-outgoing-2 << Accept-Ranges: bytes
11:26:47.709 [main] DEBUG org.apache.hc.client5.http.headers -- http-outgoing-2 << Date: Thu, 21 Dec 2023 10:26:50 GMT
11:26:47.709 [main] DEBUG org.apache.hc.client5.http.headers -- http-outgoing-2 << Via: 1.1 varnish
11:26:47.709 [main] DEBUG org.apache.hc.client5.http.headers -- http-outgoing-2 << Age: 20
11:26:47.709 [main] DEBUG org.apache.hc.client5.http.headers -- http-outgoing-2 << X-Served-By: cache-mad22020-MAD
11:26:47.709 [main] DEBUG org.apache.hc.client5.http.headers -- http-outgoing-2 << X-Cache: HIT
11:26:47.709 [main] DEBUG org.apache.hc.client5.http.headers -- http-outgoing-2 << X-Cache-Hits: 1
11:26:47.709 [main] DEBUG org.apache.hc.client5.http.headers -- http-outgoing-2 << X-Timer: S1703154410.365720,VS0,VE1
11:26:47.710 [main] DEBUG org.apache.hc.client5.http.headers -- http-outgoing-2 << Vary: Accept-Encoding
11:26:47.710 [main] DEBUG org.apache.hc.client5.http.headers -- http-outgoing-2 << X-Fastly-Request-ID: f92c6211a8596ff2df340f1d5097a07cf84eb72f
11:26:47.710 [main] DEBUG org.apache.hc.client5.http.impl.classic.MainClientExec -- ex-0000000003 connection can be kept alive for 3 MINUTES
11:26:47.766 [main] DEBUG org.apache.hc.client5.http.wire -- http-outgoing-2 << "[0x1f][0xffffff8b][0x8][0x0][0x0][0x0][0x0][0x0][0x0][0x3][0xffffffcd][0xffffff96][0xffffffcb][0xffffff8e][0xffffff9b]0[0x14][0xffffff86][0xfffffff7]}[0xc][0xffffffaf][0xffffffb9][0xffffffd9]D[0x10]XN[0xfffffffb][0x6][0xffffffed][0xffffffaa]U[0x17]np[0x13]$[0x3][0x11]x2m#[0xffffffde][0xffffffbd][0xffffff86][0x18][0xffffff86][0xffffff8b][0xffffffcd][0xffffffac][0xffffffe2][0xffffffc3][0xffffff8a][0xffffffe4]`[0xffffffce][0xfffffff9]A[0xffffff9f][0xffffff8e][0xffffffbe];[0x12]y[0xffffffc1][0x1a]A[0xffffff8b]+J[0x11][0x9]H[0xffffffe8]b[0xffffffe2][0xffffff92][0xffffffe0][0x1b]!ipL[0xf][0xffffff81][0x17][0xffffffc5][0xffffffc7][0xffffffef][0xffffffc8]A[0xffffffa7][0xb]-K[0xffffffc6][0x1b][0xffffff94][0xffffffde][0xffffffd1]WA[0x7f]q[0xffffffd6][0xfffffffd]RU[0xfffffff9][0xffffffa8][0xffffffaa]9[0xffffffe8][0xffffffc6][0xffffffea]&[0xffffffaf]JY[0xffffffc2]$[0xfffffff0][0xffffffe4][0xfffffff3]A[0xffffff92]x8H[0xffffffe4][0xffffffad][0xffffff9a][0xffffffdd][0xfffffff2][0xfffffff1][0x1e][0xffffff8e][0xffffffc3][0xffffff88][0xffffffc8]bV[0xffffffbd][0xffffff95][0xffffffbc][0xffffffa2]Y[0xfffffff3][0xffffffe8]WW[0xffffff85][0xffffffec][0xfffffffc][0xffffffe3][0xffffff8e][0xffffffae][0xffffff9c][0xffffff8a][0xffffffdf]U][0xffffffc8][0xffffffc3]</_[0xffffffff]D[0x7]y[0xfffffff8][0xffffffb5][0xffffffee]f][0xffffff84][0xffffffb8]6[0xffffffa9][0xffffffef][0xffffffb3][0xffffffec][0xffffffcc]2[0xffffffee][0x15][0xffffffcc];[0xffffffdf][0x4][0xfffffff6]NU[0xffffffa1]J[0xfffffffe][0xffffffa3][0xffffff8f][0xffffffba][0xffffffb8][0xffffffb2][0xffffff8d]+[0xffffffe4]K[0xffffffe6][0xffffffe5][0xffffffd9][0xffffff9f][0xffffff87][0xfffffff2]U[0xffffffeb][0xffffffe1][0xffffffa4][0xfffffffa][0xffffffeb][0xfffffffd][0xffffffcb][0xffffffaf][0xffffffa8]uf![\n]"
11:26:47.766 [main] DEBUG org.apache.hc.client5.http.wire -- http-outgoing-2 << "zri]<'[0xffffffc6][0xffffffd8]|8;[0x16]LQ[0xffffff9e][0xfffffff4]=T[0xffffffeb]i[0xc][0xffffffc3][0xfffffff7]x[0xffffffcb][0xffffffcb][0xffffff90]<#B[0xffffffdf]x8[0xffffffd7][0xffffffff]1[0xffffff8c][0x7f][0xffffffce][0x17][0xffffffe8][0x1b]O[0xffffffc6][0xf]o[0xffffffff][0xffffffd3]Qtfu.[0x19][0x7]c[0xfffffff4]1~7[0xffffffa4][0xffffffaa]8[0xfffffffb][0xffffffe0]u[0x12][0x6][0xffffff92]Z[0x15][0x3][0xffffff96][0xffffffdd][0xfffffff7][0x10]+[0xffffff82][0xffffffdd][0xb][0xffffffa3][0x19]gM[0xffffffe3]6[0x17][0xffffffc6]9[0x18][0xffffffca][0xffffff8b][0x1c][0xffffffbb]az[0xffffff99]k[0x1f]p[0xffffffeb]RAR[0xffffffbe][0xffffffcc][0x3][0xffffff8b][0xffffffbb]&[0xffffffcd][0xffffffc8]}[0xffffffdb]:[0xffffffe8][0xffffff85][0x9]:7[0xffffff96][0xffffffbe]2[0xfffffff7][0x15][0xffffffdc]u[0xffffffc7]Q[0xffffffec][0xffffffe1]h[0xffffffa9]+a[0xffffff88][0xffffff83][0x18]BW&[0xffffff99][0x0]me[0xffffff9a][0x2]RV[0xffffff96]9[0xffffffec][0xffffffbb][0xffffffca]4[0xffffff81]}UYL[0xffffff87]7[0x15]3[0xffffff9e][0xfffffff6]Ee[0xb]R[0xfffffffb][0xffffff9e]bF[0xffffffd5][0xffffffae][0xffffffa6][0xffffff98][0xffffff80][0xffffffb5]i)&l[0xfffffff7]")[0x1b]K[0x16][0xffffffce]Q6w.[0xffffff9c][0xffffffa2]l[0xffffffac]`[0x18]C1nd[0x8]A1.[0xffffffe8][0xf][0xfffffffc][0xffffffe4][0xb][0xffffffbb][0xffffffcd][0xfffffff5][0xffffffa4]+[0xffffffcc][0xffffffed][0xffffff84][0xfffffff4][0xffffffad][0xffffff8f][0xfffffff2][0xffffffb2][0xffffff92][0xffffff93](>[0x1c]![0xffffffe4][0xffffffe4]=[0x12][0xffffffa0][0xffffff9b]LB@[0xffffffaa][0xffffffc9]"[0xffffff86]}3[0xffffff99][0x4][0xffffffb0]/&[0xfffffff3][0xffffffe1][0xfffffff0]^b$[0xffffffd3][0xffffffbe][0xffffff96]l[0xfffffff0]i[0xffffffdf]J[0xffffff8c][0xffffff94][0xffffffda][0xffffff95][0x12][0x3][0xffffffab]6[0xffffff9d][0xffffffc4]@[0xffffffec]^[0xffffff94][0xffffffc4][0xffffffbc]Z[0xffffffe1][0xffffff8c]dk[0xffffffd3][0xffffffc2][0x9][0xffffff89]y[0xfffffff1][0xffffffc2][0xfffffff8][0xffffff88]i[0xf]C[0xffffffe8][0xffffff88]i-[0x7f]`#[0xffffff9f]iI[0xffffffeb][0xffffffbf]s!Q5[0xffffff9d][0xffffff93]$[0xffffffb1][0xffffffc6]I[0xffffff92][0xffffffe8][0xffffff80][0xffffffe1][0xffffff9c][0xffffffa4][0xffffff8b][0x4][0xffffffee]$}[0x8]x'[0x19]c@9I[0x1f][0x0][0xffffffca]I[0xffffff86][0xffffffe1]{q[0x12][\r][0xffffff99]PN[0xffffffa2][0xffffffe5][0x13][0xffffffca]I4[0xffffff94]B8[0xffffffc9][0xffffff8a]U[0xfffffffb]N[0xffffffb2]"v_N[0xffffffa2][[0xffffffad][0xffffffd0]N[0xffffffa2][0xffffffdf][0xffffffb4][0xffffffd0]N[0xffffffa2][[0xffffffbc][0xffffff90]N[0xffffffb2][0xffffffde][0xffffffc3]pN[0xffffffb2]^[0xffffffcb][0xffffff9b]N[0xffffffd2][0xffffffb6][0xffffff9f][0xfffffffe][0x3][0x1f][0x19][0xb]V[0xffffffac]"[0x0][0x0]"
11:26:47.790 [main] DEBUG org.apache.hc.client5.http.impl.classic.InternalHttpClient -- ep-0000000003 releasing valid endpoint
11:26:47.790 [main] DEBUG org.apache.hc.client5.http.impl.io.PoolingHttpClientConnectionManager -- ep-0000000003 releasing endpoint
11:26:47.791 [main] DEBUG org.apache.hc.client5.http.impl.io.PoolingHttpClientConnectionManager -- ep-0000000003 connection http-outgoing-2 can be kept alive for 3 MINUTES
11:26:47.791 [main] DEBUG org.apache.hc.client5.http.impl.io.PoolingHttpClientConnectionManager -- ep-0000000003 connection released [route: {s}->https://googlechromelabs.github.io:443][total available: 2; route allocated: 2 of 5; total allocated: 3 of 25]
11:26:47.812 [main] DEBUG io.github.bonigarcia.wdm.WebDriverManager -- Driver chromedriver 120.0.6099.109 found in cache
11:26:47.813 [main] INFO io.github.bonigarcia.wdm.WebDriverManager -- Exporting webdriver.chrome.driver as C:\Users\info\.cache\selenium\chromedriver\win64\120.0.6099.109\chromedriver.exe
11:26:50.855 [main] DEBUG io.github.bonigarcia.wdm.WebDriverManager -- Using WebDriverManager 5.6.2
11:26:50.876 [main] WARN io.github.bonigarcia.wdm.versions.VersionDetector -- Exception reading CfT URL ('null') to get version of chromedriver (For input string: "120.0.6099.63")
11:26:50.876 [main] DEBUG org.apache.hc.client5.http.impl.classic.InternalHttpClient -- ex-0000000004 preparing request execution
11:26:50.877 [main] DEBUG org.apache.hc.client5.http.impl.classic.ProtocolExec -- ex-0000000004 target auth state: UNCHALLENGED
11:26:50.877 [main] DEBUG org.apache.hc.client5.http.impl.classic.ProtocolExec -- ex-0000000004 proxy auth state: UNCHALLENGED
11:26:50.877 [main] DEBUG org.apache.hc.client5.http.impl.classic.ConnectExec -- ex-0000000004 acquiring connection with route {s}->https://googlechromelabs.github.io:443
11:26:50.877 [main] DEBUG org.apache.hc.client5.http.impl.classic.InternalHttpClient -- ex-0000000004 acquiring endpoint (3 MINUTES)
11:26:50.877 [main] DEBUG org.apache.hc.client5.http.impl.io.PoolingHttpClientConnectionManager -- ex-0000000004 endpoint lease request (3 MINUTES) [route: {s}->https://googlechromelabs.github.io:443][total available: 0; route allocated: 0 of 5; total allocated: 0 of 25]
11:26:50.877 [main] DEBUG org.apache.hc.client5.http.impl.io.PoolingHttpClientConnectionManager -- ex-0000000004 endpoint leased [route: {s}->https://googlechromelabs.github.io:443][total available: 0; route allocated: 1 of 5; total allocated: 1 of 25]
11:26:50.877 [main] DEBUG org.apache.hc.client5.http.impl.io.PoolingHttpClientConnectionManager -- ex-0000000004 acquired ep-0000000004
11:26:50.877 [main] DEBUG org.apache.hc.client5.http.impl.classic.InternalHttpClient -- ex-0000000004 acquired endpoint ep-0000000004
11:26:50.877 [main] DEBUG org.apache.hc.client5.http.impl.classic.ConnectExec -- ex-0000000004 opening connection {s}->https://googlechromelabs.github.io:443
11:26:50.877 [main] DEBUG org.apache.hc.client5.http.impl.classic.InternalHttpClient -- ep-0000000004 connecting endpoint (null)
11:26:50.878 [main] DEBUG org.apache.hc.client5.http.impl.io.PoolingHttpClientConnectionManager -- ep-0000000004 connecting endpoint to https://googlechromelabs.github.io:443 (30 SECONDS)
11:26:50.878 [main] DEBUG org.apache.hc.client5.http.impl.io.DefaultHttpClientConnectionOperator -- googlechromelabs.github.io resolving remote address
11:26:50.878 [main] DEBUG org.apache.hc.client5.http.impl.io.DefaultHttpClientConnectionOperator -- googlechromelabs.github.io resolved to [googlechromelabs.github.io/185.199.108.153, googlechromelabs.github.io/185.199.111.153, googlechromelabs.github.io/185.199.110.153, googlechromelabs.github.io/185.199.109.153]
11:26:50.878 [main] DEBUG org.apache.hc.client5.http.impl.io.DefaultHttpClientConnectionOperator -- googlechromelabs.github.io:443 connecting null->googlechromelabs.github.io/185.199.108.153:443 (30 SECONDS)
11:26:50.878 [main] DEBUG org.apache.hc.client5.http.ssl.SSLConnectionSocketFactory -- Connecting socket to googlechromelabs.github.io/185.199.108.153:443 with timeout 30 SECONDS
11:26:50.917 [main] DEBUG org.apache.hc.client5.http.ssl.SSLConnectionSocketFactory -- Enabled protocols: [TLSv1.3, TLSv1.2]
11:26:50.917 [main] DEBUG org.apache.hc.client5.http.ssl.SSLConnectionSocketFactory -- Enabled cipher suites: [TLS_AES_256_GCM_SHA384, TLS_AES_128_GCM_SHA256, TLS_CHACHA20_POLY1305_SHA256, TLS_ECDHE_ECDSA_WITH_AES_256_GCM_SHA384, TLS_ECDHE_ECDSA_WITH_AES_128_GCM_SHA256, TLS_ECDHE_ECDSA_WITH_CHACHA20_POLY1305_SHA256, TLS_ECDHE_RSA_WITH_AES_256_GCM_SHA384, TLS_ECDHE_RSA_WITH_CHACHA20_POLY1305_SHA256, TLS_ECDHE_RSA_WITH_AES_128_GCM_SHA256, TLS_DHE_RSA_WITH_AES_256_GCM_SHA384, TLS_DHE_RSA_WITH_CHACHA20_POLY1305_SHA256, TLS_DHE_DSS_WITH_AES_256_GCM_SHA384, TLS_DHE_RSA_WITH_AES_128_GCM_SHA256, TLS_DHE_DSS_WITH_AES_128_GCM_SHA256, TLS_ECDHE_ECDSA_WITH_AES_256_CBC_SHA384, TLS_ECDHE_RSA_WITH_AES_256_CBC_SHA384, TLS_ECDHE_ECDSA_WITH_AES_128_CBC_SHA256, TLS_ECDHE_RSA_WITH_AES_128_CBC_SHA256, TLS_DHE_RSA_WITH_AES_256_CBC_SHA256, TLS_DHE_DSS_WITH_AES_256_CBC_SHA256, TLS_DHE_RSA_WITH_AES_128_CBC_SHA256, TLS_DHE_DSS_WITH_AES_128_CBC_SHA256, TLS_ECDHE_ECDSA_WITH_AES_256_CBC_SHA, TLS_ECDHE_RSA_WITH_AES_256_CBC_SHA, TLS_ECDHE_ECDSA_WITH_AES_128_CBC_SHA, TLS_ECDHE_RSA_WITH_AES_128_CBC_SHA, TLS_DHE_RSA_WITH_AES_256_CBC_SHA, TLS_DHE_DSS_WITH_AES_256_CBC_SHA, TLS_DHE_RSA_WITH_AES_128_CBC_SHA, TLS_DHE_DSS_WITH_AES_128_CBC_SHA, TLS_RSA_WITH_AES_256_GCM_SHA384, TLS_RSA_WITH_AES_128_GCM_SHA256, TLS_RSA_WITH_AES_256_CBC_SHA256, TLS_RSA_WITH_AES_128_CBC_SHA256, TLS_RSA_WITH_AES_256_CBC_SHA, TLS_RSA_WITH_AES_128_CBC_SHA, TLS_EMPTY_RENEGOTIATION_INFO_SCSV]
11:26:50.917 [main] DEBUG org.apache.hc.client5.http.ssl.SSLConnectionSocketFactory -- Starting handshake (null)
11:26:50.975 [main] DEBUG org.apache.hc.client5.http.ssl.SSLConnectionSocketFactory -- Secure session established
11:26:50.975 [main] DEBUG org.apache.hc.client5.http.ssl.SSLConnectionSocketFactory --  negotiated protocol: TLSv1.3
11:26:50.976 [main] DEBUG org.apache.hc.client5.http.ssl.SSLConnectionSocketFactory --  negotiated cipher suite: TLS_AES_128_GCM_SHA256
11:26:50.976 [main] DEBUG org.apache.hc.client5.http.ssl.SSLConnectionSocketFactory --  peer principal: CN=*.github.io, O="GitHub, Inc.", L=San Francisco, ST=California, C=US
11:26:50.976 [main] DEBUG org.apache.hc.client5.http.ssl.SSLConnectionSocketFactory --  peer alternative names: [*.github.io, github.io, *.github.com, github.com, www.github.com, *.githubusercontent.com, githubusercontent.com]
11:26:50.976 [main] DEBUG org.apache.hc.client5.http.ssl.SSLConnectionSocketFactory --  issuer principal: CN=DigiCert TLS RSA SHA256 2020 CA1, O=DigiCert Inc, C=US
11:26:50.976 [main] DEBUG org.apache.hc.client5.http.impl.io.DefaultManagedHttpClientConnection -- http-outgoing-3 set socket timeout to 3 MINUTES
11:26:50.976 [main] DEBUG org.apache.hc.client5.http.impl.io.DefaultHttpClientConnectionOperator -- googlechromelabs.github.io:443 connected null->googlechromelabs.github.io/185.199.108.153:443 as http-outgoing-3
11:26:50.976 [main] DEBUG org.apache.hc.client5.http.impl.io.PoolingHttpClientConnectionManager -- ep-0000000004 connected http-outgoing-3
11:26:50.976 [main] DEBUG org.apache.hc.client5.http.impl.classic.InternalHttpClient -- ep-0000000004 endpoint connected
11:26:50.976 [main] DEBUG org.apache.hc.client5.http.impl.classic.MainClientExec -- ex-0000000004 executing GET /chrome-for-testing/LATEST_RELEASE_120.0.6099.63 HTTP/1.1
11:26:50.976 [main] DEBUG org.apache.hc.client5.http.protocol.RequestAddCookies -- ex-0000000004 Cookie spec selected: strict
11:26:50.976 [main] DEBUG org.apache.hc.client5.http.impl.classic.InternalHttpClient -- ep-0000000004 start execution ex-0000000004
11:26:50.976 [main] DEBUG org.apache.hc.client5.http.impl.io.PoolingHttpClientConnectionManager -- ep-0000000004 executing exchange ex-0000000004 over http-outgoing-3
11:26:50.976 [main] DEBUG org.apache.hc.client5.http.headers -- http-outgoing-3 >> GET /chrome-for-testing/LATEST_RELEASE_120.0.6099.63 HTTP/1.1
11:26:50.976 [main] DEBUG org.apache.hc.client5.http.headers -- http-outgoing-3 >> user-agent: Apache-HttpClient/5.0
11:26:50.976 [main] DEBUG org.apache.hc.client5.http.headers -- http-outgoing-3 >> accept-encoding: gzip, deflate, br
11:26:50.976 [main] DEBUG org.apache.hc.client5.http.headers -- http-outgoing-3 >> cache-control: max-age=0
11:26:50.976 [main] DEBUG org.apache.hc.client5.http.headers -- http-outgoing-3 >> connection: keep-alive
11:26:50.976 [main] DEBUG org.apache.hc.client5.http.headers -- http-outgoing-3 >> Host: googlechromelabs.github.io
11:26:50.977 [main] DEBUG org.apache.hc.client5.http.wire -- http-outgoing-3 >> "GET /chrome-for-testing/LATEST_RELEASE_120.0.6099.63 HTTP/1.1[\r][\n]"
11:26:50.977 [main] DEBUG org.apache.hc.client5.http.wire -- http-outgoing-3 >> "user-agent: Apache-HttpClient/5.0[\r][\n]"
11:26:50.977 [main] DEBUG org.apache.hc.client5.http.wire -- http-outgoing-3 >> "accept-encoding: gzip, deflate, br[\r][\n]"
11:26:50.977 [main] DEBUG org.apache.hc.client5.http.wire -- http-outgoing-3 >> "cache-control: max-age=0[\r][\n]"
11:26:50.977 [main] DEBUG org.apache.hc.client5.http.wire -- http-outgoing-3 >> "connection: keep-alive[\r][\n]"
11:26:50.977 [main] DEBUG org.apache.hc.client5.http.wire -- http-outgoing-3 >> "Host: googlechromelabs.github.io[\r][\n]"
11:26:50.977 [main] DEBUG org.apache.hc.client5.http.wire -- http-outgoing-3 >> "[\r][\n]"
11:26:51.018 [main] DEBUG org.apache.hc.client5.http.wire -- http-outgoing-3 << "HTTP/1.1 404 Not Found[\r][\n]"
11:26:51.018 [main] DEBUG org.apache.hc.client5.http.wire -- http-outgoing-3 << "Connection: keep-alive[\r][\n]"
11:26:51.018 [main] DEBUG org.apache.hc.client5.http.wire -- http-outgoing-3 << "Content-Length: 5254[\r][\n]"
11:26:51.018 [main] DEBUG org.apache.hc.client5.http.wire -- http-outgoing-3 << "Server: GitHub.com[\r][\n]"
11:26:51.018 [main] DEBUG org.apache.hc.client5.http.wire -- http-outgoing-3 << "Content-Type: text/html; charset=utf-8[\r][\n]"
11:26:51.018 [main] DEBUG org.apache.hc.client5.http.wire -- http-outgoing-3 << "permissions-policy: interest-cohort=()[\r][\n]"
11:26:51.018 [main] DEBUG org.apache.hc.client5.http.wire -- http-outgoing-3 << "x-origin-cache: HIT[\r][\n]"
11:26:51.019 [main] DEBUG org.apache.hc.client5.http.wire -- http-outgoing-3 << "Access-Control-Allow-Origin: *[\r][\n]"
11:26:51.019 [main] DEBUG org.apache.hc.client5.http.wire -- http-outgoing-3 << "Strict-Transport-Security: max-age=31556952[\r][\n]"
11:26:51.019 [main] DEBUG org.apache.hc.client5.http.wire -- http-outgoing-3 << "ETag: W/"64d248ca-24a3"[\r][\n]"
11:26:51.019 [main] DEBUG org.apache.hc.client5.http.wire -- http-outgoing-3 << "Content-Security-Policy: default-src 'none'; style-src 'unsafe-inline'; img-src data:; connect-src 'self'[\r][\n]"
11:26:51.019 [main] DEBUG org.apache.hc.client5.http.wire -- http-outgoing-3 << "Content-Encoding: gzip[\r][\n]"
11:26:51.019 [main] DEBUG org.apache.hc.client5.http.wire -- http-outgoing-3 << "x-proxy-cache: MISS[\r][\n]"
11:26:51.019 [main] DEBUG org.apache.hc.client5.http.wire -- http-outgoing-3 << "X-GitHub-Request-Id: 4334:13C5B4:3D3D511:3E5167D:658410B8[\r][\n]"
11:26:51.019 [main] DEBUG org.apache.hc.client5.http.wire -- http-outgoing-3 << "Accept-Ranges: bytes[\r][\n]"
11:26:51.019 [main] DEBUG org.apache.hc.client5.http.wire -- http-outgoing-3 << "Date: Thu, 21 Dec 2023 10:26:53 GMT[\r][\n]"
11:26:51.019 [main] DEBUG org.apache.hc.client5.http.wire -- http-outgoing-3 << "Via: 1.1 varnish[\r][\n]"
11:26:51.019 [main] DEBUG org.apache.hc.client5.http.wire -- http-outgoing-3 << "Age: 565[\r][\n]"
11:26:51.019 [main] DEBUG org.apache.hc.client5.http.wire -- http-outgoing-3 << "X-Served-By: cache-mad22051-MAD[\r][\n]"
11:26:51.020 [main] DEBUG org.apache.hc.client5.http.wire -- http-outgoing-3 << "X-Cache: HIT[\r][\n]"
11:26:51.020 [main] DEBUG org.apache.hc.client5.http.wire -- http-outgoing-3 << "X-Cache-Hits: 1[\r][\n]"
11:26:51.020 [main] DEBUG org.apache.hc.client5.http.wire -- http-outgoing-3 << "X-Timer: S1703154414.674137,VS0,VE1[\r][\n]"
11:26:51.020 [main] DEBUG org.apache.hc.client5.http.wire -- http-outgoing-3 << "Vary: Accept-Encoding[\r][\n]"
11:26:51.020 [main] DEBUG org.apache.hc.client5.http.wire -- http-outgoing-3 << "X-Fastly-Request-ID: 2252c2c938c75544c7d1c054740deb9b0d6119ad[\r][\n]"
[...]
11:27:21.822 [main] DEBUG org.apache.hc.client5.http.ssl.SSLConnectionSocketFactory -- Starting handshake (null)
11:27:21.865 [main] DEBUG org.apache.hc.client5.http.ssl.SSLConnectionSocketFactory -- Secure session established
11:27:21.865 [main] DEBUG org.apache.hc.client5.http.ssl.SSLConnectionSocketFactory --  negotiated protocol: TLSv1.3
11:27:21.865 [main] DEBUG org.apache.hc.client5.http.ssl.SSLConnectionSocketFactory --  negotiated cipher suite: TLS_AES_128_GCM_SHA256
11:27:21.865 [main] DEBUG org.apache.hc.client5.http.ssl.SSLConnectionSocketFactory --  peer principal: CN=*.github.io, O="GitHub, Inc.", L=San Francisco, ST=California, C=US
11:27:21.865 [main] DEBUG org.apache.hc.client5.http.ssl.SSLConnectionSocketFactory --  peer alternative names: [*.github.io, github.io, *.github.com, github.com, www.github.com, *.githubusercontent.com, githubusercontent.com]
11:27:21.865 [main] DEBUG org.apache.hc.client5.http.ssl.SSLConnectionSocketFactory --  issuer principal: CN=DigiCert TLS RSA SHA256 2020 CA1, O=DigiCert Inc, C=US
11:27:21.865 [main] DEBUG org.apache.hc.client5.http.impl.io.DefaultManagedHttpClientConnection -- http-outgoing-23 set socket timeout to 3 MINUTES
11:27:21.865 [main] DEBUG org.apache.hc.client5.http.impl.io.DefaultHttpClientConnectionOperator -- googlechromelabs.github.io:443 connected null->googlechromelabs.github.io/185.199.108.153:443 as http-outgoing-23
11:27:21.865 [main] DEBUG org.apache.hc.client5.http.impl.io.PoolingHttpClientConnectionManager -- ep-0000000024 connected http-outgoing-23
11:27:21.865 [main] DEBUG org.apache.hc.client5.http.impl.classic.InternalHttpClient -- ep-0000000024 endpoint connected
11:27:21.865 [main] DEBUG org.apache.hc.client5.http.impl.classic.MainClientExec -- ex-0000000024 executing GET /chrome-for-testing/last-known-good-versions-with-downloads.json HTTP/1.1
11:27:21.865 [main] DEBUG org.apache.hc.client5.http.protocol.RequestAddCookies -- ex-0000000024 Cookie spec selected: strict
11:27:21.865 [main] DEBUG org.apache.hc.client5.http.impl.classic.InternalHttpClient -- ep-0000000024 start execution ex-0000000024
11:27:21.865 [main] DEBUG org.apache.hc.client5.http.impl.io.PoolingHttpClientConnectionManager -- ep-0000000024 executing exchange ex-0000000024 over http-outgoing-23
11:27:21.866 [main] DEBUG org.apache.hc.client5.http.headers -- http-outgoing-23 >> GET /chrome-for-testing/last-known-good-versions-with-downloads.json HTTP/1.1
11:27:21.866 [main] DEBUG org.apache.hc.client5.http.headers -- http-outgoing-23 >> user-agent: Apache-HttpClient/5.0
11:27:21.866 [main] DEBUG org.apache.hc.client5.http.headers -- http-outgoing-23 >> accept-encoding: gzip, deflate, br
11:27:21.866 [main] DEBUG org.apache.hc.client5.http.headers -- http-outgoing-23 >> cache-control: max-age=0
11:27:21.866 [main] DEBUG org.apache.hc.client5.http.headers -- http-outgoing-23 >> connection: keep-alive
11:27:21.866 [main] DEBUG org.apache.hc.client5.http.headers -- http-outgoing-23 >> Host: googlechromelabs.github.io
11:27:21.866 [main] DEBUG org.apache.hc.client5.http.wire -- http-outgoing-23 >> "GET /chrome-for-testing/last-known-good-versions-with-downloads.json HTTP/1.1[\r][\n]"
11:27:21.866 [main] DEBUG org.apache.hc.client5.http.wire -- http-outgoing-23 >> "user-agent: Apache-HttpClient/5.0[\r][\n]"
11:27:21.866 [main] DEBUG org.apache.hc.client5.http.wire -- http-outgoing-23 >> "accept-encoding: gzip, deflate, br[\r][\n]"
11:27:21.866 [main] DEBUG org.apache.hc.client5.http.wire -- http-outgoing-23 >> "cache-control: max-age=0[\r][\n]"
11:27:21.866 [main] DEBUG org.apache.hc.client5.http.wire -- http-outgoing-23 >> "connection: keep-alive[\r][\n]"
11:27:21.866 [main] DEBUG org.apache.hc.client5.http.wire -- http-outgoing-23 >> "Host: googlechromelabs.github.io[\r][\n]"
11:27:21.866 [main] DEBUG org.apache.hc.client5.http.wire -- http-outgoing-23 >> "[\r][\n]"
11:27:21.903 [main] DEBUG org.apache.hc.client5.http.wire -- http-outgoing-23 << "HTTP/1.1 200 OK[\r][\n]"
11:27:21.904 [main] DEBUG org.apache.hc.client5.http.wire -- http-outgoing-23 << "Connection: keep-alive[\r][\n]"
11:27:21.904 [main] DEBUG org.apache.hc.client5.http.wire -- http-outgoing-23 << "Content-Length: 639[\r][\n]"
11:27:21.904 [main] DEBUG org.apache.hc.client5.http.wire -- http-outgoing-23 << "Server: GitHub.com[\r][\n]"
11:27:21.904 [main] DEBUG org.apache.hc.client5.http.wire -- http-outgoing-23 << "Content-Type: application/json; charset=utf-8[\r][\n]"
11:27:21.904 [main] DEBUG org.apache.hc.client5.http.wire -- http-outgoing-23 << "permissions-policy: interest-cohort=()[\r][\n]"
11:27:21.904 [main] DEBUG org.apache.hc.client5.http.wire -- http-outgoing-23 << "x-origin-cache: HIT[\r][\n]"
11:27:21.904 [main] DEBUG org.apache.hc.client5.http.wire -- http-outgoing-23 << "Last-Modified: Thu, 21 Dec 2023 10:09:07 GMT[\r][\n]"
11:27:21.904 [main] DEBUG org.apache.hc.client5.http.wire -- http-outgoing-23 << "Access-Control-Allow-Origin: *[\r][\n]"
11:27:21.904 [main] DEBUG org.apache.hc.client5.http.wire -- http-outgoing-23 << "Strict-Transport-Security: max-age=31556952[\r][\n]"
11:27:21.904 [main] DEBUG org.apache.hc.client5.http.wire -- http-outgoing-23 << "ETag: W/"65840ec3-22ac"[\r][\n]"
11:27:21.904 [main] DEBUG org.apache.hc.client5.http.wire -- http-outgoing-23 << "expires: Thu, 21 Dec 2023 10:19:26 GMT[\r][\n]"
11:27:21.904 [main] DEBUG org.apache.hc.client5.http.wire -- http-outgoing-23 << "Cache-Control: max-age=600[\r][\n]"
11:27:21.904 [main] DEBUG org.apache.hc.client5.http.wire -- http-outgoing-23 << "Content-Encoding: gzip[\r][\n]"
11:27:21.904 [main] DEBUG org.apache.hc.client5.http.wire -- http-outgoing-23 << "x-proxy-cache: HIT[\r][\n]"
11:27:21.904 [main] DEBUG org.apache.hc.client5.http.wire -- http-outgoing-23 << "X-GitHub-Request-Id: B6B0:13CF72:40DE00C:4208092:65840FDC[\r][\n]"
11:27:21.904 [main] DEBUG org.apache.hc.client5.http.wire -- http-outgoing-23 << "Accept-Ranges: bytes[\r][\n]"
11:27:21.904 [main] DEBUG org.apache.hc.client5.http.wire -- http-outgoing-23 << "Date: Thu, 21 Dec 2023 10:27:24 GMT[\r][\n]"
11:27:21.904 [main] DEBUG org.apache.hc.client5.http.wire -- http-outgoing-23 << "Via: 1.1 varnish[\r][\n]"
11:27:21.904 [main] DEBUG org.apache.hc.client5.http.wire -- http-outgoing-23 << "Age: 54[\r][\n]"
11:27:21.904 [main] DEBUG org.apache.hc.client5.http.wire -- http-outgoing-23 << "X-Served-By: cache-mad22076-MAD[\r][\n]"
11:27:21.904 [main] DEBUG org.apache.hc.client5.http.wire -- http-outgoing-23 << "X-Cache: HIT[\r][\n]"
11:27:21.904 [main] DEBUG org.apache.hc.client5.http.wire -- http-outgoing-23 << "X-Cache-Hits: 2[\r][\n]"
11:27:21.904 [main] DEBUG org.apache.hc.client5.http.wire -- http-outgoing-23 << "X-Timer: S1703154445.565145,VS0,VE1[\r][\n]"
11:27:21.904 [main] DEBUG org.apache.hc.client5.http.wire -- http-outgoing-23 << "Vary: Accept-Encoding[\r][\n]"
11:27:21.904 [main] DEBUG org.apache.hc.client5.http.wire -- http-outgoing-23 << "X-Fastly-Request-ID: 4c18a59235a50db5cdba4af46633d500cab21160[\r][\n]"
11:27:21.904 [main] DEBUG org.apache.hc.client5.http.wire -- http-outgoing-23 << "[\r][\n]"
11:27:21.904 [main] DEBUG org.apache.hc.client5.http.headers -- http-outgoing-23 << HTTP/1.1 200 OK
11:27:21.904 [main] DEBUG org.apache.hc.client5.http.headers -- http-outgoing-23 << Connection: keep-alive
11:27:21.904 [main] DEBUG org.apache.hc.client5.http.headers -- http-outgoing-23 << Content-Length: 639
11:27:21.904 [main] DEBUG org.apache.hc.client5.http.headers -- http-outgoing-23 << Server: GitHub.com
11:27:21.904 [main] DEBUG org.apache.hc.client5.http.headers -- http-outgoing-23 << Content-Type: application/json; charset=utf-8
11:27:21.904 [main] DEBUG org.apache.hc.client5.http.headers -- http-outgoing-23 << permissions-policy: interest-cohort=()
11:27:21.904 [main] DEBUG org.apache.hc.client5.http.headers -- http-outgoing-23 << x-origin-cache: HIT
11:27:21.904 [main] DEBUG org.apache.hc.client5.http.headers -- http-outgoing-23 << Last-Modified: Thu, 21 Dec 2023 10:09:07 GMT
11:27:21.904 [main] DEBUG org.apache.hc.client5.http.headers -- http-outgoing-23 << Access-Control-Allow-Origin: *
11:27:21.904 [main] DEBUG org.apache.hc.client5.http.headers -- http-outgoing-23 << Strict-Transport-Security: max-age=31556952
11:27:21.904 [main] DEBUG org.apache.hc.client5.http.headers -- http-outgoing-23 << ETag: W/"65840ec3-22ac"
11:27:21.904 [main] DEBUG org.apache.hc.client5.http.headers -- http-outgoing-23 << expires: Thu, 21 Dec 2023 10:19:26 GMT
11:27:21.904 [main] DEBUG org.apache.hc.client5.http.headers -- http-outgoing-23 << Cache-Control: max-age=600
11:27:21.904 [main] DEBUG org.apache.hc.client5.http.headers -- http-outgoing-23 << Content-Encoding: gzip
11:27:21.904 [main] DEBUG org.apache.hc.client5.http.headers -- http-outgoing-23 << x-proxy-cache: HIT
11:27:21.904 [main] DEBUG org.apache.hc.client5.http.headers -- http-outgoing-23 << X-GitHub-Request-Id: B6B0:13CF72:40DE00C:4208092:65840FDC
11:27:21.904 [main] DEBUG org.apache.hc.client5.http.headers -- http-outgoing-23 << Accept-Ranges: bytes
11:27:21.904 [main] DEBUG org.apache.hc.client5.http.headers -- http-outgoing-23 << Date: Thu, 21 Dec 2023 10:27:24 GMT
11:27:21.904 [main] DEBUG org.apache.hc.client5.http.headers -- http-outgoing-23 << Via: 1.1 varnish
11:27:21.904 [main] DEBUG org.apache.hc.client5.http.headers -- http-outgoing-23 << Age: 54
11:27:21.904 [main] DEBUG org.apache.hc.client5.http.headers -- http-outgoing-23 << X-Served-By: cache-mad22076-MAD
11:27:21.904 [main] DEBUG org.apache.hc.client5.http.headers -- http-outgoing-23 << X-Cache: HIT
11:27:21.904 [main] DEBUG org.apache.hc.client5.http.headers -- http-outgoing-23 << X-Cache-Hits: 2
11:27:21.904 [main] DEBUG org.apache.hc.client5.http.headers -- http-outgoing-23 << X-Timer: S1703154445.565145,VS0,VE1
11:27:21.904 [main] DEBUG org.apache.hc.client5.http.headers -- http-outgoing-23 << Vary: Accept-Encoding
11:27:21.904 [main] DEBUG org.apache.hc.client5.http.headers -- http-outgoing-23 << X-Fastly-Request-ID: 4c18a59235a50db5cdba4af46633d500cab21160
11:27:21.904 [main] DEBUG org.apache.hc.client5.http.impl.classic.MainClientExec -- ex-0000000024 connection can be kept alive for 3 MINUTES
11:27:21.904 [main] DEBUG org.apache.hc.client5.http.wire -- http-outgoing-23 << "[0x1f][0xffffff8b][0x8][0x0][0x0][0x0][0x0][0x0][0x0][0x3][0xffffffcd][0xffffff96][0xffffffcb][0xffffff8e][0xffffff9b]0[0x14][0xffffff86][0xfffffff7]}[0xc][0xffffffaf][0xffffffb9][0xffffffd9]D[0x10]XN[0xfffffffb][0x6][0xffffffed][0xffffffaa]U[0x17]np[0x13]$[0x3][0x11]x2m#[0xffffffde][0xffffffbd][0xffffff86][0x18][0xffffff86][0xffffff8b][0xffffffcd][0xffffffac][0xffffffe2][0xffffffc3][0xffffff8a][0xffffffe4]`[0xffffffce][0xfffffff9]A[0xffffff9f][0xffffff8e][0xffffffbe];[0x12]y[0xffffffc1][0x1a]A[0xffffff8b]+J[0x11][0x9]H[0xffffffe8]b[0xffffffe2][0xffffff92][0xffffffe0][0x1b]!ipL[0xf][0xffffff81][0x17][0xffffffc5][0xffffffc7][0xffffffef][0xffffffc8]A[0xffffffa7][0xb]-K[0xffffffc6][0x1b][0xffffff94][0xffffffde][0xffffffd1]WA[0x7f]q[0xffffffd6][0xfffffffd]RU[0xfffffff9][0xffffffa8][0xffffffaa]9[0xffffffe8][0xffffffc6][0xffffffea]&[0xffffffaf]JY[0xffffffc2]$[0xfffffff0][0xffffffe4][0xfffffff3]A[0xffffff92]x8H[0xffffffe4][0xffffffad][0xffffff9a][0xffffffdd][0xfffffff2][0xfffffff1][0x1e][0xffffff8e][0xffffffc3][0xffffff88][0xffffffc8]bV[0xffffffbd][0xffffff95][0xffffffbc][0xffffffa2]Y[0xfffffff3][0xffffffe8]WW[0xffffff85][0xffffffec][0xfffffffc][0xffffffe3][0xffffff8e][0xffffffae][0xffffff9c][0xffffff8a][0xffffffdf]U][0xffffffc8][0xffffffc3]</_[0xffffffff]D[0x7]y[0xfffffff8][0xffffffb5][0xffffffee]f][0xffffff84][0xffffffb8]6[0xffffffa9][0xffffffef][0xffffffb3][0xffffffec][0xffffffcc]2[0xffffffee][0x15][0xffffffcc];[0xffffffdf][0x4][0xfffffff6]NU[0xffffffa1]J[0xfffffffe][0xffffffa3][0xffffff8f][0xffffffba][0xffffffb8][0xffffffb2][0xffffff8d]+[0xffffffe4]K[0xffffffe6][0xffffffe5][0xffffffd9][0xffffff9f][0xffffff87][0xfffffff2]U[0xffffffeb][0xffffffe1][0xffffffa4][0xfffffffa][0xffffffeb][0xfffffffd][0xffffffcb][0xffffffaf][0xffffffa8]uf![\n]"
11:27:21.904 [main] DEBUG org.apache.hc.client5.http.wire -- http-outgoing-23 << "zri]<'[0xffffffc6][0xffffffd8]|8;[0x16]LQ[0xffffff9e][0xfffffff4]=T[0xffffffeb]i[0xc][0xffffffc3][0xfffffff7]x[0xffffffcb][0xffffffcb][0xffffff90]<#B[0xffffffdf]x8[0xffffffd7][0xffffffff]1[0xffffff8c][0x7f][0xffffffce][0x17][0xffffffe8][0x1b]O[0xffffffc6][0xf]o[0xffffffff][0xffffffd3]Qtfu.[0x19][0x7]c[0xfffffff4]1~7[0xffffffa4][0xffffffaa]8[0xfffffffb][0xffffffe0]u[0x12][0x6][0xffffff92]Z[0x15][0x3][0xffffff96][0xffffffdd][0xfffffff7][0x10]+[0xffffff82][0xffffffdd][0xb][0xffffffa3][0x19]gM[0xffffffe3]6[0x17][0xffffffc6]9[0x18][0xffffffca][0xffffff8b][0x1c][0xffffffbb]az[0xffffff99]k[0x1f]p[0xffffffeb]RAR[0xffffffbe][0xffffffcc][0x3][0xffffff8b][0xffffffbb]&[0xffffffcd][0xffffffc8]}[0xffffffdb]:[0xffffffe8][0xffffff85][0x9]:7[0xffffff96][0xffffffbe]2[0xfffffff7][0x15][0xffffffdc]u[0xffffffc7]Q[0xffffffec][0xffffffe1]h[0xffffffa9]+a[0xffffff88][0xffffff83][0x18]BW&[0xffffff99][0x0]me[0xffffff9a][0x2]RV[0xffffff96]9[0xffffffec][0xffffffbb][0xffffffca]4[0xffffff81]}UYL[0xffffff87]7[0x15]3[0xffffff9e][0xfffffff6]Ee[0xb]R[0xfffffffb][0xffffff9e]bF[0xffffffd5][0xffffffae][0xffffffa6][0xffffff98][0xffffff80][0xffffffb5]i)&l[0xfffffff7]")[0x1b]K[0x16][0xffffffce]Q6w.[0xffffff9c][0xffffffa2]l[0xffffffac]`[0x18]C1nd[0x8]A1.[0xffffffe8][0xf][0xfffffffc][0xffffffe4][0xb][0xffffffbb][0xffffffcd][0xfffffff5][0xffffffa4]+[0xffffffcc][0xffffffed][0xffffff84][0xfffffff4][0xffffffad][0xffffff8f][0xfffffff2][0xffffffb2][0xffffff92][0xffffff93](>[0x1c]![0xffffffe4][0xffffffe4]=[0x12][0xffffffa0][0xffffff9b]LB@[0xffffffaa][0xffffffc9]"[0xffffff86]}3[0xffffff99][0x4][0xffffffb0]/&[0xfffffff3][0xffffffe1][0xfffffff0]^b$[0xffffffd3][0xffffffbe][0xffffff96]l[0xfffffff0]i[0xffffffdf]J[0xffffff8c][0xffffff94][0xffffffda][0xffffff95][0x12][0x3][0xffffffab]6[0xffffff9d][0xffffffc4]@[0xffffffec]^[0xffffff94][0xffffffc4][0xffffffbc]Z[0xffffffe1][0xffffff8c]dk[0xffffffd3][0xffffffc2][0x9][0xffffff89]y[0xfffffff1][0xffffffc2][0xfffffff8][0xffffff88]i[0xf]C[0xffffffe8][0xffffff88]i-[0x7f]`#[0xffffff9f]iI[0xffffffeb][0xffffffbf]s!Q5[0xffffff9d][0xffffff93]$[0xffffffb1][0xffffffc6]I[0xffffff92][0xffffffe8][0xffffff80][0xffffffe1][0xffffff9c][0xffffffa4][0xffffff8b][0x4][0xffffffee]$}[0x8]x'[0x19]c@9I[0x1f][0x0][0xffffffca]I[0xffffff86][0xffffffe1]{q[0x12][\r][0xffffff99]PN[0xffffffa2][0xffffffe5][0x13][0xffffffca]I4[0xffffff94]B8[0xffffffc9][0xffffff8a]U[0xfffffffb]N[0xffffffb2]"v_N[0xffffffa2][[0xffffffad][0xffffffd0]N[0xffffffa2][0xffffffdf][0xffffffb4][0xffffffd0]N[0xffffffa2][[0xffffffbc][0xffffff90]N[0xffffffb2][0xffffffde][0xffffffc3]pN[0xffffffb2]^[0xffffffcb][0xffffff9b]N[0xffffffd2][0xffffffb6][0xffffff9f][0xfffffffe][0x3][0x1f][0x19][0xb]V[0xffffffac]"[0x0][0x0]"
11:27:21.906 [main] DEBUG org.apache.hc.client5.http.impl.classic.InternalHttpClient -- ep-0000000024 releasing valid endpoint
11:27:21.906 [main] DEBUG org.apache.hc.client5.http.impl.io.PoolingHttpClientConnectionManager -- ep-0000000024 releasing endpoint
11:27:21.906 [main] DEBUG org.apache.hc.client5.http.impl.io.PoolingHttpClientConnectionManager -- ep-0000000024 connection http-outgoing-23 can be kept alive for 3 MINUTES
11:27:21.906 [main] DEBUG org.apache.hc.client5.http.impl.io.PoolingHttpClientConnectionManager -- ep-0000000024 connection released [route: {s}->https://googlechromelabs.github.io:443][total available: 2; route allocated: 2 of 5; total allocated: 3 of 25]
11:27:21.912 [main] DEBUG io.github.bonigarcia.wdm.WebDriverManager -- Driver chromedriver 120.0.6099.109 found in cache
11:27:21.913 [main] INFO io.github.bonigarcia.wdm.WebDriverManager -- Exporting webdriver.chrome.driver as C:\Users\info\.cache\selenium\chromedriver\win64\120.0.6099.109\chromedriver.exe
Inside Step - browser is open
  Given the browser is open                                            # com.sdetadda.allure.RegistreSteps.the_browser_is_open()
Inside Step - the user is on the website
  And the user is on the website                                       # com.sdetadda.allure.RegistreSteps.the_user_is_on_the_website()
Inside Step - the user navigates to the registration page
  When the user navigates to the registration page                     # com.sdetadda.allure.RegistreSteps.the_user_navigates_to_the_registration_page()
  And the user enters their first name and last name                   # com.sdetadda.allure.RegistreSteps.the_user_enters_their_first_name_and_last_name()
  And the user enters their email, password, and confirms the password # com.sdetadda.allure.RegistreSteps.the_user_enters_their_email_password_and_confirms_the_password()
  And the user clicks on the create account button                     # com.sdetadda.allure.RegistreSteps.the_user_clicks_on_the_create_account_button()
  Then the user is navigated to the home page                          # com.sdetadda.allure.RegistreSteps.the_user_is_navigated_to_the_home_page()
]]></system-out>
    <system-err><![CDATA[déc. 21, 2023 11:27:39 AM org.openqa.selenium.remote.http.WebSocket$Listener onError
WARNING: Connection reset
java.net.SocketException: Connection reset
	at java.base/sun.nio.ch.SocketChannelImpl.throwConnectionReset(SocketChannelImpl.java:401)
	at java.base/sun.nio.ch.SocketChannelImpl.read(SocketChannelImpl.java:434)
	at java.net.http/jdk.internal.net.http.SocketTube.readAvailable(SocketTube.java:1178)
	at java.net.http/jdk.internal.net.http.SocketTube$InternalReadPublisher$InternalReadSubscription.read(SocketTube.java:841)
	at java.net.http/jdk.internal.net.http.SocketTube$SocketFlowTask.run(SocketTube.java:181)
	at java.net.http/jdk.internal.net.http.common.SequentialScheduler$SchedulableTask.run(SequentialScheduler.java:207)
	at java.net.http/jdk.internal.net.http.common.SequentialScheduler.runOrSchedule(SequentialScheduler.java:280)
	at java.net.http/jdk.internal.net.http.common.SequentialScheduler.runOrSchedule(SequentialScheduler.java:233)
	at java.net.http/jdk.internal.net.http.SocketTube$InternalReadPublisher$InternalReadSubscription.signalReadable(SocketTube.java:782)
	at java.net.http/jdk.internal.net.http.SocketTube$InternalReadPublisher$ReadEvent.signalEvent(SocketTube.java:965)
	at java.net.http/jdk.internal.net.http.SocketTube$SocketFlowEvent.handle(SocketTube.java:253)
	at java.net.http/jdk.internal.net.http.HttpClientImpl$SelectorManager.handleEvent(HttpClientImpl.java:1467)
	at java.net.http/jdk.internal.net.http.HttpClientImpl$SelectorManager.lambda$run$3(HttpClientImpl.java:1412)
	at java.base/java.util.ArrayList.forEach(ArrayList.java:1596)
	at java.net.http/jdk.internal.net.http.HttpClientImpl$SelectorManager.run(HttpClientImpl.java:1412)

]]></system-err>
  </testcase>
</testsuite>